[2025-11-12T02:51:00.396+0000] {processor.py:186} INFO - Started process (PID=108) to work on /home/airflow/.local/lib/python3.12/site-packages/airflow/example_dags/example_sensor_decorator.py
[2025-11-12T02:51:00.398+0000] {processor.py:914} INFO - Processing file /home/airflow/.local/lib/python3.12/site-packages/airflow/example_dags/example_sensor_decorator.py for tasks to queue
[2025-11-12T02:51:00.403+0000] {logging_mixin.py:190} INFO - [2025-11-12T02:51:00.402+0000] {dagbag.py:588} INFO - Filling up the DagBag from /home/airflow/.local/lib/python3.12/site-packages/airflow/example_dags/example_sensor_decorator.py
[2025-11-12T02:51:00.417+0000] {processor.py:925} INFO - DAG(s) 'example_sensor_decorator' retrieved from /home/airflow/.local/lib/python3.12/site-packages/airflow/example_dags/example_sensor_decorator.py
[2025-11-12T02:51:00.566+0000] {logging_mixin.py:190} INFO - [2025-11-12T02:51:00.565+0000] {override.py:1900} INFO - Created Permission View: can read on DAG:example_sensor_decorator
[2025-11-12T02:51:00.580+0000] {logging_mixin.py:190} INFO - [2025-11-12T02:51:00.580+0000] {override.py:1900} INFO - Created Permission View: can edit on DAG:example_sensor_decorator
[2025-11-12T02:51:00.588+0000] {logging_mixin.py:190} INFO - [2025-11-12T02:51:00.587+0000] {override.py:1900} INFO - Created Permission View: can delete on DAG:example_sensor_decorator
[2025-11-12T02:51:00.597+0000] {logging_mixin.py:190} INFO - [2025-11-12T02:51:00.597+0000] {override.py:1900} INFO - Created Permission View: can read on DAG Run:example_sensor_decorator
[2025-11-12T02:51:00.604+0000] {logging_mixin.py:190} INFO - [2025-11-12T02:51:00.604+0000] {override.py:1900} INFO - Created Permission View: menu access on DAG Run:example_sensor_decorator
[2025-11-12T02:51:00.612+0000] {logging_mixin.py:190} INFO - [2025-11-12T02:51:00.611+0000] {override.py:1900} INFO - Created Permission View: can create on DAG Run:example_sensor_decorator
[2025-11-12T02:51:00.620+0000] {logging_mixin.py:190} INFO - [2025-11-12T02:51:00.620+0000] {override.py:1900} INFO - Created Permission View: can delete on DAG Run:example_sensor_decorator
[2025-11-12T02:51:00.621+0000] {logging_mixin.py:190} INFO - [2025-11-12T02:51:00.621+0000] {dag.py:3239} INFO - Sync 1 DAGs
[2025-11-12T02:51:00.640+0000] {logging_mixin.py:190} INFO - [2025-11-12T02:51:00.640+0000] {dag.py:3262} INFO - Creating ORM DAG for example_sensor_decorator
[2025-11-12T02:51:00.642+0000] {logging_mixin.py:190} INFO - [2025-11-12T02:51:00.641+0000] {dag.py:4180} INFO - Setting next_dagrun for example_sensor_decorator to None, run_after=None
[2025-11-12T02:51:00.662+0000] {processor.py:208} INFO - Processing /home/airflow/.local/lib/python3.12/site-packages/airflow/example_dags/example_sensor_decorator.py took 0.275 seconds
[2025-11-12T02:51:30.914+0000] {processor.py:186} INFO - Started process (PID=170) to work on /home/airflow/.local/lib/python3.12/site-packages/airflow/example_dags/example_sensor_decorator.py
[2025-11-12T02:51:30.916+0000] {processor.py:914} INFO - Processing file /home/airflow/.local/lib/python3.12/site-packages/airflow/example_dags/example_sensor_decorator.py for tasks to queue
[2025-11-12T02:51:30.923+0000] {logging_mixin.py:190} INFO - [2025-11-12T02:51:30.922+0000] {dagbag.py:588} INFO - Filling up the DagBag from /home/airflow/.local/lib/python3.12/site-packages/airflow/example_dags/example_sensor_decorator.py
[2025-11-12T02:51:30.940+0000] {processor.py:925} INFO - DAG(s) 'example_sensor_decorator' retrieved from /home/airflow/.local/lib/python3.12/site-packages/airflow/example_dags/example_sensor_decorator.py
[2025-11-12T02:51:30.987+0000] {logging_mixin.py:190} INFO - [2025-11-12T02:51:30.986+0000] {dag.py:3239} INFO - Sync 1 DAGs
[2025-11-12T02:51:31.026+0000] {logging_mixin.py:190} INFO - [2025-11-12T02:51:31.026+0000] {dag.py:4180} INFO - Setting next_dagrun for example_sensor_decorator to None, run_after=None
[2025-11-12T02:51:31.076+0000] {processor.py:208} INFO - Processing /home/airflow/.local/lib/python3.12/site-packages/airflow/example_dags/example_sensor_decorator.py took 0.175 seconds
[2025-11-12T02:52:01.598+0000] {processor.py:186} INFO - Started process (PID=233) to work on /home/airflow/.local/lib/python3.12/site-packages/airflow/example_dags/example_sensor_decorator.py
[2025-11-12T02:52:01.600+0000] {processor.py:914} INFO - Processing file /home/airflow/.local/lib/python3.12/site-packages/airflow/example_dags/example_sensor_decorator.py for tasks to queue
[2025-11-12T02:52:01.605+0000] {logging_mixin.py:190} INFO - [2025-11-12T02:52:01.605+0000] {dagbag.py:588} INFO - Filling up the DagBag from /home/airflow/.local/lib/python3.12/site-packages/airflow/example_dags/example_sensor_decorator.py
[2025-11-12T02:52:01.618+0000] {processor.py:925} INFO - DAG(s) 'example_sensor_decorator' retrieved from /home/airflow/.local/lib/python3.12/site-packages/airflow/example_dags/example_sensor_decorator.py
[2025-11-12T02:52:01.648+0000] {logging_mixin.py:190} INFO - [2025-11-12T02:52:01.648+0000] {dag.py:3239} INFO - Sync 1 DAGs
[2025-11-12T02:52:01.668+0000] {logging_mixin.py:190} INFO - [2025-11-12T02:52:01.667+0000] {dag.py:4180} INFO - Setting next_dagrun for example_sensor_decorator to None, run_after=None
[2025-11-12T02:52:01.698+0000] {processor.py:208} INFO - Processing /home/airflow/.local/lib/python3.12/site-packages/airflow/example_dags/example_sensor_decorator.py took 0.108 seconds
