[2025-11-12T02:50:57.439+0000] {processor.py:186} INFO - Started process (PID=92) to work on /home/airflow/.local/lib/python3.12/site-packages/airflow/example_dags/example_branch_datetime_operator.py
[2025-11-12T02:50:57.441+0000] {processor.py:914} INFO - Processing file /home/airflow/.local/lib/python3.12/site-packages/airflow/example_dags/example_branch_datetime_operator.py for tasks to queue
[2025-11-12T02:50:57.444+0000] {logging_mixin.py:190} INFO - [2025-11-12T02:50:57.444+0000] {dagbag.py:588} INFO - Filling up the DagBag from /home/airflow/.local/lib/python3.12/site-packages/airflow/example_dags/example_branch_datetime_operator.py
[2025-11-12T02:50:57.463+0000] {processor.py:925} INFO - DAG(s) 'example_branch_datetime_operator_3', 'example_branch_datetime_operator', 'example_branch_datetime_operator_2' retrieved from /home/airflow/.local/lib/python3.12/site-packages/airflow/example_dags/example_branch_datetime_operator.py
[2025-11-12T02:50:57.610+0000] {logging_mixin.py:190} INFO - [2025-11-12T02:50:57.609+0000] {override.py:1900} INFO - Created Permission View: can read on DAG:example_branch_datetime_operator_3
[2025-11-12T02:50:57.622+0000] {logging_mixin.py:190} INFO - [2025-11-12T02:50:57.622+0000] {override.py:1900} INFO - Created Permission View: can edit on DAG:example_branch_datetime_operator_3
[2025-11-12T02:50:57.630+0000] {logging_mixin.py:190} INFO - [2025-11-12T02:50:57.629+0000] {override.py:1900} INFO - Created Permission View: can delete on DAG:example_branch_datetime_operator_3
[2025-11-12T02:50:57.639+0000] {logging_mixin.py:190} INFO - [2025-11-12T02:50:57.639+0000] {override.py:1900} INFO - Created Permission View: can read on DAG Run:example_branch_datetime_operator_3
[2025-11-12T02:50:57.649+0000] {logging_mixin.py:190} INFO - [2025-11-12T02:50:57.649+0000] {override.py:1900} INFO - Created Permission View: menu access on DAG Run:example_branch_datetime_operator_3
[2025-11-12T02:50:57.663+0000] {logging_mixin.py:190} INFO - [2025-11-12T02:50:57.663+0000] {override.py:1900} INFO - Created Permission View: can create on DAG Run:example_branch_datetime_operator_3
[2025-11-12T02:50:57.675+0000] {logging_mixin.py:190} INFO - [2025-11-12T02:50:57.674+0000] {override.py:1900} INFO - Created Permission View: can delete on DAG Run:example_branch_datetime_operator_3
[2025-11-12T02:50:57.692+0000] {logging_mixin.py:190} INFO - [2025-11-12T02:50:57.692+0000] {override.py:1900} INFO - Created Permission View: can read on DAG:example_branch_datetime_operator
[2025-11-12T02:50:57.700+0000] {logging_mixin.py:190} INFO - [2025-11-12T02:50:57.700+0000] {override.py:1900} INFO - Created Permission View: can edit on DAG:example_branch_datetime_operator
[2025-11-12T02:50:57.708+0000] {logging_mixin.py:190} INFO - [2025-11-12T02:50:57.707+0000] {override.py:1900} INFO - Created Permission View: can delete on DAG:example_branch_datetime_operator
[2025-11-12T02:50:57.718+0000] {logging_mixin.py:190} INFO - [2025-11-12T02:50:57.717+0000] {override.py:1900} INFO - Created Permission View: can read on DAG Run:example_branch_datetime_operator
[2025-11-12T02:50:57.725+0000] {logging_mixin.py:190} INFO - [2025-11-12T02:50:57.725+0000] {override.py:1900} INFO - Created Permission View: menu access on DAG Run:example_branch_datetime_operator
[2025-11-12T02:50:57.733+0000] {logging_mixin.py:190} INFO - [2025-11-12T02:50:57.733+0000] {override.py:1900} INFO - Created Permission View: can create on DAG Run:example_branch_datetime_operator
[2025-11-12T02:50:57.741+0000] {logging_mixin.py:190} INFO - [2025-11-12T02:50:57.740+0000] {override.py:1900} INFO - Created Permission View: can delete on DAG Run:example_branch_datetime_operator
[2025-11-12T02:50:57.755+0000] {logging_mixin.py:190} INFO - [2025-11-12T02:50:57.755+0000] {override.py:1900} INFO - Created Permission View: can read on DAG:example_branch_datetime_operator_2
[2025-11-12T02:50:57.763+0000] {logging_mixin.py:190} INFO - [2025-11-12T02:50:57.763+0000] {override.py:1900} INFO - Created Permission View: can edit on DAG:example_branch_datetime_operator_2
[2025-11-12T02:50:57.770+0000] {logging_mixin.py:190} INFO - [2025-11-12T02:50:57.769+0000] {override.py:1900} INFO - Created Permission View: can delete on DAG:example_branch_datetime_operator_2
[2025-11-12T02:50:57.778+0000] {logging_mixin.py:190} INFO - [2025-11-12T02:50:57.777+0000] {override.py:1900} INFO - Created Permission View: can read on DAG Run:example_branch_datetime_operator_2
[2025-11-12T02:50:57.785+0000] {logging_mixin.py:190} INFO - [2025-11-12T02:50:57.785+0000] {override.py:1900} INFO - Created Permission View: menu access on DAG Run:example_branch_datetime_operator_2
[2025-11-12T02:50:57.792+0000] {logging_mixin.py:190} INFO - [2025-11-12T02:50:57.792+0000] {override.py:1900} INFO - Created Permission View: can create on DAG Run:example_branch_datetime_operator_2
[2025-11-12T02:50:57.800+0000] {logging_mixin.py:190} INFO - [2025-11-12T02:50:57.799+0000] {override.py:1900} INFO - Created Permission View: can delete on DAG Run:example_branch_datetime_operator_2
[2025-11-12T02:50:57.801+0000] {logging_mixin.py:190} INFO - [2025-11-12T02:50:57.800+0000] {dag.py:3239} INFO - Sync 3 DAGs
[2025-11-12T02:50:57.818+0000] {logging_mixin.py:190} INFO - [2025-11-12T02:50:57.817+0000] {dag.py:3262} INFO - Creating ORM DAG for example_branch_datetime_operator_2
[2025-11-12T02:50:57.819+0000] {logging_mixin.py:190} INFO - [2025-11-12T02:50:57.819+0000] {dag.py:3262} INFO - Creating ORM DAG for example_branch_datetime_operator
[2025-11-12T02:50:57.820+0000] {logging_mixin.py:190} INFO - [2025-11-12T02:50:57.819+0000] {dag.py:3262} INFO - Creating ORM DAG for example_branch_datetime_operator_3
[2025-11-12T02:50:57.833+0000] {logging_mixin.py:190} INFO - [2025-11-12T02:50:57.833+0000] {dag.py:4180} INFO - Setting next_dagrun for example_branch_datetime_operator to 2025-11-11 00:00:00+00:00, run_after=2025-11-12 00:00:00+00:00
[2025-11-12T02:50:57.835+0000] {logging_mixin.py:190} INFO - [2025-11-12T02:50:57.835+0000] {dag.py:4180} INFO - Setting next_dagrun for example_branch_datetime_operator_2 to 2025-11-11 00:00:00+00:00, run_after=2025-11-12 00:00:00+00:00
[2025-11-12T02:50:57.838+0000] {logging_mixin.py:190} INFO - [2025-11-12T02:50:57.838+0000] {dag.py:4180} INFO - Setting next_dagrun for example_branch_datetime_operator_3 to 2025-11-11 00:00:00+00:00, run_after=2025-11-12 00:00:00+00:00
[2025-11-12T02:50:57.862+0000] {processor.py:208} INFO - Processing /home/airflow/.local/lib/python3.12/site-packages/airflow/example_dags/example_branch_datetime_operator.py took 0.432 seconds
[2025-11-12T02:51:28.322+0000] {processor.py:186} INFO - Started process (PID=154) to work on /home/airflow/.local/lib/python3.12/site-packages/airflow/example_dags/example_branch_datetime_operator.py
[2025-11-12T02:51:28.324+0000] {processor.py:914} INFO - Processing file /home/airflow/.local/lib/python3.12/site-packages/airflow/example_dags/example_branch_datetime_operator.py for tasks to queue
[2025-11-12T02:51:28.329+0000] {logging_mixin.py:190} INFO - [2025-11-12T02:51:28.328+0000] {dagbag.py:588} INFO - Filling up the DagBag from /home/airflow/.local/lib/python3.12/site-packages/airflow/example_dags/example_branch_datetime_operator.py
[2025-11-12T02:51:28.350+0000] {processor.py:925} INFO - DAG(s) 'example_branch_datetime_operator_3', 'example_branch_datetime_operator', 'example_branch_datetime_operator_2' retrieved from /home/airflow/.local/lib/python3.12/site-packages/airflow/example_dags/example_branch_datetime_operator.py
[2025-11-12T02:51:28.404+0000] {logging_mixin.py:190} INFO - [2025-11-12T02:51:28.404+0000] {dag.py:3239} INFO - Sync 3 DAGs
[2025-11-12T02:51:28.456+0000] {logging_mixin.py:190} INFO - [2025-11-12T02:51:28.456+0000] {dag.py:4180} INFO - Setting next_dagrun for example_branch_datetime_operator to 2025-11-11 00:00:00+00:00, run_after=2025-11-12 00:00:00+00:00
[2025-11-12T02:51:28.465+0000] {logging_mixin.py:190} INFO - [2025-11-12T02:51:28.464+0000] {dag.py:4180} INFO - Setting next_dagrun for example_branch_datetime_operator_2 to 2025-11-11 00:00:00+00:00, run_after=2025-11-12 00:00:00+00:00
[2025-11-12T02:51:28.469+0000] {logging_mixin.py:190} INFO - [2025-11-12T02:51:28.469+0000] {dag.py:4180} INFO - Setting next_dagrun for example_branch_datetime_operator_3 to 2025-11-11 00:00:00+00:00, run_after=2025-11-12 00:00:00+00:00
[2025-11-12T02:51:28.500+0000] {processor.py:208} INFO - Processing /home/airflow/.local/lib/python3.12/site-packages/airflow/example_dags/example_branch_datetime_operator.py took 0.191 seconds
[2025-11-12T02:51:58.600+0000] {processor.py:186} INFO - Started process (PID=216) to work on /home/airflow/.local/lib/python3.12/site-packages/airflow/example_dags/example_branch_datetime_operator.py
[2025-11-12T02:51:58.602+0000] {processor.py:914} INFO - Processing file /home/airflow/.local/lib/python3.12/site-packages/airflow/example_dags/example_branch_datetime_operator.py for tasks to queue
[2025-11-12T02:51:58.608+0000] {logging_mixin.py:190} INFO - [2025-11-12T02:51:58.608+0000] {dagbag.py:588} INFO - Filling up the DagBag from /home/airflow/.local/lib/python3.12/site-packages/airflow/example_dags/example_branch_datetime_operator.py
[2025-11-12T02:51:58.628+0000] {processor.py:925} INFO - DAG(s) 'example_branch_datetime_operator_3', 'example_branch_datetime_operator_2', 'example_branch_datetime_operator' retrieved from /home/airflow/.local/lib/python3.12/site-packages/airflow/example_dags/example_branch_datetime_operator.py
[2025-11-12T02:51:58.668+0000] {logging_mixin.py:190} INFO - [2025-11-12T02:51:58.668+0000] {dag.py:3239} INFO - Sync 3 DAGs
[2025-11-12T02:51:58.713+0000] {logging_mixin.py:190} INFO - [2025-11-12T02:51:58.712+0000] {dag.py:4180} INFO - Setting next_dagrun for example_branch_datetime_operator to 2025-11-11 00:00:00+00:00, run_after=2025-11-12 00:00:00+00:00
[2025-11-12T02:51:58.723+0000] {logging_mixin.py:190} INFO - [2025-11-12T02:51:58.723+0000] {dag.py:4180} INFO - Setting next_dagrun for example_branch_datetime_operator_2 to 2025-11-11 00:00:00+00:00, run_after=2025-11-12 00:00:00+00:00
[2025-11-12T02:51:58.727+0000] {logging_mixin.py:190} INFO - [2025-11-12T02:51:58.727+0000] {dag.py:4180} INFO - Setting next_dagrun for example_branch_datetime_operator_3 to 2025-11-11 00:00:00+00:00, run_after=2025-11-12 00:00:00+00:00
[2025-11-12T02:51:58.756+0000] {processor.py:208} INFO - Processing /home/airflow/.local/lib/python3.12/site-packages/airflow/example_dags/example_branch_datetime_operator.py took 0.170 seconds
