[2025-11-12T02:50:58.984+0000] {processor.py:186} INFO - Started process (PID=100) to work on /home/airflow/.local/lib/python3.12/site-packages/airflow/example_dags/example_setup_teardown_taskflow.py
[2025-11-12T02:50:58.986+0000] {processor.py:914} INFO - Processing file /home/airflow/.local/lib/python3.12/site-packages/airflow/example_dags/example_setup_teardown_taskflow.py for tasks to queue
[2025-11-12T02:50:58.990+0000] {logging_mixin.py:190} INFO - [2025-11-12T02:50:58.989+0000] {dagbag.py:588} INFO - Filling up the DagBag from /home/airflow/.local/lib/python3.12/site-packages/airflow/example_dags/example_setup_teardown_taskflow.py
[2025-11-12T02:50:59.008+0000] {processor.py:925} INFO - DAG(s) 'example_setup_teardown_taskflow' retrieved from /home/airflow/.local/lib/python3.12/site-packages/airflow/example_dags/example_setup_teardown_taskflow.py
[2025-11-12T02:50:59.163+0000] {logging_mixin.py:190} INFO - [2025-11-12T02:50:59.162+0000] {override.py:1900} INFO - Created Permission View: can read on DAG:example_setup_teardown_taskflow
[2025-11-12T02:50:59.175+0000] {logging_mixin.py:190} INFO - [2025-11-12T02:50:59.174+0000] {override.py:1900} INFO - Created Permission View: can edit on DAG:example_setup_teardown_taskflow
[2025-11-12T02:50:59.183+0000] {logging_mixin.py:190} INFO - [2025-11-12T02:50:59.183+0000] {override.py:1900} INFO - Created Permission View: can delete on DAG:example_setup_teardown_taskflow
[2025-11-12T02:50:59.195+0000] {logging_mixin.py:190} INFO - [2025-11-12T02:50:59.195+0000] {override.py:1900} INFO - Created Permission View: can read on DAG Run:example_setup_teardown_taskflow
[2025-11-12T02:50:59.208+0000] {logging_mixin.py:190} INFO - [2025-11-12T02:50:59.208+0000] {override.py:1900} INFO - Created Permission View: menu access on DAG Run:example_setup_teardown_taskflow
[2025-11-12T02:50:59.216+0000] {logging_mixin.py:190} INFO - [2025-11-12T02:50:59.216+0000] {override.py:1900} INFO - Created Permission View: can create on DAG Run:example_setup_teardown_taskflow
[2025-11-12T02:50:59.224+0000] {logging_mixin.py:190} INFO - [2025-11-12T02:50:59.223+0000] {override.py:1900} INFO - Created Permission View: can delete on DAG Run:example_setup_teardown_taskflow
[2025-11-12T02:50:59.224+0000] {logging_mixin.py:190} INFO - [2025-11-12T02:50:59.224+0000] {dag.py:3239} INFO - Sync 1 DAGs
[2025-11-12T02:50:59.241+0000] {logging_mixin.py:190} INFO - [2025-11-12T02:50:59.240+0000] {dag.py:3262} INFO - Creating ORM DAG for example_setup_teardown_taskflow
[2025-11-12T02:50:59.242+0000] {logging_mixin.py:190} INFO - [2025-11-12T02:50:59.242+0000] {dag.py:4180} INFO - Setting next_dagrun for example_setup_teardown_taskflow to None, run_after=None
[2025-11-12T02:50:59.260+0000] {processor.py:208} INFO - Processing /home/airflow/.local/lib/python3.12/site-packages/airflow/example_dags/example_setup_teardown_taskflow.py took 0.284 seconds
[2025-11-12T02:51:29.371+0000] {processor.py:186} INFO - Started process (PID=162) to work on /home/airflow/.local/lib/python3.12/site-packages/airflow/example_dags/example_setup_teardown_taskflow.py
[2025-11-12T02:51:29.373+0000] {processor.py:914} INFO - Processing file /home/airflow/.local/lib/python3.12/site-packages/airflow/example_dags/example_setup_teardown_taskflow.py for tasks to queue
[2025-11-12T02:51:29.378+0000] {logging_mixin.py:190} INFO - [2025-11-12T02:51:29.377+0000] {dagbag.py:588} INFO - Filling up the DagBag from /home/airflow/.local/lib/python3.12/site-packages/airflow/example_dags/example_setup_teardown_taskflow.py
[2025-11-12T02:51:29.398+0000] {processor.py:925} INFO - DAG(s) 'example_setup_teardown_taskflow' retrieved from /home/airflow/.local/lib/python3.12/site-packages/airflow/example_dags/example_setup_teardown_taskflow.py
[2025-11-12T02:51:29.438+0000] {logging_mixin.py:190} INFO - [2025-11-12T02:51:29.438+0000] {dag.py:3239} INFO - Sync 1 DAGs
[2025-11-12T02:51:29.463+0000] {logging_mixin.py:190} INFO - [2025-11-12T02:51:29.463+0000] {dag.py:4180} INFO - Setting next_dagrun for example_setup_teardown_taskflow to None, run_after=None
[2025-11-12T02:51:29.497+0000] {processor.py:208} INFO - Processing /home/airflow/.local/lib/python3.12/site-packages/airflow/example_dags/example_setup_teardown_taskflow.py took 0.141 seconds
[2025-11-12T02:51:59.878+0000] {processor.py:186} INFO - Started process (PID=225) to work on /home/airflow/.local/lib/python3.12/site-packages/airflow/example_dags/example_setup_teardown_taskflow.py
[2025-11-12T02:51:59.880+0000] {processor.py:914} INFO - Processing file /home/airflow/.local/lib/python3.12/site-packages/airflow/example_dags/example_setup_teardown_taskflow.py for tasks to queue
[2025-11-12T02:51:59.886+0000] {logging_mixin.py:190} INFO - [2025-11-12T02:51:59.886+0000] {dagbag.py:588} INFO - Filling up the DagBag from /home/airflow/.local/lib/python3.12/site-packages/airflow/example_dags/example_setup_teardown_taskflow.py
[2025-11-12T02:51:59.910+0000] {processor.py:925} INFO - DAG(s) 'example_setup_teardown_taskflow' retrieved from /home/airflow/.local/lib/python3.12/site-packages/airflow/example_dags/example_setup_teardown_taskflow.py
[2025-11-12T02:51:59.964+0000] {logging_mixin.py:190} INFO - [2025-11-12T02:51:59.964+0000] {dag.py:3239} INFO - Sync 1 DAGs
[2025-11-12T02:51:59.983+0000] {logging_mixin.py:190} INFO - [2025-11-12T02:51:59.983+0000] {dag.py:4180} INFO - Setting next_dagrun for example_setup_teardown_taskflow to None, run_after=None
[2025-11-12T02:52:00.005+0000] {processor.py:208} INFO - Processing /home/airflow/.local/lib/python3.12/site-packages/airflow/example_dags/example_setup_teardown_taskflow.py took 0.141 seconds
