[2025-11-12T02:51:00.528+0000] {processor.py:186} INFO - Started process (PID=109) to work on /home/airflow/.local/lib/python3.12/site-packages/airflow/example_dags/example_branch_operator_decorator.py
[2025-11-12T02:51:00.529+0000] {processor.py:914} INFO - Processing file /home/airflow/.local/lib/python3.12/site-packages/airflow/example_dags/example_branch_operator_decorator.py for tasks to queue
[2025-11-12T02:51:00.533+0000] {logging_mixin.py:190} INFO - [2025-11-12T02:51:00.533+0000] {dagbag.py:588} INFO - Filling up the DagBag from /home/airflow/.local/lib/python3.12/site-packages/airflow/example_dags/example_branch_operator_decorator.py
[2025-11-12T02:51:00.563+0000] {processor.py:925} INFO - DAG(s) 'example_branch_python_operator_decorator' retrieved from /home/airflow/.local/lib/python3.12/site-packages/airflow/example_dags/example_branch_operator_decorator.py
[2025-11-12T02:51:00.746+0000] {logging_mixin.py:190} INFO - [2025-11-12T02:51:00.745+0000] {override.py:1900} INFO - Created Permission View: can read on DAG:example_branch_python_operator_decorator
[2025-11-12T02:51:00.763+0000] {logging_mixin.py:190} INFO - [2025-11-12T02:51:00.763+0000] {override.py:1900} INFO - Created Permission View: can edit on DAG:example_branch_python_operator_decorator
[2025-11-12T02:51:00.771+0000] {logging_mixin.py:190} INFO - [2025-11-12T02:51:00.770+0000] {override.py:1900} INFO - Created Permission View: can delete on DAG:example_branch_python_operator_decorator
[2025-11-12T02:51:00.782+0000] {logging_mixin.py:190} INFO - [2025-11-12T02:51:00.781+0000] {override.py:1900} INFO - Created Permission View: can read on DAG Run:example_branch_python_operator_decorator
[2025-11-12T02:51:00.792+0000] {logging_mixin.py:190} INFO - [2025-11-12T02:51:00.791+0000] {override.py:1900} INFO - Created Permission View: menu access on DAG Run:example_branch_python_operator_decorator
[2025-11-12T02:51:00.803+0000] {logging_mixin.py:190} INFO - [2025-11-12T02:51:00.802+0000] {override.py:1900} INFO - Created Permission View: can create on DAG Run:example_branch_python_operator_decorator
[2025-11-12T02:51:00.812+0000] {logging_mixin.py:190} INFO - [2025-11-12T02:51:00.812+0000] {override.py:1900} INFO - Created Permission View: can delete on DAG Run:example_branch_python_operator_decorator
[2025-11-12T02:51:00.813+0000] {logging_mixin.py:190} INFO - [2025-11-12T02:51:00.813+0000] {dag.py:3239} INFO - Sync 1 DAGs
[2025-11-12T02:51:00.833+0000] {logging_mixin.py:190} INFO - [2025-11-12T02:51:00.832+0000] {dag.py:3262} INFO - Creating ORM DAG for example_branch_python_operator_decorator
[2025-11-12T02:51:00.865+0000] {logging_mixin.py:190} INFO - [2025-11-12T02:51:00.864+0000] {dag.py:4180} INFO - Setting next_dagrun for example_branch_python_operator_decorator to 2025-11-11 00:00:00+00:00, run_after=2025-11-12 00:00:00+00:00
[2025-11-12T02:51:00.910+0000] {processor.py:208} INFO - Processing /home/airflow/.local/lib/python3.12/site-packages/airflow/example_dags/example_branch_operator_decorator.py took 0.392 seconds
[2025-11-12T02:51:31.105+0000] {processor.py:186} INFO - Started process (PID=171) to work on /home/airflow/.local/lib/python3.12/site-packages/airflow/example_dags/example_branch_operator_decorator.py
[2025-11-12T02:51:31.108+0000] {processor.py:914} INFO - Processing file /home/airflow/.local/lib/python3.12/site-packages/airflow/example_dags/example_branch_operator_decorator.py for tasks to queue
[2025-11-12T02:51:31.113+0000] {logging_mixin.py:190} INFO - [2025-11-12T02:51:31.113+0000] {dagbag.py:588} INFO - Filling up the DagBag from /home/airflow/.local/lib/python3.12/site-packages/airflow/example_dags/example_branch_operator_decorator.py
[2025-11-12T02:51:31.175+0000] {processor.py:925} INFO - DAG(s) 'example_branch_python_operator_decorator' retrieved from /home/airflow/.local/lib/python3.12/site-packages/airflow/example_dags/example_branch_operator_decorator.py
[2025-11-12T02:51:31.246+0000] {logging_mixin.py:190} INFO - [2025-11-12T02:51:31.245+0000] {dag.py:3239} INFO - Sync 1 DAGs
[2025-11-12T02:51:31.310+0000] {logging_mixin.py:190} INFO - [2025-11-12T02:51:31.308+0000] {dag.py:4180} INFO - Setting next_dagrun for example_branch_python_operator_decorator to 2025-11-11 00:00:00+00:00, run_after=2025-11-12 00:00:00+00:00
[2025-11-12T02:51:31.361+0000] {processor.py:208} INFO - Processing /home/airflow/.local/lib/python3.12/site-packages/airflow/example_dags/example_branch_operator_decorator.py took 0.276 seconds
[2025-11-12T02:52:01.762+0000] {processor.py:186} INFO - Started process (PID=234) to work on /home/airflow/.local/lib/python3.12/site-packages/airflow/example_dags/example_branch_operator_decorator.py
[2025-11-12T02:52:01.764+0000] {processor.py:914} INFO - Processing file /home/airflow/.local/lib/python3.12/site-packages/airflow/example_dags/example_branch_operator_decorator.py for tasks to queue
[2025-11-12T02:52:01.767+0000] {logging_mixin.py:190} INFO - [2025-11-12T02:52:01.767+0000] {dagbag.py:588} INFO - Filling up the DagBag from /home/airflow/.local/lib/python3.12/site-packages/airflow/example_dags/example_branch_operator_decorator.py
[2025-11-12T02:52:01.793+0000] {processor.py:925} INFO - DAG(s) 'example_branch_python_operator_decorator' retrieved from /home/airflow/.local/lib/python3.12/site-packages/airflow/example_dags/example_branch_operator_decorator.py
[2025-11-12T02:52:01.831+0000] {logging_mixin.py:190} INFO - [2025-11-12T02:52:01.831+0000] {dag.py:3239} INFO - Sync 1 DAGs
[2025-11-12T02:52:01.866+0000] {logging_mixin.py:190} INFO - [2025-11-12T02:52:01.865+0000] {dag.py:4180} INFO - Setting next_dagrun for example_branch_python_operator_decorator to 2025-11-11 00:00:00+00:00, run_after=2025-11-12 00:00:00+00:00
[2025-11-12T02:52:01.889+0000] {processor.py:208} INFO - Processing /home/airflow/.local/lib/python3.12/site-packages/airflow/example_dags/example_branch_operator_decorator.py took 0.135 seconds
