[2025-11-12T02:50:56.361+0000] {processor.py:186} INFO - Started process (PID=88) to work on /home/airflow/.local/lib/python3.12/site-packages/airflow/example_dags/example_bash_operator.py
[2025-11-12T02:50:56.362+0000] {processor.py:914} INFO - Processing file /home/airflow/.local/lib/python3.12/site-packages/airflow/example_dags/example_bash_operator.py for tasks to queue
[2025-11-12T02:50:56.366+0000] {logging_mixin.py:190} INFO - [2025-11-12T02:50:56.365+0000] {dagbag.py:588} INFO - Filling up the DagBag from /home/airflow/.local/lib/python3.12/site-packages/airflow/example_dags/example_bash_operator.py
[2025-11-12T02:50:56.388+0000] {processor.py:925} INFO - DAG(s) 'example_bash_operator' retrieved from /home/airflow/.local/lib/python3.12/site-packages/airflow/example_dags/example_bash_operator.py
[2025-11-12T02:50:56.659+0000] {logging_mixin.py:190} INFO - [2025-11-12T02:50:56.658+0000] {override.py:1900} INFO - Created Permission View: can read on DAG:example_bash_operator
[2025-11-12T02:50:56.682+0000] {logging_mixin.py:190} INFO - [2025-11-12T02:50:56.682+0000] {override.py:1900} INFO - Created Permission View: can edit on DAG:example_bash_operator
[2025-11-12T02:50:56.693+0000] {logging_mixin.py:190} INFO - [2025-11-12T02:50:56.692+0000] {override.py:1900} INFO - Created Permission View: can delete on DAG:example_bash_operator
[2025-11-12T02:50:56.706+0000] {logging_mixin.py:190} INFO - [2025-11-12T02:50:56.705+0000] {override.py:1900} INFO - Created Permission View: can read on DAG Run:example_bash_operator
[2025-11-12T02:50:56.716+0000] {logging_mixin.py:190} INFO - [2025-11-12T02:50:56.715+0000] {override.py:1900} INFO - Created Permission View: menu access on DAG Run:example_bash_operator
[2025-11-12T02:50:56.727+0000] {logging_mixin.py:190} INFO - [2025-11-12T02:50:56.727+0000] {override.py:1900} INFO - Created Permission View: can create on DAG Run:example_bash_operator
[2025-11-12T02:50:56.739+0000] {logging_mixin.py:190} INFO - [2025-11-12T02:50:56.738+0000] {override.py:1900} INFO - Created Permission View: can delete on DAG Run:example_bash_operator
[2025-11-12T02:50:56.740+0000] {logging_mixin.py:190} INFO - [2025-11-12T02:50:56.739+0000] {dag.py:3239} INFO - Sync 1 DAGs
[2025-11-12T02:50:56.757+0000] {logging_mixin.py:190} INFO - [2025-11-12T02:50:56.757+0000] {dag.py:3262} INFO - Creating ORM DAG for example_bash_operator
[2025-11-12T02:50:56.775+0000] {logging_mixin.py:190} INFO - [2025-11-12T02:50:56.774+0000] {dag.py:4180} INFO - Setting next_dagrun for example_bash_operator to 2025-11-11 00:00:00+00:00, run_after=2025-11-12 00:00:00+00:00
[2025-11-12T02:50:56.805+0000] {processor.py:208} INFO - Processing /home/airflow/.local/lib/python3.12/site-packages/airflow/example_dags/example_bash_operator.py took 0.453 seconds
[2025-11-12T02:51:26.890+0000] {processor.py:186} INFO - Started process (PID=150) to work on /home/airflow/.local/lib/python3.12/site-packages/airflow/example_dags/example_bash_operator.py
[2025-11-12T02:51:26.891+0000] {processor.py:914} INFO - Processing file /home/airflow/.local/lib/python3.12/site-packages/airflow/example_dags/example_bash_operator.py for tasks to queue
[2025-11-12T02:51:26.895+0000] {logging_mixin.py:190} INFO - [2025-11-12T02:51:26.895+0000] {dagbag.py:588} INFO - Filling up the DagBag from /home/airflow/.local/lib/python3.12/site-packages/airflow/example_dags/example_bash_operator.py
[2025-11-12T02:51:26.915+0000] {processor.py:925} INFO - DAG(s) 'example_bash_operator' retrieved from /home/airflow/.local/lib/python3.12/site-packages/airflow/example_dags/example_bash_operator.py
[2025-11-12T02:51:26.954+0000] {logging_mixin.py:190} INFO - [2025-11-12T02:51:26.954+0000] {dag.py:3239} INFO - Sync 1 DAGs
[2025-11-12T02:51:26.998+0000] {logging_mixin.py:190} INFO - [2025-11-12T02:51:26.998+0000] {dag.py:4180} INFO - Setting next_dagrun for example_bash_operator to 2025-11-11 00:00:00+00:00, run_after=2025-11-12 00:00:00+00:00
[2025-11-12T02:51:27.025+0000] {processor.py:208} INFO - Processing /home/airflow/.local/lib/python3.12/site-packages/airflow/example_dags/example_bash_operator.py took 0.144 seconds
[2025-11-12T02:51:57.364+0000] {processor.py:186} INFO - Started process (PID=213) to work on /home/airflow/.local/lib/python3.12/site-packages/airflow/example_dags/example_bash_operator.py
[2025-11-12T02:51:57.366+0000] {processor.py:914} INFO - Processing file /home/airflow/.local/lib/python3.12/site-packages/airflow/example_dags/example_bash_operator.py for tasks to queue
[2025-11-12T02:51:57.372+0000] {logging_mixin.py:190} INFO - [2025-11-12T02:51:57.371+0000] {dagbag.py:588} INFO - Filling up the DagBag from /home/airflow/.local/lib/python3.12/site-packages/airflow/example_dags/example_bash_operator.py
[2025-11-12T02:51:57.395+0000] {processor.py:925} INFO - DAG(s) 'example_bash_operator' retrieved from /home/airflow/.local/lib/python3.12/site-packages/airflow/example_dags/example_bash_operator.py
[2025-11-12T02:51:57.440+0000] {logging_mixin.py:190} INFO - [2025-11-12T02:51:57.439+0000] {dag.py:3239} INFO - Sync 1 DAGs
[2025-11-12T02:51:57.482+0000] {logging_mixin.py:190} INFO - [2025-11-12T02:51:57.481+0000] {dag.py:4180} INFO - Setting next_dagrun for example_bash_operator to 2025-11-11 00:00:00+00:00, run_after=2025-11-12 00:00:00+00:00
[2025-11-12T02:51:57.513+0000] {processor.py:208} INFO - Processing /home/airflow/.local/lib/python3.12/site-packages/airflow/example_dags/example_bash_operator.py took 0.163 seconds
