[2025-11-12T02:50:59.854+0000] {processor.py:186} INFO - Started process (PID=105) to work on /home/airflow/.local/lib/python3.12/site-packages/airflow/example_dags/example_trigger_target_dag.py
[2025-11-12T02:50:59.858+0000] {processor.py:914} INFO - Processing file /home/airflow/.local/lib/python3.12/site-packages/airflow/example_dags/example_trigger_target_dag.py for tasks to queue
[2025-11-12T02:50:59.843+0000] {logging_mixin.py:190} INFO - [2025-11-12T02:50:59.843+0000] {dagbag.py:588} INFO - Filling up the DagBag from /home/airflow/.local/lib/python3.12/site-packages/airflow/example_dags/example_trigger_target_dag.py
[2025-11-12T02:50:59.863+0000] {processor.py:925} INFO - DAG(s) 'example_trigger_target_dag' retrieved from /home/airflow/.local/lib/python3.12/site-packages/airflow/example_dags/example_trigger_target_dag.py
[2025-11-12T02:51:00.040+0000] {logging_mixin.py:190} INFO - [2025-11-12T02:51:00.038+0000] {override.py:1900} INFO - Created Permission View: can read on DAG:example_trigger_target_dag
[2025-11-12T02:51:00.053+0000] {logging_mixin.py:190} INFO - [2025-11-12T02:51:00.052+0000] {override.py:1900} INFO - Created Permission View: can edit on DAG:example_trigger_target_dag
[2025-11-12T02:51:00.063+0000] {logging_mixin.py:190} INFO - [2025-11-12T02:51:00.063+0000] {override.py:1900} INFO - Created Permission View: can delete on DAG:example_trigger_target_dag
[2025-11-12T02:51:00.074+0000] {logging_mixin.py:190} INFO - [2025-11-12T02:51:00.073+0000] {override.py:1900} INFO - Created Permission View: can read on DAG Run:example_trigger_target_dag
[2025-11-12T02:51:00.084+0000] {logging_mixin.py:190} INFO - [2025-11-12T02:51:00.084+0000] {override.py:1900} INFO - Created Permission View: menu access on DAG Run:example_trigger_target_dag
[2025-11-12T02:51:00.093+0000] {logging_mixin.py:190} INFO - [2025-11-12T02:51:00.093+0000] {override.py:1900} INFO - Created Permission View: can create on DAG Run:example_trigger_target_dag
[2025-11-12T02:51:00.101+0000] {logging_mixin.py:190} INFO - [2025-11-12T02:51:00.101+0000] {override.py:1900} INFO - Created Permission View: can delete on DAG Run:example_trigger_target_dag
[2025-11-12T02:51:00.102+0000] {logging_mixin.py:190} INFO - [2025-11-12T02:51:00.102+0000] {dag.py:3239} INFO - Sync 1 DAGs
[2025-11-12T02:51:00.121+0000] {logging_mixin.py:190} INFO - [2025-11-12T02:51:00.120+0000] {dag.py:3262} INFO - Creating ORM DAG for example_trigger_target_dag
[2025-11-12T02:51:00.122+0000] {logging_mixin.py:190} INFO - [2025-11-12T02:51:00.122+0000] {dag.py:4180} INFO - Setting next_dagrun for example_trigger_target_dag to None, run_after=None
[2025-11-12T02:51:00.148+0000] {processor.py:208} INFO - Processing /home/airflow/.local/lib/python3.12/site-packages/airflow/example_dags/example_trigger_target_dag.py took 0.327 seconds
[2025-11-12T02:51:30.615+0000] {processor.py:186} INFO - Started process (PID=167) to work on /home/airflow/.local/lib/python3.12/site-packages/airflow/example_dags/example_trigger_target_dag.py
[2025-11-12T02:51:30.618+0000] {processor.py:914} INFO - Processing file /home/airflow/.local/lib/python3.12/site-packages/airflow/example_dags/example_trigger_target_dag.py for tasks to queue
[2025-11-12T02:51:30.626+0000] {logging_mixin.py:190} INFO - [2025-11-12T02:51:30.625+0000] {dagbag.py:588} INFO - Filling up the DagBag from /home/airflow/.local/lib/python3.12/site-packages/airflow/example_dags/example_trigger_target_dag.py
[2025-11-12T02:51:30.666+0000] {processor.py:925} INFO - DAG(s) 'example_trigger_target_dag' retrieved from /home/airflow/.local/lib/python3.12/site-packages/airflow/example_dags/example_trigger_target_dag.py
[2025-11-12T02:51:30.734+0000] {logging_mixin.py:190} INFO - [2025-11-12T02:51:30.734+0000] {dag.py:3239} INFO - Sync 1 DAGs
[2025-11-12T02:51:30.775+0000] {logging_mixin.py:190} INFO - [2025-11-12T02:51:30.774+0000] {dag.py:4180} INFO - Setting next_dagrun for example_trigger_target_dag to None, run_after=None
[2025-11-12T02:51:30.816+0000] {processor.py:208} INFO - Processing /home/airflow/.local/lib/python3.12/site-packages/airflow/example_dags/example_trigger_target_dag.py took 0.224 seconds
[2025-11-12T02:52:01.263+0000] {processor.py:186} INFO - Started process (PID=230) to work on /home/airflow/.local/lib/python3.12/site-packages/airflow/example_dags/example_trigger_target_dag.py
[2025-11-12T02:52:01.265+0000] {processor.py:914} INFO - Processing file /home/airflow/.local/lib/python3.12/site-packages/airflow/example_dags/example_trigger_target_dag.py for tasks to queue
[2025-11-12T02:52:01.268+0000] {logging_mixin.py:190} INFO - [2025-11-12T02:52:01.268+0000] {dagbag.py:588} INFO - Filling up the DagBag from /home/airflow/.local/lib/python3.12/site-packages/airflow/example_dags/example_trigger_target_dag.py
[2025-11-12T02:52:01.283+0000] {processor.py:925} INFO - DAG(s) 'example_trigger_target_dag' retrieved from /home/airflow/.local/lib/python3.12/site-packages/airflow/example_dags/example_trigger_target_dag.py
[2025-11-12T02:52:01.314+0000] {logging_mixin.py:190} INFO - [2025-11-12T02:52:01.314+0000] {dag.py:3239} INFO - Sync 1 DAGs
[2025-11-12T02:52:01.334+0000] {logging_mixin.py:190} INFO - [2025-11-12T02:52:01.334+0000] {dag.py:4180} INFO - Setting next_dagrun for example_trigger_target_dag to None, run_after=None
[2025-11-12T02:52:01.359+0000] {processor.py:208} INFO - Processing /home/airflow/.local/lib/python3.12/site-packages/airflow/example_dags/example_trigger_target_dag.py took 0.105 seconds
