[2025-11-12T02:50:58.288+0000] {processor.py:186} INFO - Started process (PID=96) to work on /home/airflow/.local/lib/python3.12/site-packages/airflow/example_dags/example_short_circuit_operator.py
[2025-11-12T02:50:58.289+0000] {processor.py:914} INFO - Processing file /home/airflow/.local/lib/python3.12/site-packages/airflow/example_dags/example_short_circuit_operator.py for tasks to queue
[2025-11-12T02:50:58.294+0000] {logging_mixin.py:190} INFO - [2025-11-12T02:50:58.293+0000] {dagbag.py:588} INFO - Filling up the DagBag from /home/airflow/.local/lib/python3.12/site-packages/airflow/example_dags/example_short_circuit_operator.py
[2025-11-12T02:50:58.309+0000] {processor.py:925} INFO - DAG(s) 'example_short_circuit_operator' retrieved from /home/airflow/.local/lib/python3.12/site-packages/airflow/example_dags/example_short_circuit_operator.py
[2025-11-12T02:50:58.471+0000] {logging_mixin.py:190} INFO - [2025-11-12T02:50:58.470+0000] {override.py:1900} INFO - Created Permission View: can read on DAG:example_short_circuit_operator
[2025-11-12T02:50:58.484+0000] {logging_mixin.py:190} INFO - [2025-11-12T02:50:58.484+0000] {override.py:1900} INFO - Created Permission View: can edit on DAG:example_short_circuit_operator
[2025-11-12T02:50:58.497+0000] {logging_mixin.py:190} INFO - [2025-11-12T02:50:58.496+0000] {override.py:1900} INFO - Created Permission View: can delete on DAG:example_short_circuit_operator
[2025-11-12T02:50:58.506+0000] {logging_mixin.py:190} INFO - [2025-11-12T02:50:58.506+0000] {override.py:1900} INFO - Created Permission View: can read on DAG Run:example_short_circuit_operator
[2025-11-12T02:50:58.516+0000] {logging_mixin.py:190} INFO - [2025-11-12T02:50:58.515+0000] {override.py:1900} INFO - Created Permission View: menu access on DAG Run:example_short_circuit_operator
[2025-11-12T02:50:58.524+0000] {logging_mixin.py:190} INFO - [2025-11-12T02:50:58.523+0000] {override.py:1900} INFO - Created Permission View: can create on DAG Run:example_short_circuit_operator
[2025-11-12T02:50:58.533+0000] {logging_mixin.py:190} INFO - [2025-11-12T02:50:58.533+0000] {override.py:1900} INFO - Created Permission View: can delete on DAG Run:example_short_circuit_operator
[2025-11-12T02:50:58.534+0000] {logging_mixin.py:190} INFO - [2025-11-12T02:50:58.534+0000] {dag.py:3239} INFO - Sync 1 DAGs
[2025-11-12T02:50:58.550+0000] {logging_mixin.py:190} INFO - [2025-11-12T02:50:58.549+0000] {dag.py:3262} INFO - Creating ORM DAG for example_short_circuit_operator
[2025-11-12T02:50:58.551+0000] {logging_mixin.py:190} INFO - [2025-11-12T02:50:58.551+0000] {dag.py:4180} INFO - Setting next_dagrun for example_short_circuit_operator to None, run_after=None
[2025-11-12T02:50:58.572+0000] {processor.py:208} INFO - Processing /home/airflow/.local/lib/python3.12/site-packages/airflow/example_dags/example_short_circuit_operator.py took 0.296 seconds
[2025-11-12T02:51:28.911+0000] {processor.py:186} INFO - Started process (PID=158) to work on /home/airflow/.local/lib/python3.12/site-packages/airflow/example_dags/example_short_circuit_operator.py
[2025-11-12T02:51:28.913+0000] {processor.py:914} INFO - Processing file /home/airflow/.local/lib/python3.12/site-packages/airflow/example_dags/example_short_circuit_operator.py for tasks to queue
[2025-11-12T02:51:28.919+0000] {logging_mixin.py:190} INFO - [2025-11-12T02:51:28.918+0000] {dagbag.py:588} INFO - Filling up the DagBag from /home/airflow/.local/lib/python3.12/site-packages/airflow/example_dags/example_short_circuit_operator.py
[2025-11-12T02:51:28.941+0000] {processor.py:925} INFO - DAG(s) 'example_short_circuit_operator' retrieved from /home/airflow/.local/lib/python3.12/site-packages/airflow/example_dags/example_short_circuit_operator.py
[2025-11-12T02:51:28.998+0000] {logging_mixin.py:190} INFO - [2025-11-12T02:51:28.997+0000] {dag.py:3239} INFO - Sync 1 DAGs
[2025-11-12T02:51:29.036+0000] {logging_mixin.py:190} INFO - [2025-11-12T02:51:29.035+0000] {dag.py:4180} INFO - Setting next_dagrun for example_short_circuit_operator to None, run_after=None
[2025-11-12T02:51:29.075+0000] {processor.py:208} INFO - Processing /home/airflow/.local/lib/python3.12/site-packages/airflow/example_dags/example_short_circuit_operator.py took 0.175 seconds
[2025-11-12T02:51:59.587+0000] {processor.py:186} INFO - Started process (PID=221) to work on /home/airflow/.local/lib/python3.12/site-packages/airflow/example_dags/example_short_circuit_operator.py
[2025-11-12T02:51:59.589+0000] {processor.py:914} INFO - Processing file /home/airflow/.local/lib/python3.12/site-packages/airflow/example_dags/example_short_circuit_operator.py for tasks to queue
[2025-11-12T02:51:59.594+0000] {logging_mixin.py:190} INFO - [2025-11-12T02:51:59.593+0000] {dagbag.py:588} INFO - Filling up the DagBag from /home/airflow/.local/lib/python3.12/site-packages/airflow/example_dags/example_short_circuit_operator.py
[2025-11-12T02:51:59.610+0000] {processor.py:925} INFO - DAG(s) 'example_short_circuit_operator' retrieved from /home/airflow/.local/lib/python3.12/site-packages/airflow/example_dags/example_short_circuit_operator.py
[2025-11-12T02:51:59.644+0000] {logging_mixin.py:190} INFO - [2025-11-12T02:51:59.643+0000] {dag.py:3239} INFO - Sync 1 DAGs
[2025-11-12T02:51:59.662+0000] {logging_mixin.py:190} INFO - [2025-11-12T02:51:59.662+0000] {dag.py:4180} INFO - Setting next_dagrun for example_short_circuit_operator to None, run_after=None
[2025-11-12T02:51:59.686+0000] {processor.py:208} INFO - Processing /home/airflow/.local/lib/python3.12/site-packages/airflow/example_dags/example_short_circuit_operator.py took 0.108 seconds
