[2025-11-12T02:51:00.039+0000] {processor.py:186} INFO - Started process (PID=106) to work on /home/airflow/.local/lib/python3.12/site-packages/airflow/example_dags/example_local_kubernetes_executor.py
[2025-11-12T02:51:00.040+0000] {processor.py:914} INFO - Processing file /home/airflow/.local/lib/python3.12/site-packages/airflow/example_dags/example_local_kubernetes_executor.py for tasks to queue
[2025-11-12T02:51:00.045+0000] {logging_mixin.py:190} INFO - [2025-11-12T02:51:00.045+0000] {dagbag.py:588} INFO - Filling up the DagBag from /home/airflow/.local/lib/python3.12/site-packages/airflow/example_dags/example_local_kubernetes_executor.py
[2025-11-12T02:51:00.064+0000] {processor.py:925} INFO - DAG(s) 'example_local_kubernetes_executor' retrieved from /home/airflow/.local/lib/python3.12/site-packages/airflow/example_dags/example_local_kubernetes_executor.py
[2025-11-12T02:51:00.244+0000] {logging_mixin.py:190} INFO - [2025-11-12T02:51:00.243+0000] {override.py:1900} INFO - Created Permission View: can read on DAG:example_local_kubernetes_executor
[2025-11-12T02:51:00.255+0000] {logging_mixin.py:190} INFO - [2025-11-12T02:51:00.254+0000] {override.py:1900} INFO - Created Permission View: can edit on DAG:example_local_kubernetes_executor
[2025-11-12T02:51:00.263+0000] {logging_mixin.py:190} INFO - [2025-11-12T02:51:00.263+0000] {override.py:1900} INFO - Created Permission View: can delete on DAG:example_local_kubernetes_executor
[2025-11-12T02:51:00.272+0000] {logging_mixin.py:190} INFO - [2025-11-12T02:51:00.272+0000] {override.py:1900} INFO - Created Permission View: can read on DAG Run:example_local_kubernetes_executor
[2025-11-12T02:51:00.280+0000] {logging_mixin.py:190} INFO - [2025-11-12T02:51:00.280+0000] {override.py:1900} INFO - Created Permission View: menu access on DAG Run:example_local_kubernetes_executor
[2025-11-12T02:51:00.289+0000] {logging_mixin.py:190} INFO - [2025-11-12T02:51:00.288+0000] {override.py:1900} INFO - Created Permission View: can create on DAG Run:example_local_kubernetes_executor
[2025-11-12T02:51:00.297+0000] {logging_mixin.py:190} INFO - [2025-11-12T02:51:00.297+0000] {override.py:1900} INFO - Created Permission View: can delete on DAG Run:example_local_kubernetes_executor
[2025-11-12T02:51:00.298+0000] {logging_mixin.py:190} INFO - [2025-11-12T02:51:00.298+0000] {dag.py:3239} INFO - Sync 1 DAGs
[2025-11-12T02:51:00.317+0000] {logging_mixin.py:190} INFO - [2025-11-12T02:51:00.317+0000] {dag.py:3262} INFO - Creating ORM DAG for example_local_kubernetes_executor
[2025-11-12T02:51:00.318+0000] {logging_mixin.py:190} INFO - [2025-11-12T02:51:00.318+0000] {dag.py:4180} INFO - Setting next_dagrun for example_local_kubernetes_executor to None, run_after=None
[2025-11-12T02:51:00.340+0000] {processor.py:208} INFO - Processing /home/airflow/.local/lib/python3.12/site-packages/airflow/example_dags/example_local_kubernetes_executor.py took 0.311 seconds
[2025-11-12T02:51:30.619+0000] {processor.py:186} INFO - Started process (PID=168) to work on /home/airflow/.local/lib/python3.12/site-packages/airflow/example_dags/example_local_kubernetes_executor.py
[2025-11-12T02:51:30.624+0000] {processor.py:914} INFO - Processing file /home/airflow/.local/lib/python3.12/site-packages/airflow/example_dags/example_local_kubernetes_executor.py for tasks to queue
[2025-11-12T02:51:30.632+0000] {logging_mixin.py:190} INFO - [2025-11-12T02:51:30.631+0000] {dagbag.py:588} INFO - Filling up the DagBag from /home/airflow/.local/lib/python3.12/site-packages/airflow/example_dags/example_local_kubernetes_executor.py
[2025-11-12T02:51:30.684+0000] {processor.py:925} INFO - DAG(s) 'example_local_kubernetes_executor' retrieved from /home/airflow/.local/lib/python3.12/site-packages/airflow/example_dags/example_local_kubernetes_executor.py
[2025-11-12T02:51:30.782+0000] {logging_mixin.py:190} INFO - [2025-11-12T02:51:30.782+0000] {dag.py:3239} INFO - Sync 1 DAGs
[2025-11-12T02:51:30.822+0000] {logging_mixin.py:190} INFO - [2025-11-12T02:51:30.821+0000] {dag.py:4180} INFO - Setting next_dagrun for example_local_kubernetes_executor to None, run_after=None
[2025-11-12T02:51:30.850+0000] {processor.py:208} INFO - Processing /home/airflow/.local/lib/python3.12/site-packages/airflow/example_dags/example_local_kubernetes_executor.py took 0.259 seconds
[2025-11-12T02:52:01.411+0000] {processor.py:186} INFO - Started process (PID=231) to work on /home/airflow/.local/lib/python3.12/site-packages/airflow/example_dags/example_local_kubernetes_executor.py
[2025-11-12T02:52:01.413+0000] {processor.py:914} INFO - Processing file /home/airflow/.local/lib/python3.12/site-packages/airflow/example_dags/example_local_kubernetes_executor.py for tasks to queue
[2025-11-12T02:52:01.417+0000] {logging_mixin.py:190} INFO - [2025-11-12T02:52:01.417+0000] {dagbag.py:588} INFO - Filling up the DagBag from /home/airflow/.local/lib/python3.12/site-packages/airflow/example_dags/example_local_kubernetes_executor.py
[2025-11-12T02:52:01.434+0000] {processor.py:925} INFO - DAG(s) 'example_local_kubernetes_executor' retrieved from /home/airflow/.local/lib/python3.12/site-packages/airflow/example_dags/example_local_kubernetes_executor.py
[2025-11-12T02:52:01.485+0000] {logging_mixin.py:190} INFO - [2025-11-12T02:52:01.485+0000] {dag.py:3239} INFO - Sync 1 DAGs
[2025-11-12T02:52:01.504+0000] {logging_mixin.py:190} INFO - [2025-11-12T02:52:01.504+0000] {dag.py:4180} INFO - Setting next_dagrun for example_local_kubernetes_executor to None, run_after=None
[2025-11-12T02:52:01.532+0000] {processor.py:208} INFO - Processing /home/airflow/.local/lib/python3.12/site-packages/airflow/example_dags/example_local_kubernetes_executor.py took 0.130 seconds
