[2025-11-12T02:50:59.514+0000] {processor.py:186} INFO - Started process (PID=103) to work on /home/airflow/.local/lib/python3.12/site-packages/airflow/example_dags/example_display_name.py
[2025-11-12T02:50:59.516+0000] {processor.py:914} INFO - Processing file /home/airflow/.local/lib/python3.12/site-packages/airflow/example_dags/example_display_name.py for tasks to queue
[2025-11-12T02:50:59.520+0000] {logging_mixin.py:190} INFO - [2025-11-12T02:50:59.519+0000] {dagbag.py:588} INFO - Filling up the DagBag from /home/airflow/.local/lib/python3.12/site-packages/airflow/example_dags/example_display_name.py
[2025-11-12T02:50:59.533+0000] {processor.py:925} INFO - DAG(s) 'example_display_name' retrieved from /home/airflow/.local/lib/python3.12/site-packages/airflow/example_dags/example_display_name.py
[2025-11-12T02:50:59.701+0000] {logging_mixin.py:190} INFO - [2025-11-12T02:50:59.700+0000] {override.py:1900} INFO - Created Permission View: can read on DAG:example_display_name
[2025-11-12T02:50:59.715+0000] {logging_mixin.py:190} INFO - [2025-11-12T02:50:59.715+0000] {override.py:1900} INFO - Created Permission View: can edit on DAG:example_display_name
[2025-11-12T02:50:59.724+0000] {logging_mixin.py:190} INFO - [2025-11-12T02:50:59.724+0000] {override.py:1900} INFO - Created Permission View: can delete on DAG:example_display_name
[2025-11-12T02:50:59.735+0000] {logging_mixin.py:190} INFO - [2025-11-12T02:50:59.734+0000] {override.py:1900} INFO - Created Permission View: can read on DAG Run:example_display_name
[2025-11-12T02:50:59.743+0000] {logging_mixin.py:190} INFO - [2025-11-12T02:50:59.743+0000] {override.py:1900} INFO - Created Permission View: menu access on DAG Run:example_display_name
[2025-11-12T02:50:59.752+0000] {logging_mixin.py:190} INFO - [2025-11-12T02:50:59.751+0000] {override.py:1900} INFO - Created Permission View: can create on DAG Run:example_display_name
[2025-11-12T02:50:59.760+0000] {logging_mixin.py:190} INFO - [2025-11-12T02:50:59.759+0000] {override.py:1900} INFO - Created Permission View: can delete on DAG Run:example_display_name
[2025-11-12T02:50:59.760+0000] {logging_mixin.py:190} INFO - [2025-11-12T02:50:59.760+0000] {dag.py:3239} INFO - Sync 1 DAGs
[2025-11-12T02:50:59.775+0000] {logging_mixin.py:190} INFO - [2025-11-12T02:50:59.775+0000] {dag.py:3262} INFO - Creating ORM DAG for example_display_name
[2025-11-12T02:50:59.777+0000] {logging_mixin.py:190} INFO - [2025-11-12T02:50:59.776+0000] {dag.py:4180} INFO - Setting next_dagrun for example_display_name to None, run_after=None
[2025-11-12T02:50:59.798+0000] {processor.py:208} INFO - Processing /home/airflow/.local/lib/python3.12/site-packages/airflow/example_dags/example_display_name.py took 0.293 seconds
[2025-11-12T02:51:29.986+0000] {processor.py:186} INFO - Started process (PID=165) to work on /home/airflow/.local/lib/python3.12/site-packages/airflow/example_dags/example_display_name.py
[2025-11-12T02:51:29.988+0000] {processor.py:914} INFO - Processing file /home/airflow/.local/lib/python3.12/site-packages/airflow/example_dags/example_display_name.py for tasks to queue
[2025-11-12T02:51:29.994+0000] {logging_mixin.py:190} INFO - [2025-11-12T02:51:29.993+0000] {dagbag.py:588} INFO - Filling up the DagBag from /home/airflow/.local/lib/python3.12/site-packages/airflow/example_dags/example_display_name.py
[2025-11-12T02:51:30.008+0000] {processor.py:925} INFO - DAG(s) 'example_display_name' retrieved from /home/airflow/.local/lib/python3.12/site-packages/airflow/example_dags/example_display_name.py
[2025-11-12T02:51:30.050+0000] {logging_mixin.py:190} INFO - [2025-11-12T02:51:30.049+0000] {dag.py:3239} INFO - Sync 1 DAGs
[2025-11-12T02:51:30.078+0000] {logging_mixin.py:190} INFO - [2025-11-12T02:51:30.077+0000] {dag.py:4180} INFO - Setting next_dagrun for example_display_name to None, run_after=None
[2025-11-12T02:51:30.113+0000] {processor.py:208} INFO - Processing /home/airflow/.local/lib/python3.12/site-packages/airflow/example_dags/example_display_name.py took 0.142 seconds
[2025-11-12T02:52:00.237+0000] {processor.py:186} INFO - Started process (PID=228) to work on /home/airflow/.local/lib/python3.12/site-packages/airflow/example_dags/example_display_name.py
[2025-11-12T02:52:00.239+0000] {processor.py:914} INFO - Processing file /home/airflow/.local/lib/python3.12/site-packages/airflow/example_dags/example_display_name.py for tasks to queue
[2025-11-12T02:52:00.243+0000] {logging_mixin.py:190} INFO - [2025-11-12T02:52:00.242+0000] {dagbag.py:588} INFO - Filling up the DagBag from /home/airflow/.local/lib/python3.12/site-packages/airflow/example_dags/example_display_name.py
[2025-11-12T02:52:00.255+0000] {processor.py:925} INFO - DAG(s) 'example_display_name' retrieved from /home/airflow/.local/lib/python3.12/site-packages/airflow/example_dags/example_display_name.py
[2025-11-12T02:52:00.283+0000] {logging_mixin.py:190} INFO - [2025-11-12T02:52:00.283+0000] {dag.py:3239} INFO - Sync 1 DAGs
[2025-11-12T02:52:00.301+0000] {logging_mixin.py:190} INFO - [2025-11-12T02:52:00.301+0000] {dag.py:4180} INFO - Setting next_dagrun for example_display_name to None, run_after=None
[2025-11-12T02:52:00.327+0000] {processor.py:208} INFO - Processing /home/airflow/.local/lib/python3.12/site-packages/airflow/example_dags/example_display_name.py took 0.100 seconds
