[2025-11-12T02:50:56.863+0000] {processor.py:186} INFO - Started process (PID=90) to work on /home/airflow/.local/lib/python3.12/site-packages/airflow/example_dags/example_dataset_alias_with_no_taskflow.py
[2025-11-12T02:50:56.865+0000] {processor.py:914} INFO - Processing file /home/airflow/.local/lib/python3.12/site-packages/airflow/example_dags/example_dataset_alias_with_no_taskflow.py for tasks to queue
[2025-11-12T02:50:56.869+0000] {logging_mixin.py:190} INFO - [2025-11-12T02:50:56.869+0000] {dagbag.py:588} INFO - Filling up the DagBag from /home/airflow/.local/lib/python3.12/site-packages/airflow/example_dags/example_dataset_alias_with_no_taskflow.py
[2025-11-12T02:50:57.122+0000] {processor.py:925} INFO - DAG(s) 'dataset_alias_example_alias_producer_with_no_taskflow', 'dataset_alias_example_alias_consumer_with_no_taskflow', 'dataset_s3_bucket_consumer_with_no_taskflow', 'dataset_s3_bucket_producer_with_no_taskflow' retrieved from /home/airflow/.local/lib/python3.12/site-packages/airflow/example_dags/example_dataset_alias_with_no_taskflow.py
[2025-11-12T02:50:57.262+0000] {logging_mixin.py:190} INFO - [2025-11-12T02:50:57.261+0000] {override.py:1900} INFO - Created Permission View: can read on DAG:dataset_alias_example_alias_producer_with_no_taskflow
[2025-11-12T02:50:57.286+0000] {logging_mixin.py:190} INFO - [2025-11-12T02:50:57.285+0000] {override.py:1900} INFO - Created Permission View: can edit on DAG:dataset_alias_example_alias_producer_with_no_taskflow
[2025-11-12T02:50:57.298+0000] {logging_mixin.py:190} INFO - [2025-11-12T02:50:57.297+0000] {override.py:1900} INFO - Created Permission View: can delete on DAG:dataset_alias_example_alias_producer_with_no_taskflow
[2025-11-12T02:50:57.310+0000] {logging_mixin.py:190} INFO - [2025-11-12T02:50:57.310+0000] {override.py:1900} INFO - Created Permission View: can read on DAG Run:dataset_alias_example_alias_producer_with_no_taskflow
[2025-11-12T02:50:57.322+0000] {logging_mixin.py:190} INFO - [2025-11-12T02:50:57.322+0000] {override.py:1900} INFO - Created Permission View: menu access on DAG Run:dataset_alias_example_alias_producer_with_no_taskflow
[2025-11-12T02:50:57.333+0000] {logging_mixin.py:190} INFO - [2025-11-12T02:50:57.332+0000] {override.py:1900} INFO - Created Permission View: can create on DAG Run:dataset_alias_example_alias_producer_with_no_taskflow
[2025-11-12T02:50:57.345+0000] {logging_mixin.py:190} INFO - [2025-11-12T02:50:57.344+0000] {override.py:1900} INFO - Created Permission View: can delete on DAG Run:dataset_alias_example_alias_producer_with_no_taskflow
[2025-11-12T02:50:57.365+0000] {logging_mixin.py:190} INFO - [2025-11-12T02:50:57.365+0000] {override.py:1900} INFO - Created Permission View: can read on DAG:dataset_alias_example_alias_consumer_with_no_taskflow
[2025-11-12T02:50:57.379+0000] {logging_mixin.py:190} INFO - [2025-11-12T02:50:57.379+0000] {override.py:1900} INFO - Created Permission View: can edit on DAG:dataset_alias_example_alias_consumer_with_no_taskflow
[2025-11-12T02:50:57.390+0000] {logging_mixin.py:190} INFO - [2025-11-12T02:50:57.390+0000] {override.py:1900} INFO - Created Permission View: can delete on DAG:dataset_alias_example_alias_consumer_with_no_taskflow
[2025-11-12T02:50:57.406+0000] {logging_mixin.py:190} INFO - [2025-11-12T02:50:57.405+0000] {override.py:1900} INFO - Created Permission View: can read on DAG Run:dataset_alias_example_alias_consumer_with_no_taskflow
[2025-11-12T02:50:57.416+0000] {logging_mixin.py:190} INFO - [2025-11-12T02:50:57.415+0000] {override.py:1900} INFO - Created Permission View: menu access on DAG Run:dataset_alias_example_alias_consumer_with_no_taskflow
[2025-11-12T02:50:57.428+0000] {logging_mixin.py:190} INFO - [2025-11-12T02:50:57.427+0000] {override.py:1900} INFO - Created Permission View: can create on DAG Run:dataset_alias_example_alias_consumer_with_no_taskflow
[2025-11-12T02:50:57.436+0000] {logging_mixin.py:190} INFO - [2025-11-12T02:50:57.435+0000] {override.py:1900} INFO - Created Permission View: can delete on DAG Run:dataset_alias_example_alias_consumer_with_no_taskflow
[2025-11-12T02:50:57.449+0000] {logging_mixin.py:190} INFO - [2025-11-12T02:50:57.449+0000] {override.py:1900} INFO - Created Permission View: can read on DAG:dataset_s3_bucket_consumer_with_no_taskflow
[2025-11-12T02:50:57.457+0000] {logging_mixin.py:190} INFO - [2025-11-12T02:50:57.457+0000] {override.py:1900} INFO - Created Permission View: can edit on DAG:dataset_s3_bucket_consumer_with_no_taskflow
[2025-11-12T02:50:57.464+0000] {logging_mixin.py:190} INFO - [2025-11-12T02:50:57.464+0000] {override.py:1900} INFO - Created Permission View: can delete on DAG:dataset_s3_bucket_consumer_with_no_taskflow
[2025-11-12T02:50:57.475+0000] {logging_mixin.py:190} INFO - [2025-11-12T02:50:57.474+0000] {override.py:1900} INFO - Created Permission View: can read on DAG Run:dataset_s3_bucket_consumer_with_no_taskflow
[2025-11-12T02:50:57.483+0000] {logging_mixin.py:190} INFO - [2025-11-12T02:50:57.482+0000] {override.py:1900} INFO - Created Permission View: menu access on DAG Run:dataset_s3_bucket_consumer_with_no_taskflow
[2025-11-12T02:50:57.490+0000] {logging_mixin.py:190} INFO - [2025-11-12T02:50:57.489+0000] {override.py:1900} INFO - Created Permission View: can create on DAG Run:dataset_s3_bucket_consumer_with_no_taskflow
[2025-11-12T02:50:57.497+0000] {logging_mixin.py:190} INFO - [2025-11-12T02:50:57.497+0000] {override.py:1900} INFO - Created Permission View: can delete on DAG Run:dataset_s3_bucket_consumer_with_no_taskflow
[2025-11-12T02:50:57.512+0000] {logging_mixin.py:190} INFO - [2025-11-12T02:50:57.511+0000] {override.py:1900} INFO - Created Permission View: can read on DAG:dataset_s3_bucket_producer_with_no_taskflow
[2025-11-12T02:50:57.520+0000] {logging_mixin.py:190} INFO - [2025-11-12T02:50:57.520+0000] {override.py:1900} INFO - Created Permission View: can edit on DAG:dataset_s3_bucket_producer_with_no_taskflow
[2025-11-12T02:50:57.527+0000] {logging_mixin.py:190} INFO - [2025-11-12T02:50:57.527+0000] {override.py:1900} INFO - Created Permission View: can delete on DAG:dataset_s3_bucket_producer_with_no_taskflow
[2025-11-12T02:50:57.535+0000] {logging_mixin.py:190} INFO - [2025-11-12T02:50:57.535+0000] {override.py:1900} INFO - Created Permission View: can read on DAG Run:dataset_s3_bucket_producer_with_no_taskflow
[2025-11-12T02:50:57.543+0000] {logging_mixin.py:190} INFO - [2025-11-12T02:50:57.543+0000] {override.py:1900} INFO - Created Permission View: menu access on DAG Run:dataset_s3_bucket_producer_with_no_taskflow
[2025-11-12T02:50:57.550+0000] {logging_mixin.py:190} INFO - [2025-11-12T02:50:57.550+0000] {override.py:1900} INFO - Created Permission View: can create on DAG Run:dataset_s3_bucket_producer_with_no_taskflow
[2025-11-12T02:50:57.558+0000] {logging_mixin.py:190} INFO - [2025-11-12T02:50:57.558+0000] {override.py:1900} INFO - Created Permission View: can delete on DAG Run:dataset_s3_bucket_producer_with_no_taskflow
[2025-11-12T02:50:57.559+0000] {logging_mixin.py:190} INFO - [2025-11-12T02:50:57.559+0000] {dag.py:3239} INFO - Sync 4 DAGs
[2025-11-12T02:50:57.574+0000] {logging_mixin.py:190} INFO - [2025-11-12T02:50:57.574+0000] {dag.py:3262} INFO - Creating ORM DAG for dataset_alias_example_alias_consumer_with_no_taskflow
[2025-11-12T02:50:57.575+0000] {logging_mixin.py:190} INFO - [2025-11-12T02:50:57.575+0000] {dag.py:3262} INFO - Creating ORM DAG for dataset_s3_bucket_producer_with_no_taskflow
[2025-11-12T02:50:57.576+0000] {logging_mixin.py:190} INFO - [2025-11-12T02:50:57.576+0000] {dag.py:3262} INFO - Creating ORM DAG for dataset_alias_example_alias_producer_with_no_taskflow
[2025-11-12T02:50:57.577+0000] {logging_mixin.py:190} INFO - [2025-11-12T02:50:57.577+0000] {dag.py:3262} INFO - Creating ORM DAG for dataset_s3_bucket_consumer_with_no_taskflow
[2025-11-12T02:50:57.588+0000] {logging_mixin.py:190} INFO - [2025-11-12T02:50:57.588+0000] {dag.py:4180} INFO - Setting next_dagrun for dataset_alias_example_alias_consumer_with_no_taskflow to None, run_after=None
[2025-11-12T02:50:57.589+0000] {logging_mixin.py:190} INFO - [2025-11-12T02:50:57.589+0000] {dag.py:4180} INFO - Setting next_dagrun for dataset_alias_example_alias_producer_with_no_taskflow to None, run_after=None
[2025-11-12T02:50:57.590+0000] {logging_mixin.py:190} INFO - [2025-11-12T02:50:57.590+0000] {dag.py:4180} INFO - Setting next_dagrun for dataset_s3_bucket_consumer_with_no_taskflow to None, run_after=None
[2025-11-12T02:50:57.591+0000] {logging_mixin.py:190} INFO - [2025-11-12T02:50:57.591+0000] {dag.py:4180} INFO - Setting next_dagrun for dataset_s3_bucket_producer_with_no_taskflow to None, run_after=None
[2025-11-12T02:50:57.626+0000] {processor.py:208} INFO - Processing /home/airflow/.local/lib/python3.12/site-packages/airflow/example_dags/example_dataset_alias_with_no_taskflow.py took 0.771 seconds
[2025-11-12T02:51:28.120+0000] {processor.py:186} INFO - Started process (PID=152) to work on /home/airflow/.local/lib/python3.12/site-packages/airflow/example_dags/example_dataset_alias_with_no_taskflow.py
[2025-11-12T02:51:28.122+0000] {processor.py:914} INFO - Processing file /home/airflow/.local/lib/python3.12/site-packages/airflow/example_dags/example_dataset_alias_with_no_taskflow.py for tasks to queue
[2025-11-12T02:51:28.128+0000] {logging_mixin.py:190} INFO - [2025-11-12T02:51:28.127+0000] {dagbag.py:588} INFO - Filling up the DagBag from /home/airflow/.local/lib/python3.12/site-packages/airflow/example_dags/example_dataset_alias_with_no_taskflow.py
[2025-11-12T02:51:28.463+0000] {processor.py:925} INFO - DAG(s) 'dataset_s3_bucket_producer_with_no_taskflow', 'dataset_alias_example_alias_consumer_with_no_taskflow', 'dataset_s3_bucket_consumer_with_no_taskflow', 'dataset_alias_example_alias_producer_with_no_taskflow' retrieved from /home/airflow/.local/lib/python3.12/site-packages/airflow/example_dags/example_dataset_alias_with_no_taskflow.py
[2025-11-12T02:51:28.505+0000] {logging_mixin.py:190} INFO - [2025-11-12T02:51:28.505+0000] {dag.py:3239} INFO - Sync 4 DAGs
[2025-11-12T02:51:28.549+0000] {logging_mixin.py:190} INFO - [2025-11-12T02:51:28.548+0000] {dag.py:4180} INFO - Setting next_dagrun for dataset_alias_example_alias_consumer_with_no_taskflow to None, run_after=None
[2025-11-12T02:51:28.554+0000] {logging_mixin.py:190} INFO - [2025-11-12T02:51:28.554+0000] {dag.py:4180} INFO - Setting next_dagrun for dataset_alias_example_alias_producer_with_no_taskflow to None, run_after=None
[2025-11-12T02:51:28.557+0000] {logging_mixin.py:190} INFO - [2025-11-12T02:51:28.557+0000] {dag.py:4180} INFO - Setting next_dagrun for dataset_s3_bucket_consumer_with_no_taskflow to None, run_after=None
[2025-11-12T02:51:28.560+0000] {logging_mixin.py:190} INFO - [2025-11-12T02:51:28.560+0000] {dag.py:4180} INFO - Setting next_dagrun for dataset_s3_bucket_producer_with_no_taskflow to None, run_after=None
[2025-11-12T02:51:28.600+0000] {processor.py:208} INFO - Processing /home/airflow/.local/lib/python3.12/site-packages/airflow/example_dags/example_dataset_alias_with_no_taskflow.py took 0.492 seconds
[2025-11-12T02:51:58.823+0000] {processor.py:186} INFO - Started process (PID=217) to work on /home/airflow/.local/lib/python3.12/site-packages/airflow/example_dags/example_dataset_alias_with_no_taskflow.py
[2025-11-12T02:51:58.825+0000] {processor.py:914} INFO - Processing file /home/airflow/.local/lib/python3.12/site-packages/airflow/example_dags/example_dataset_alias_with_no_taskflow.py for tasks to queue
[2025-11-12T02:51:58.831+0000] {logging_mixin.py:190} INFO - [2025-11-12T02:51:58.830+0000] {dagbag.py:588} INFO - Filling up the DagBag from /home/airflow/.local/lib/python3.12/site-packages/airflow/example_dags/example_dataset_alias_with_no_taskflow.py
[2025-11-12T02:51:59.129+0000] {processor.py:925} INFO - DAG(s) 'dataset_alias_example_alias_producer_with_no_taskflow', 'dataset_alias_example_alias_consumer_with_no_taskflow', 'dataset_s3_bucket_consumer_with_no_taskflow', 'dataset_s3_bucket_producer_with_no_taskflow' retrieved from /home/airflow/.local/lib/python3.12/site-packages/airflow/example_dags/example_dataset_alias_with_no_taskflow.py
[2025-11-12T02:51:59.175+0000] {logging_mixin.py:190} INFO - [2025-11-12T02:51:59.174+0000] {dag.py:3239} INFO - Sync 4 DAGs
[2025-11-12T02:51:59.216+0000] {logging_mixin.py:190} INFO - [2025-11-12T02:51:59.215+0000] {dag.py:4180} INFO - Setting next_dagrun for dataset_alias_example_alias_consumer_with_no_taskflow to None, run_after=None
[2025-11-12T02:51:59.221+0000] {logging_mixin.py:190} INFO - [2025-11-12T02:51:59.221+0000] {dag.py:4180} INFO - Setting next_dagrun for dataset_alias_example_alias_producer_with_no_taskflow to None, run_after=None
[2025-11-12T02:51:59.224+0000] {logging_mixin.py:190} INFO - [2025-11-12T02:51:59.224+0000] {dag.py:4180} INFO - Setting next_dagrun for dataset_s3_bucket_consumer_with_no_taskflow to None, run_after=None
[2025-11-12T02:51:59.226+0000] {logging_mixin.py:190} INFO - [2025-11-12T02:51:59.226+0000] {dag.py:4180} INFO - Setting next_dagrun for dataset_s3_bucket_producer_with_no_taskflow to None, run_after=None
[2025-11-12T02:51:59.256+0000] {processor.py:208} INFO - Processing /home/airflow/.local/lib/python3.12/site-packages/airflow/example_dags/example_dataset_alias_with_no_taskflow.py took 0.446 seconds
