[2025-11-12T02:50:54.371+0000] {processor.py:186} INFO - Started process (PID=77) to work on /home/airflow/.local/lib/python3.12/site-packages/airflow/example_dags/example_branch_python_dop_operator_3.py
[2025-11-12T02:50:54.373+0000] {processor.py:914} INFO - Processing file /home/airflow/.local/lib/python3.12/site-packages/airflow/example_dags/example_branch_python_dop_operator_3.py for tasks to queue
[2025-11-12T02:50:54.377+0000] {logging_mixin.py:190} INFO - [2025-11-12T02:50:54.377+0000] {dagbag.py:588} INFO - Filling up the DagBag from /home/airflow/.local/lib/python3.12/site-packages/airflow/example_dags/example_branch_python_dop_operator_3.py
[2025-11-12T02:50:54.395+0000] {processor.py:925} INFO - DAG(s) 'example_branch_dop_operator_v3' retrieved from /home/airflow/.local/lib/python3.12/site-packages/airflow/example_dags/example_branch_python_dop_operator_3.py
[2025-11-12T02:50:54.568+0000] {logging_mixin.py:190} INFO - [2025-11-12T02:50:54.567+0000] {override.py:1900} INFO - Created Permission View: can read on DAG:example_branch_dop_operator_v3
[2025-11-12T02:50:54.580+0000] {logging_mixin.py:190} INFO - [2025-11-12T02:50:54.580+0000] {override.py:1900} INFO - Created Permission View: can edit on DAG:example_branch_dop_operator_v3
[2025-11-12T02:50:54.589+0000] {logging_mixin.py:190} INFO - [2025-11-12T02:50:54.588+0000] {override.py:1900} INFO - Created Permission View: can delete on DAG:example_branch_dop_operator_v3
[2025-11-12T02:50:54.598+0000] {logging_mixin.py:190} INFO - [2025-11-12T02:50:54.598+0000] {override.py:1900} INFO - Created Permission View: can read on DAG Run:example_branch_dop_operator_v3
[2025-11-12T02:50:54.607+0000] {logging_mixin.py:190} INFO - [2025-11-12T02:50:54.607+0000] {override.py:1900} INFO - Created Permission View: menu access on DAG Run:example_branch_dop_operator_v3
[2025-11-12T02:50:54.615+0000] {logging_mixin.py:190} INFO - [2025-11-12T02:50:54.614+0000] {override.py:1900} INFO - Created Permission View: can create on DAG Run:example_branch_dop_operator_v3
[2025-11-12T02:50:54.623+0000] {logging_mixin.py:190} INFO - [2025-11-12T02:50:54.623+0000] {override.py:1900} INFO - Created Permission View: can delete on DAG Run:example_branch_dop_operator_v3
[2025-11-12T02:50:54.624+0000] {logging_mixin.py:190} INFO - [2025-11-12T02:50:54.624+0000] {dag.py:3239} INFO - Sync 1 DAGs
[2025-11-12T02:50:54.640+0000] {logging_mixin.py:190} INFO - [2025-11-12T02:50:54.640+0000] {dag.py:3262} INFO - Creating ORM DAG for example_branch_dop_operator_v3
[2025-11-12T02:50:54.655+0000] {logging_mixin.py:190} INFO - [2025-11-12T02:50:54.655+0000] {dag.py:4180} INFO - Setting next_dagrun for example_branch_dop_operator_v3 to 2025-11-12 02:49:00+00:00, run_after=2025-11-12 02:50:00+00:00
[2025-11-12T02:50:54.679+0000] {processor.py:208} INFO - Processing /home/airflow/.local/lib/python3.12/site-packages/airflow/example_dags/example_branch_python_dop_operator_3.py took 0.319 seconds
[2025-11-12T02:51:24.739+0000] {processor.py:186} INFO - Started process (PID=139) to work on /home/airflow/.local/lib/python3.12/site-packages/airflow/example_dags/example_branch_python_dop_operator_3.py
[2025-11-12T02:51:24.741+0000] {processor.py:914} INFO - Processing file /home/airflow/.local/lib/python3.12/site-packages/airflow/example_dags/example_branch_python_dop_operator_3.py for tasks to queue
[2025-11-12T02:51:24.745+0000] {logging_mixin.py:190} INFO - [2025-11-12T02:51:24.744+0000] {dagbag.py:588} INFO - Filling up the DagBag from /home/airflow/.local/lib/python3.12/site-packages/airflow/example_dags/example_branch_python_dop_operator_3.py
[2025-11-12T02:51:24.759+0000] {processor.py:925} INFO - DAG(s) 'example_branch_dop_operator_v3' retrieved from /home/airflow/.local/lib/python3.12/site-packages/airflow/example_dags/example_branch_python_dop_operator_3.py
[2025-11-12T02:51:24.786+0000] {logging_mixin.py:190} INFO - [2025-11-12T02:51:24.786+0000] {dag.py:3239} INFO - Sync 1 DAGs
[2025-11-12T02:51:24.821+0000] {logging_mixin.py:190} INFO - [2025-11-12T02:51:24.821+0000] {dag.py:4180} INFO - Setting next_dagrun for example_branch_dop_operator_v3 to 2025-11-12 02:50:00+00:00, run_after=2025-11-12 02:51:00+00:00
[2025-11-12T02:51:24.852+0000] {processor.py:208} INFO - Processing /home/airflow/.local/lib/python3.12/site-packages/airflow/example_dags/example_branch_python_dop_operator_3.py took 0.120 seconds
[2025-11-12T02:51:55.030+0000] {processor.py:186} INFO - Started process (PID=202) to work on /home/airflow/.local/lib/python3.12/site-packages/airflow/example_dags/example_branch_python_dop_operator_3.py
[2025-11-12T02:51:55.032+0000] {processor.py:914} INFO - Processing file /home/airflow/.local/lib/python3.12/site-packages/airflow/example_dags/example_branch_python_dop_operator_3.py for tasks to queue
[2025-11-12T02:51:55.035+0000] {logging_mixin.py:190} INFO - [2025-11-12T02:51:55.035+0000] {dagbag.py:588} INFO - Filling up the DagBag from /home/airflow/.local/lib/python3.12/site-packages/airflow/example_dags/example_branch_python_dop_operator_3.py
[2025-11-12T02:51:55.052+0000] {processor.py:925} INFO - DAG(s) 'example_branch_dop_operator_v3' retrieved from /home/airflow/.local/lib/python3.12/site-packages/airflow/example_dags/example_branch_python_dop_operator_3.py
[2025-11-12T02:51:55.082+0000] {logging_mixin.py:190} INFO - [2025-11-12T02:51:55.082+0000] {dag.py:3239} INFO - Sync 1 DAGs
[2025-11-12T02:51:55.129+0000] {logging_mixin.py:190} INFO - [2025-11-12T02:51:55.128+0000] {dag.py:4180} INFO - Setting next_dagrun for example_branch_dop_operator_v3 to 2025-11-12 02:50:00+00:00, run_after=2025-11-12 02:51:00+00:00
[2025-11-12T02:51:55.155+0000] {processor.py:208} INFO - Processing /home/airflow/.local/lib/python3.12/site-packages/airflow/example_dags/example_branch_python_dop_operator_3.py took 0.134 seconds
