[2025-11-12T02:50:52.956+0000] {processor.py:186} INFO - Started process (PID=71) to work on /home/airflow/.local/lib/python3.12/site-packages/airflow/example_dags/example_params_ui_tutorial.py
[2025-11-12T02:50:52.958+0000] {processor.py:914} INFO - Processing file /home/airflow/.local/lib/python3.12/site-packages/airflow/example_dags/example_params_ui_tutorial.py for tasks to queue
[2025-11-12T02:50:52.964+0000] {logging_mixin.py:190} INFO - [2025-11-12T02:50:52.963+0000] {dagbag.py:588} INFO - Filling up the DagBag from /home/airflow/.local/lib/python3.12/site-packages/airflow/example_dags/example_params_ui_tutorial.py
[2025-11-12T02:50:52.987+0000] {processor.py:925} INFO - DAG(s) 'example_params_ui_tutorial' retrieved from /home/airflow/.local/lib/python3.12/site-packages/airflow/example_dags/example_params_ui_tutorial.py
[2025-11-12T02:50:53.223+0000] {logging_mixin.py:190} INFO - [2025-11-12T02:50:53.222+0000] {override.py:1900} INFO - Created Permission View: can read on DAG:example_params_ui_tutorial
[2025-11-12T02:50:53.239+0000] {logging_mixin.py:190} INFO - [2025-11-12T02:50:53.238+0000] {override.py:1900} INFO - Created Permission View: can edit on DAG:example_params_ui_tutorial
[2025-11-12T02:50:53.247+0000] {logging_mixin.py:190} INFO - [2025-11-12T02:50:53.247+0000] {override.py:1900} INFO - Created Permission View: can delete on DAG:example_params_ui_tutorial
[2025-11-12T02:50:53.258+0000] {logging_mixin.py:190} INFO - [2025-11-12T02:50:53.258+0000] {override.py:1900} INFO - Created Permission View: can read on DAG Run:example_params_ui_tutorial
[2025-11-12T02:50:53.266+0000] {logging_mixin.py:190} INFO - [2025-11-12T02:50:53.266+0000] {override.py:1900} INFO - Created Permission View: menu access on DAG Run:example_params_ui_tutorial
[2025-11-12T02:50:53.276+0000] {logging_mixin.py:190} INFO - [2025-11-12T02:50:53.276+0000] {override.py:1900} INFO - Created Permission View: can create on DAG Run:example_params_ui_tutorial
[2025-11-12T02:50:53.285+0000] {logging_mixin.py:190} INFO - [2025-11-12T02:50:53.284+0000] {override.py:1900} INFO - Created Permission View: can delete on DAG Run:example_params_ui_tutorial
[2025-11-12T02:50:53.286+0000] {logging_mixin.py:190} INFO - [2025-11-12T02:50:53.286+0000] {dag.py:3239} INFO - Sync 1 DAGs
[2025-11-12T02:50:53.303+0000] {logging_mixin.py:190} INFO - [2025-11-12T02:50:53.302+0000] {dag.py:3262} INFO - Creating ORM DAG for example_params_ui_tutorial
[2025-11-12T02:50:53.304+0000] {logging_mixin.py:190} INFO - [2025-11-12T02:50:53.304+0000] {dag.py:4180} INFO - Setting next_dagrun for example_params_ui_tutorial to None, run_after=None
[2025-11-12T02:50:53.327+0000] {processor.py:208} INFO - Processing /home/airflow/.local/lib/python3.12/site-packages/airflow/example_dags/example_params_ui_tutorial.py took 0.382 seconds
[2025-11-12T02:51:23.435+0000] {processor.py:186} INFO - Started process (PID=132) to work on /home/airflow/.local/lib/python3.12/site-packages/airflow/example_dags/example_params_ui_tutorial.py
[2025-11-12T02:51:23.437+0000] {processor.py:914} INFO - Processing file /home/airflow/.local/lib/python3.12/site-packages/airflow/example_dags/example_params_ui_tutorial.py for tasks to queue
[2025-11-12T02:51:23.441+0000] {logging_mixin.py:190} INFO - [2025-11-12T02:51:23.441+0000] {dagbag.py:588} INFO - Filling up the DagBag from /home/airflow/.local/lib/python3.12/site-packages/airflow/example_dags/example_params_ui_tutorial.py
[2025-11-12T02:51:23.457+0000] {processor.py:925} INFO - DAG(s) 'example_params_ui_tutorial' retrieved from /home/airflow/.local/lib/python3.12/site-packages/airflow/example_dags/example_params_ui_tutorial.py
[2025-11-12T02:51:23.543+0000] {logging_mixin.py:190} INFO - [2025-11-12T02:51:23.543+0000] {dag.py:3239} INFO - Sync 1 DAGs
[2025-11-12T02:51:23.566+0000] {logging_mixin.py:190} INFO - [2025-11-12T02:51:23.565+0000] {dag.py:4180} INFO - Setting next_dagrun for example_params_ui_tutorial to None, run_after=None
[2025-11-12T02:51:23.594+0000] {processor.py:208} INFO - Processing /home/airflow/.local/lib/python3.12/site-packages/airflow/example_dags/example_params_ui_tutorial.py took 0.169 seconds
[2025-11-12T02:51:54.146+0000] {processor.py:186} INFO - Started process (PID=195) to work on /home/airflow/.local/lib/python3.12/site-packages/airflow/example_dags/example_params_ui_tutorial.py
[2025-11-12T02:51:54.147+0000] {processor.py:914} INFO - Processing file /home/airflow/.local/lib/python3.12/site-packages/airflow/example_dags/example_params_ui_tutorial.py for tasks to queue
[2025-11-12T02:51:54.152+0000] {logging_mixin.py:190} INFO - [2025-11-12T02:51:54.151+0000] {dagbag.py:588} INFO - Filling up the DagBag from /home/airflow/.local/lib/python3.12/site-packages/airflow/example_dags/example_params_ui_tutorial.py
[2025-11-12T02:51:54.167+0000] {processor.py:925} INFO - DAG(s) 'example_params_ui_tutorial' retrieved from /home/airflow/.local/lib/python3.12/site-packages/airflow/example_dags/example_params_ui_tutorial.py
[2025-11-12T02:51:54.228+0000] {logging_mixin.py:190} INFO - [2025-11-12T02:51:54.228+0000] {dag.py:3239} INFO - Sync 1 DAGs
[2025-11-12T02:51:54.249+0000] {logging_mixin.py:190} INFO - [2025-11-12T02:51:54.248+0000] {dag.py:4180} INFO - Setting next_dagrun for example_params_ui_tutorial to None, run_after=None
[2025-11-12T02:51:54.273+0000] {processor.py:208} INFO - Processing /home/airflow/.local/lib/python3.12/site-packages/airflow/example_dags/example_params_ui_tutorial.py took 0.136 seconds
