[2025-11-12T02:50:56.701+0000] {processor.py:186} INFO - Started process (PID=89) to work on /home/airflow/.local/lib/python3.12/site-packages/airflow/example_dags/example_trigger_controller_dag.py
[2025-11-12T02:50:56.703+0000] {processor.py:914} INFO - Processing file /home/airflow/.local/lib/python3.12/site-packages/airflow/example_dags/example_trigger_controller_dag.py for tasks to queue
[2025-11-12T02:50:56.708+0000] {logging_mixin.py:190} INFO - [2025-11-12T02:50:56.707+0000] {dagbag.py:588} INFO - Filling up the DagBag from /home/airflow/.local/lib/python3.12/site-packages/airflow/example_dags/example_trigger_controller_dag.py
[2025-11-12T02:50:56.722+0000] {processor.py:925} INFO - DAG(s) 'example_trigger_controller_dag' retrieved from /home/airflow/.local/lib/python3.12/site-packages/airflow/example_dags/example_trigger_controller_dag.py
[2025-11-12T02:50:56.914+0000] {logging_mixin.py:190} INFO - [2025-11-12T02:50:56.913+0000] {override.py:1900} INFO - Created Permission View: can read on DAG:example_trigger_controller_dag
[2025-11-12T02:50:56.926+0000] {logging_mixin.py:190} INFO - [2025-11-12T02:50:56.925+0000] {override.py:1900} INFO - Created Permission View: can edit on DAG:example_trigger_controller_dag
[2025-11-12T02:50:56.936+0000] {logging_mixin.py:190} INFO - [2025-11-12T02:50:56.935+0000] {override.py:1900} INFO - Created Permission View: can delete on DAG:example_trigger_controller_dag
[2025-11-12T02:50:56.946+0000] {logging_mixin.py:190} INFO - [2025-11-12T02:50:56.945+0000] {override.py:1900} INFO - Created Permission View: can read on DAG Run:example_trigger_controller_dag
[2025-11-12T02:50:56.954+0000] {logging_mixin.py:190} INFO - [2025-11-12T02:50:56.953+0000] {override.py:1900} INFO - Created Permission View: menu access on DAG Run:example_trigger_controller_dag
[2025-11-12T02:50:56.961+0000] {logging_mixin.py:190} INFO - [2025-11-12T02:50:56.961+0000] {override.py:1900} INFO - Created Permission View: can create on DAG Run:example_trigger_controller_dag
[2025-11-12T02:50:56.969+0000] {logging_mixin.py:190} INFO - [2025-11-12T02:50:56.968+0000] {override.py:1900} INFO - Created Permission View: can delete on DAG Run:example_trigger_controller_dag
[2025-11-12T02:50:56.969+0000] {logging_mixin.py:190} INFO - [2025-11-12T02:50:56.969+0000] {dag.py:3239} INFO - Sync 1 DAGs
[2025-11-12T02:50:56.984+0000] {logging_mixin.py:190} INFO - [2025-11-12T02:50:56.984+0000] {dag.py:3262} INFO - Creating ORM DAG for example_trigger_controller_dag
[2025-11-12T02:50:56.996+0000] {logging_mixin.py:190} INFO - [2025-11-12T02:50:56.996+0000] {dag.py:4180} INFO - Setting next_dagrun for example_trigger_controller_dag to 2021-01-01 00:00:00+00:00, run_after=2021-01-01 00:00:00+00:00
[2025-11-12T02:50:57.016+0000] {processor.py:208} INFO - Processing /home/airflow/.local/lib/python3.12/site-packages/airflow/example_dags/example_trigger_controller_dag.py took 0.329 seconds
[2025-11-12T02:51:27.089+0000] {processor.py:186} INFO - Started process (PID=151) to work on /home/airflow/.local/lib/python3.12/site-packages/airflow/example_dags/example_trigger_controller_dag.py
[2025-11-12T02:51:27.090+0000] {processor.py:914} INFO - Processing file /home/airflow/.local/lib/python3.12/site-packages/airflow/example_dags/example_trigger_controller_dag.py for tasks to queue
[2025-11-12T02:51:27.096+0000] {logging_mixin.py:190} INFO - [2025-11-12T02:51:27.095+0000] {dagbag.py:588} INFO - Filling up the DagBag from /home/airflow/.local/lib/python3.12/site-packages/airflow/example_dags/example_trigger_controller_dag.py
[2025-11-12T02:51:27.107+0000] {processor.py:925} INFO - DAG(s) 'example_trigger_controller_dag' retrieved from /home/airflow/.local/lib/python3.12/site-packages/airflow/example_dags/example_trigger_controller_dag.py
[2025-11-12T02:51:27.135+0000] {logging_mixin.py:190} INFO - [2025-11-12T02:51:27.134+0000] {dag.py:3239} INFO - Sync 1 DAGs
[2025-11-12T02:51:27.164+0000] {logging_mixin.py:190} INFO - [2025-11-12T02:51:27.164+0000] {dag.py:4180} INFO - Setting next_dagrun for example_trigger_controller_dag to 2021-01-01 00:00:00+00:00, run_after=2021-01-01 00:00:00+00:00
[2025-11-12T02:51:27.188+0000] {processor.py:208} INFO - Processing /home/airflow/.local/lib/python3.12/site-packages/airflow/example_dags/example_trigger_controller_dag.py took 0.110 seconds
[2025-11-12T02:51:57.565+0000] {processor.py:186} INFO - Started process (PID=214) to work on /home/airflow/.local/lib/python3.12/site-packages/airflow/example_dags/example_trigger_controller_dag.py
[2025-11-12T02:51:57.567+0000] {processor.py:914} INFO - Processing file /home/airflow/.local/lib/python3.12/site-packages/airflow/example_dags/example_trigger_controller_dag.py for tasks to queue
[2025-11-12T02:51:57.572+0000] {logging_mixin.py:190} INFO - [2025-11-12T02:51:57.571+0000] {dagbag.py:588} INFO - Filling up the DagBag from /home/airflow/.local/lib/python3.12/site-packages/airflow/example_dags/example_trigger_controller_dag.py
[2025-11-12T02:51:57.583+0000] {processor.py:925} INFO - DAG(s) 'example_trigger_controller_dag' retrieved from /home/airflow/.local/lib/python3.12/site-packages/airflow/example_dags/example_trigger_controller_dag.py
[2025-11-12T02:51:57.617+0000] {logging_mixin.py:190} INFO - [2025-11-12T02:51:57.616+0000] {dag.py:3239} INFO - Sync 1 DAGs
[2025-11-12T02:51:57.655+0000] {logging_mixin.py:190} INFO - [2025-11-12T02:51:57.655+0000] {dag.py:4180} INFO - Setting next_dagrun for example_trigger_controller_dag to 2021-01-01 00:00:00+00:00, run_after=2021-01-01 00:00:00+00:00
[2025-11-12T02:51:57.689+0000] {processor.py:208} INFO - Processing /home/airflow/.local/lib/python3.12/site-packages/airflow/example_dags/example_trigger_controller_dag.py took 0.134 seconds
