[2025-11-12T02:50:54.014+0000] {processor.py:186} INFO - Started process (PID=75) to work on /home/airflow/.local/lib/python3.12/site-packages/airflow/example_dags/example_python_operator.py
[2025-11-12T02:50:54.016+0000] {processor.py:914} INFO - Processing file /home/airflow/.local/lib/python3.12/site-packages/airflow/example_dags/example_python_operator.py for tasks to queue
[2025-11-12T02:50:54.021+0000] {logging_mixin.py:190} INFO - [2025-11-12T02:50:54.020+0000] {dagbag.py:588} INFO - Filling up the DagBag from /home/airflow/.local/lib/python3.12/site-packages/airflow/example_dags/example_python_operator.py
[2025-11-12T02:50:54.050+0000] {processor.py:925} INFO - DAG(s) 'example_python_operator' retrieved from /home/airflow/.local/lib/python3.12/site-packages/airflow/example_dags/example_python_operator.py
[2025-11-12T02:50:54.212+0000] {logging_mixin.py:190} INFO - [2025-11-12T02:50:54.211+0000] {override.py:1900} INFO - Created Permission View: can read on DAG:example_python_operator
[2025-11-12T02:50:54.224+0000] {logging_mixin.py:190} INFO - [2025-11-12T02:50:54.223+0000] {override.py:1900} INFO - Created Permission View: can edit on DAG:example_python_operator
[2025-11-12T02:50:54.232+0000] {logging_mixin.py:190} INFO - [2025-11-12T02:50:54.232+0000] {override.py:1900} INFO - Created Permission View: can delete on DAG:example_python_operator
[2025-11-12T02:50:54.244+0000] {logging_mixin.py:190} INFO - [2025-11-12T02:50:54.244+0000] {override.py:1900} INFO - Created Permission View: can read on DAG Run:example_python_operator
[2025-11-12T02:50:54.252+0000] {logging_mixin.py:190} INFO - [2025-11-12T02:50:54.252+0000] {override.py:1900} INFO - Created Permission View: menu access on DAG Run:example_python_operator
[2025-11-12T02:50:54.262+0000] {logging_mixin.py:190} INFO - [2025-11-12T02:50:54.261+0000] {override.py:1900} INFO - Created Permission View: can create on DAG Run:example_python_operator
[2025-11-12T02:50:54.270+0000] {logging_mixin.py:190} INFO - [2025-11-12T02:50:54.270+0000] {override.py:1900} INFO - Created Permission View: can delete on DAG Run:example_python_operator
[2025-11-12T02:50:54.272+0000] {logging_mixin.py:190} INFO - [2025-11-12T02:50:54.271+0000] {dag.py:3239} INFO - Sync 1 DAGs
[2025-11-12T02:50:54.287+0000] {logging_mixin.py:190} INFO - [2025-11-12T02:50:54.286+0000] {dag.py:3262} INFO - Creating ORM DAG for example_python_operator
[2025-11-12T02:50:54.289+0000] {logging_mixin.py:190} INFO - [2025-11-12T02:50:54.288+0000] {dag.py:4180} INFO - Setting next_dagrun for example_python_operator to None, run_after=None
[2025-11-12T02:50:54.310+0000] {processor.py:208} INFO - Processing /home/airflow/.local/lib/python3.12/site-packages/airflow/example_dags/example_python_operator.py took 0.305 seconds
[2025-11-12T02:51:24.413+0000] {processor.py:186} INFO - Started process (PID=137) to work on /home/airflow/.local/lib/python3.12/site-packages/airflow/example_dags/example_python_operator.py
[2025-11-12T02:51:24.415+0000] {processor.py:914} INFO - Processing file /home/airflow/.local/lib/python3.12/site-packages/airflow/example_dags/example_python_operator.py for tasks to queue
[2025-11-12T02:51:24.418+0000] {logging_mixin.py:190} INFO - [2025-11-12T02:51:24.418+0000] {dagbag.py:588} INFO - Filling up the DagBag from /home/airflow/.local/lib/python3.12/site-packages/airflow/example_dags/example_python_operator.py
[2025-11-12T02:51:24.436+0000] {processor.py:925} INFO - DAG(s) 'example_python_operator' retrieved from /home/airflow/.local/lib/python3.12/site-packages/airflow/example_dags/example_python_operator.py
[2025-11-12T02:51:24.471+0000] {logging_mixin.py:190} INFO - [2025-11-12T02:51:24.470+0000] {dag.py:3239} INFO - Sync 1 DAGs
[2025-11-12T02:51:24.490+0000] {logging_mixin.py:190} INFO - [2025-11-12T02:51:24.490+0000] {dag.py:4180} INFO - Setting next_dagrun for example_python_operator to None, run_after=None
[2025-11-12T02:51:24.514+0000] {processor.py:208} INFO - Processing /home/airflow/.local/lib/python3.12/site-packages/airflow/example_dags/example_python_operator.py took 0.109 seconds
[2025-11-12T02:51:54.860+0000] {processor.py:186} INFO - Started process (PID=200) to work on /home/airflow/.local/lib/python3.12/site-packages/airflow/example_dags/example_python_operator.py
[2025-11-12T02:51:54.861+0000] {processor.py:914} INFO - Processing file /home/airflow/.local/lib/python3.12/site-packages/airflow/example_dags/example_python_operator.py for tasks to queue
[2025-11-12T02:51:54.865+0000] {logging_mixin.py:190} INFO - [2025-11-12T02:51:54.864+0000] {dagbag.py:588} INFO - Filling up the DagBag from /home/airflow/.local/lib/python3.12/site-packages/airflow/example_dags/example_python_operator.py
[2025-11-12T02:51:54.881+0000] {processor.py:925} INFO - DAG(s) 'example_python_operator' retrieved from /home/airflow/.local/lib/python3.12/site-packages/airflow/example_dags/example_python_operator.py
[2025-11-12T02:51:54.913+0000] {logging_mixin.py:190} INFO - [2025-11-12T02:51:54.912+0000] {dag.py:3239} INFO - Sync 1 DAGs
[2025-11-12T02:51:54.936+0000] {logging_mixin.py:190} INFO - [2025-11-12T02:51:54.936+0000] {dag.py:4180} INFO - Setting next_dagrun for example_python_operator to None, run_after=None
[2025-11-12T02:51:54.974+0000] {processor.py:208} INFO - Processing /home/airflow/.local/lib/python3.12/site-packages/airflow/example_dags/example_python_operator.py took 0.123 seconds
