[2025-11-12T02:50:54.120+0000] {processor.py:186} INFO - Started process (PID=76) to work on /home/airflow/.local/lib/python3.12/site-packages/airflow/example_dags/example_latest_only_with_trigger.py
[2025-11-12T02:50:54.122+0000] {processor.py:914} INFO - Processing file /home/airflow/.local/lib/python3.12/site-packages/airflow/example_dags/example_latest_only_with_trigger.py for tasks to queue
[2025-11-12T02:50:54.125+0000] {logging_mixin.py:190} INFO - [2025-11-12T02:50:54.125+0000] {dagbag.py:588} INFO - Filling up the DagBag from /home/airflow/.local/lib/python3.12/site-packages/airflow/example_dags/example_latest_only_with_trigger.py
[2025-11-12T02:50:54.140+0000] {processor.py:925} INFO - DAG(s) 'latest_only_with_trigger' retrieved from /home/airflow/.local/lib/python3.12/site-packages/airflow/example_dags/example_latest_only_with_trigger.py
[2025-11-12T02:50:54.298+0000] {logging_mixin.py:190} INFO - [2025-11-12T02:50:54.297+0000] {override.py:1900} INFO - Created Permission View: can read on DAG:latest_only_with_trigger
[2025-11-12T02:50:54.311+0000] {logging_mixin.py:190} INFO - [2025-11-12T02:50:54.310+0000] {override.py:1900} INFO - Created Permission View: can edit on DAG:latest_only_with_trigger
[2025-11-12T02:50:54.321+0000] {logging_mixin.py:190} INFO - [2025-11-12T02:50:54.320+0000] {override.py:1900} INFO - Created Permission View: can delete on DAG:latest_only_with_trigger
[2025-11-12T02:50:54.331+0000] {logging_mixin.py:190} INFO - [2025-11-12T02:50:54.330+0000] {override.py:1900} INFO - Created Permission View: can read on DAG Run:latest_only_with_trigger
[2025-11-12T02:50:54.350+0000] {logging_mixin.py:190} INFO - [2025-11-12T02:50:54.349+0000] {override.py:1900} INFO - Created Permission View: menu access on DAG Run:latest_only_with_trigger
[2025-11-12T02:50:54.361+0000] {logging_mixin.py:190} INFO - [2025-11-12T02:50:54.361+0000] {override.py:1900} INFO - Created Permission View: can create on DAG Run:latest_only_with_trigger
[2025-11-12T02:50:54.370+0000] {logging_mixin.py:190} INFO - [2025-11-12T02:50:54.370+0000] {override.py:1900} INFO - Created Permission View: can delete on DAG Run:latest_only_with_trigger
[2025-11-12T02:50:54.372+0000] {logging_mixin.py:190} INFO - [2025-11-12T02:50:54.371+0000] {dag.py:3239} INFO - Sync 1 DAGs
[2025-11-12T02:50:54.388+0000] {logging_mixin.py:190} INFO - [2025-11-12T02:50:54.388+0000] {dag.py:3262} INFO - Creating ORM DAG for latest_only_with_trigger
[2025-11-12T02:50:54.402+0000] {logging_mixin.py:190} INFO - [2025-11-12T02:50:54.401+0000] {dag.py:4180} INFO - Setting next_dagrun for latest_only_with_trigger to 2025-11-11 20:00:00+00:00, run_after=2025-11-12 00:00:00+00:00
[2025-11-12T02:50:54.423+0000] {processor.py:208} INFO - Processing /home/airflow/.local/lib/python3.12/site-packages/airflow/example_dags/example_latest_only_with_trigger.py took 0.313 seconds
[2025-11-12T02:51:24.578+0000] {processor.py:186} INFO - Started process (PID=138) to work on /home/airflow/.local/lib/python3.12/site-packages/airflow/example_dags/example_latest_only_with_trigger.py
[2025-11-12T02:51:24.579+0000] {processor.py:914} INFO - Processing file /home/airflow/.local/lib/python3.12/site-packages/airflow/example_dags/example_latest_only_with_trigger.py for tasks to queue
[2025-11-12T02:51:24.583+0000] {logging_mixin.py:190} INFO - [2025-11-12T02:51:24.582+0000] {dagbag.py:588} INFO - Filling up the DagBag from /home/airflow/.local/lib/python3.12/site-packages/airflow/example_dags/example_latest_only_with_trigger.py
[2025-11-12T02:51:24.596+0000] {processor.py:925} INFO - DAG(s) 'latest_only_with_trigger' retrieved from /home/airflow/.local/lib/python3.12/site-packages/airflow/example_dags/example_latest_only_with_trigger.py
[2025-11-12T02:51:24.625+0000] {logging_mixin.py:190} INFO - [2025-11-12T02:51:24.624+0000] {dag.py:3239} INFO - Sync 1 DAGs
[2025-11-12T02:51:24.653+0000] {logging_mixin.py:190} INFO - [2025-11-12T02:51:24.652+0000] {dag.py:4180} INFO - Setting next_dagrun for latest_only_with_trigger to 2025-11-11 20:00:00+00:00, run_after=2025-11-12 00:00:00+00:00
[2025-11-12T02:51:24.678+0000] {processor.py:208} INFO - Processing /home/airflow/.local/lib/python3.12/site-packages/airflow/example_dags/example_latest_only_with_trigger.py took 0.109 seconds
[2025-11-12T02:51:54.963+0000] {processor.py:186} INFO - Started process (PID=201) to work on /home/airflow/.local/lib/python3.12/site-packages/airflow/example_dags/example_latest_only_with_trigger.py
[2025-11-12T02:51:54.965+0000] {processor.py:914} INFO - Processing file /home/airflow/.local/lib/python3.12/site-packages/airflow/example_dags/example_latest_only_with_trigger.py for tasks to queue
[2025-11-12T02:51:54.970+0000] {logging_mixin.py:190} INFO - [2025-11-12T02:51:54.969+0000] {dagbag.py:588} INFO - Filling up the DagBag from /home/airflow/.local/lib/python3.12/site-packages/airflow/example_dags/example_latest_only_with_trigger.py
[2025-11-12T02:51:54.985+0000] {processor.py:925} INFO - DAG(s) 'latest_only_with_trigger' retrieved from /home/airflow/.local/lib/python3.12/site-packages/airflow/example_dags/example_latest_only_with_trigger.py
[2025-11-12T02:51:55.021+0000] {logging_mixin.py:190} INFO - [2025-11-12T02:51:55.020+0000] {dag.py:3239} INFO - Sync 1 DAGs
[2025-11-12T02:51:55.055+0000] {logging_mixin.py:190} INFO - [2025-11-12T02:51:55.055+0000] {dag.py:4180} INFO - Setting next_dagrun for latest_only_with_trigger to 2025-11-11 20:00:00+00:00, run_after=2025-11-12 00:00:00+00:00
[2025-11-12T02:51:55.084+0000] {processor.py:208} INFO - Processing /home/airflow/.local/lib/python3.12/site-packages/airflow/example_dags/example_latest_only_with_trigger.py took 0.135 seconds
