[2025-11-12T02:50:58.077+0000] {processor.py:186} INFO - Started process (PID=95) to work on /home/airflow/.local/lib/python3.12/site-packages/airflow/example_dags/example_dynamic_task_mapping.py
[2025-11-12T02:50:58.079+0000] {processor.py:914} INFO - Processing file /home/airflow/.local/lib/python3.12/site-packages/airflow/example_dags/example_dynamic_task_mapping.py for tasks to queue
[2025-11-12T02:50:58.083+0000] {logging_mixin.py:190} INFO - [2025-11-12T02:50:58.082+0000] {dagbag.py:588} INFO - Filling up the DagBag from /home/airflow/.local/lib/python3.12/site-packages/airflow/example_dags/example_dynamic_task_mapping.py
[2025-11-12T02:50:58.096+0000] {processor.py:925} INFO - DAG(s) 'example_dynamic_task_mapping' retrieved from /home/airflow/.local/lib/python3.12/site-packages/airflow/example_dags/example_dynamic_task_mapping.py
[2025-11-12T02:50:58.247+0000] {logging_mixin.py:190} INFO - [2025-11-12T02:50:58.246+0000] {override.py:1900} INFO - Created Permission View: can read on DAG:example_dynamic_task_mapping
[2025-11-12T02:50:58.260+0000] {logging_mixin.py:190} INFO - [2025-11-12T02:50:58.260+0000] {override.py:1900} INFO - Created Permission View: can edit on DAG:example_dynamic_task_mapping
[2025-11-12T02:50:58.269+0000] {logging_mixin.py:190} INFO - [2025-11-12T02:50:58.269+0000] {override.py:1900} INFO - Created Permission View: can delete on DAG:example_dynamic_task_mapping
[2025-11-12T02:50:58.279+0000] {logging_mixin.py:190} INFO - [2025-11-12T02:50:58.279+0000] {override.py:1900} INFO - Created Permission View: can read on DAG Run:example_dynamic_task_mapping
[2025-11-12T02:50:58.287+0000] {logging_mixin.py:190} INFO - [2025-11-12T02:50:58.287+0000] {override.py:1900} INFO - Created Permission View: menu access on DAG Run:example_dynamic_task_mapping
[2025-11-12T02:50:58.297+0000] {logging_mixin.py:190} INFO - [2025-11-12T02:50:58.297+0000] {override.py:1900} INFO - Created Permission View: can create on DAG Run:example_dynamic_task_mapping
[2025-11-12T02:50:58.306+0000] {logging_mixin.py:190} INFO - [2025-11-12T02:50:58.305+0000] {override.py:1900} INFO - Created Permission View: can delete on DAG Run:example_dynamic_task_mapping
[2025-11-12T02:50:58.307+0000] {logging_mixin.py:190} INFO - [2025-11-12T02:50:58.306+0000] {dag.py:3239} INFO - Sync 1 DAGs
[2025-11-12T02:50:58.327+0000] {logging_mixin.py:190} INFO - [2025-11-12T02:50:58.326+0000] {dag.py:3262} INFO - Creating ORM DAG for example_dynamic_task_mapping
[2025-11-12T02:50:58.330+0000] {logging_mixin.py:190} INFO - [2025-11-12T02:50:58.330+0000] {dag.py:4180} INFO - Setting next_dagrun for example_dynamic_task_mapping to None, run_after=None
[2025-11-12T02:50:58.351+0000] {processor.py:208} INFO - Processing /home/airflow/.local/lib/python3.12/site-packages/airflow/example_dags/example_dynamic_task_mapping.py took 0.282 seconds
[2025-11-12T02:51:28.838+0000] {processor.py:186} INFO - Started process (PID=157) to work on /home/airflow/.local/lib/python3.12/site-packages/airflow/example_dags/example_dynamic_task_mapping.py
[2025-11-12T02:51:28.841+0000] {processor.py:914} INFO - Processing file /home/airflow/.local/lib/python3.12/site-packages/airflow/example_dags/example_dynamic_task_mapping.py for tasks to queue
[2025-11-12T02:51:28.846+0000] {logging_mixin.py:190} INFO - [2025-11-12T02:51:28.845+0000] {dagbag.py:588} INFO - Filling up the DagBag from /home/airflow/.local/lib/python3.12/site-packages/airflow/example_dags/example_dynamic_task_mapping.py
[2025-11-12T02:51:28.871+0000] {processor.py:925} INFO - DAG(s) 'example_dynamic_task_mapping' retrieved from /home/airflow/.local/lib/python3.12/site-packages/airflow/example_dags/example_dynamic_task_mapping.py
[2025-11-12T02:51:28.909+0000] {logging_mixin.py:190} INFO - [2025-11-12T02:51:28.908+0000] {dag.py:3239} INFO - Sync 1 DAGs
[2025-11-12T02:51:28.941+0000] {logging_mixin.py:190} INFO - [2025-11-12T02:51:28.941+0000] {dag.py:4180} INFO - Setting next_dagrun for example_dynamic_task_mapping to None, run_after=None
[2025-11-12T02:51:28.976+0000] {processor.py:208} INFO - Processing /home/airflow/.local/lib/python3.12/site-packages/airflow/example_dags/example_dynamic_task_mapping.py took 0.152 seconds
[2025-11-12T02:51:59.564+0000] {processor.py:186} INFO - Started process (PID=220) to work on /home/airflow/.local/lib/python3.12/site-packages/airflow/example_dags/example_dynamic_task_mapping.py
[2025-11-12T02:51:59.566+0000] {processor.py:914} INFO - Processing file /home/airflow/.local/lib/python3.12/site-packages/airflow/example_dags/example_dynamic_task_mapping.py for tasks to queue
[2025-11-12T02:51:59.571+0000] {logging_mixin.py:190} INFO - [2025-11-12T02:51:59.570+0000] {dagbag.py:588} INFO - Filling up the DagBag from /home/airflow/.local/lib/python3.12/site-packages/airflow/example_dags/example_dynamic_task_mapping.py
[2025-11-12T02:51:59.587+0000] {processor.py:925} INFO - DAG(s) 'example_dynamic_task_mapping' retrieved from /home/airflow/.local/lib/python3.12/site-packages/airflow/example_dags/example_dynamic_task_mapping.py
[2025-11-12T02:51:59.615+0000] {logging_mixin.py:190} INFO - [2025-11-12T02:51:59.615+0000] {dag.py:3239} INFO - Sync 1 DAGs
[2025-11-12T02:51:59.637+0000] {logging_mixin.py:190} INFO - [2025-11-12T02:51:59.636+0000] {dag.py:4180} INFO - Setting next_dagrun for example_dynamic_task_mapping to None, run_after=None
[2025-11-12T02:51:59.657+0000] {processor.py:208} INFO - Processing /home/airflow/.local/lib/python3.12/site-packages/airflow/example_dags/example_dynamic_task_mapping.py took 0.106 seconds
