[2025-11-12T02:50:56.214+0000] {processor.py:186} INFO - Started process (PID=87) to work on /home/airflow/.local/lib/python3.12/site-packages/airflow/example_dags/example_subdag_operator.py
[2025-11-12T02:50:56.216+0000] {processor.py:914} INFO - Processing file /home/airflow/.local/lib/python3.12/site-packages/airflow/example_dags/example_subdag_operator.py for tasks to queue
[2025-11-12T02:50:56.220+0000] {logging_mixin.py:190} INFO - [2025-11-12T02:50:56.219+0000] {dagbag.py:588} INFO - Filling up the DagBag from /home/airflow/.local/lib/python3.12/site-packages/airflow/example_dags/example_subdag_operator.py
[2025-11-12T02:50:56.271+0000] {processor.py:925} INFO - DAG(s) 'example_subdag_operator.section-1', 'example_subdag_operator.section-2', 'example_subdag_operator' retrieved from /home/airflow/.local/lib/python3.12/site-packages/airflow/example_dags/example_subdag_operator.py
[2025-11-12T02:50:56.420+0000] {logging_mixin.py:190} INFO - [2025-11-12T02:50:56.419+0000] {override.py:1900} INFO - Created Permission View: can read on DAG:example_subdag_operator
[2025-11-12T02:50:56.436+0000] {logging_mixin.py:190} INFO - [2025-11-12T02:50:56.436+0000] {override.py:1900} INFO - Created Permission View: can edit on DAG:example_subdag_operator
[2025-11-12T02:50:56.446+0000] {logging_mixin.py:190} INFO - [2025-11-12T02:50:56.446+0000] {override.py:1900} INFO - Created Permission View: can delete on DAG:example_subdag_operator
[2025-11-12T02:50:56.458+0000] {logging_mixin.py:190} INFO - [2025-11-12T02:50:56.458+0000] {override.py:1900} INFO - Created Permission View: can read on DAG Run:example_subdag_operator
[2025-11-12T02:50:56.468+0000] {logging_mixin.py:190} INFO - [2025-11-12T02:50:56.467+0000] {override.py:1900} INFO - Created Permission View: menu access on DAG Run:example_subdag_operator
[2025-11-12T02:50:56.478+0000] {logging_mixin.py:190} INFO - [2025-11-12T02:50:56.477+0000] {override.py:1900} INFO - Created Permission View: can create on DAG Run:example_subdag_operator
[2025-11-12T02:50:56.489+0000] {logging_mixin.py:190} INFO - [2025-11-12T02:50:56.488+0000] {override.py:1900} INFO - Created Permission View: can delete on DAG Run:example_subdag_operator
[2025-11-12T02:50:56.490+0000] {logging_mixin.py:190} INFO - [2025-11-12T02:50:56.490+0000] {dag.py:3239} INFO - Sync 3 DAGs
[2025-11-12T02:50:56.518+0000] {logging_mixin.py:190} INFO - [2025-11-12T02:50:56.517+0000] {dag.py:3262} INFO - Creating ORM DAG for example_subdag_operator
[2025-11-12T02:50:56.519+0000] {logging_mixin.py:190} INFO - [2025-11-12T02:50:56.519+0000] {dag.py:3262} INFO - Creating ORM DAG for example_subdag_operator.section-1
[2025-11-12T02:50:56.521+0000] {logging_mixin.py:190} INFO - [2025-11-12T02:50:56.521+0000] {dag.py:3262} INFO - Creating ORM DAG for example_subdag_operator.section-2
[2025-11-12T02:50:56.539+0000] {logging_mixin.py:190} INFO - [2025-11-12T02:50:56.538+0000] {dag.py:4180} INFO - Setting next_dagrun for example_subdag_operator to 2022-01-01 00:00:00+00:00, run_after=2022-01-01 00:00:00+00:00
[2025-11-12T02:50:56.540+0000] {logging_mixin.py:190} INFO - [2025-11-12T02:50:56.540+0000] {dag.py:4180} INFO - Setting next_dagrun for example_subdag_operator.section-1 to None, run_after=None
[2025-11-12T02:50:56.542+0000] {logging_mixin.py:190} INFO - [2025-11-12T02:50:56.541+0000] {dag.py:4180} INFO - Setting next_dagrun for example_subdag_operator.section-2 to None, run_after=None
[2025-11-12T02:50:56.561+0000] {logging_mixin.py:190} INFO - [2025-11-12T02:50:56.561+0000] {dag.py:3239} INFO - Sync 2 DAGs
[2025-11-12T02:50:56.575+0000] {logging_mixin.py:190} INFO - [2025-11-12T02:50:56.575+0000] {dag.py:4180} INFO - Setting next_dagrun for example_subdag_operator.section-1 to None, run_after=None
[2025-11-12T02:50:56.583+0000] {logging_mixin.py:190} INFO - [2025-11-12T02:50:56.582+0000] {dag.py:4180} INFO - Setting next_dagrun for example_subdag_operator.section-2 to None, run_after=None
[2025-11-12T02:50:56.611+0000] {processor.py:208} INFO - Processing /home/airflow/.local/lib/python3.12/site-packages/airflow/example_dags/example_subdag_operator.py took 0.408 seconds
[2025-11-12T02:51:26.683+0000] {processor.py:186} INFO - Started process (PID=149) to work on /home/airflow/.local/lib/python3.12/site-packages/airflow/example_dags/example_subdag_operator.py
[2025-11-12T02:51:26.685+0000] {processor.py:914} INFO - Processing file /home/airflow/.local/lib/python3.12/site-packages/airflow/example_dags/example_subdag_operator.py for tasks to queue
[2025-11-12T02:51:26.689+0000] {logging_mixin.py:190} INFO - [2025-11-12T02:51:26.688+0000] {dagbag.py:588} INFO - Filling up the DagBag from /home/airflow/.local/lib/python3.12/site-packages/airflow/example_dags/example_subdag_operator.py
[2025-11-12T02:51:26.735+0000] {processor.py:925} INFO - DAG(s) 'example_subdag_operator.section-1', 'example_subdag_operator.section-2', 'example_subdag_operator' retrieved from /home/airflow/.local/lib/python3.12/site-packages/airflow/example_dags/example_subdag_operator.py
[2025-11-12T02:51:26.754+0000] {logging_mixin.py:190} INFO - [2025-11-12T02:51:26.754+0000] {dag.py:3239} INFO - Sync 3 DAGs
[2025-11-12T02:51:26.795+0000] {logging_mixin.py:190} INFO - [2025-11-12T02:51:26.795+0000] {dag.py:4180} INFO - Setting next_dagrun for example_subdag_operator to 2022-01-01 00:00:00+00:00, run_after=2022-01-01 00:00:00+00:00
[2025-11-12T02:51:26.802+0000] {logging_mixin.py:190} INFO - [2025-11-12T02:51:26.801+0000] {dag.py:4180} INFO - Setting next_dagrun for example_subdag_operator.section-1 to None, run_after=None
[2025-11-12T02:51:26.804+0000] {logging_mixin.py:190} INFO - [2025-11-12T02:51:26.803+0000] {dag.py:4180} INFO - Setting next_dagrun for example_subdag_operator.section-2 to None, run_after=None
[2025-11-12T02:51:26.815+0000] {logging_mixin.py:190} INFO - [2025-11-12T02:51:26.815+0000] {dag.py:3239} INFO - Sync 2 DAGs
[2025-11-12T02:51:26.823+0000] {logging_mixin.py:190} INFO - [2025-11-12T02:51:26.822+0000] {dag.py:4180} INFO - Setting next_dagrun for example_subdag_operator.section-1 to None, run_after=None
[2025-11-12T02:51:26.824+0000] {logging_mixin.py:190} INFO - [2025-11-12T02:51:26.823+0000] {dag.py:4180} INFO - Setting next_dagrun for example_subdag_operator.section-2 to None, run_after=None
[2025-11-12T02:51:26.838+0000] {processor.py:208} INFO - Processing /home/airflow/.local/lib/python3.12/site-packages/airflow/example_dags/example_subdag_operator.py took 0.165 seconds
[2025-11-12T02:51:57.325+0000] {processor.py:186} INFO - Started process (PID=212) to work on /home/airflow/.local/lib/python3.12/site-packages/airflow/example_dags/example_subdag_operator.py
[2025-11-12T02:51:57.327+0000] {processor.py:914} INFO - Processing file /home/airflow/.local/lib/python3.12/site-packages/airflow/example_dags/example_subdag_operator.py for tasks to queue
[2025-11-12T02:51:57.332+0000] {logging_mixin.py:190} INFO - [2025-11-12T02:51:57.331+0000] {dagbag.py:588} INFO - Filling up the DagBag from /home/airflow/.local/lib/python3.12/site-packages/airflow/example_dags/example_subdag_operator.py
[2025-11-12T02:51:57.380+0000] {processor.py:925} INFO - DAG(s) 'example_subdag_operator.section-1', 'example_subdag_operator.section-2', 'example_subdag_operator' retrieved from /home/airflow/.local/lib/python3.12/site-packages/airflow/example_dags/example_subdag_operator.py
[2025-11-12T02:51:57.409+0000] {logging_mixin.py:190} INFO - [2025-11-12T02:51:57.408+0000] {dag.py:3239} INFO - Sync 3 DAGs
[2025-11-12T02:51:57.446+0000] {logging_mixin.py:190} INFO - [2025-11-12T02:51:57.445+0000] {dag.py:4180} INFO - Setting next_dagrun for example_subdag_operator to 2022-01-01 00:00:00+00:00, run_after=2022-01-01 00:00:00+00:00
[2025-11-12T02:51:57.454+0000] {logging_mixin.py:190} INFO - [2025-11-12T02:51:57.453+0000] {dag.py:4180} INFO - Setting next_dagrun for example_subdag_operator.section-1 to None, run_after=None
[2025-11-12T02:51:57.456+0000] {logging_mixin.py:190} INFO - [2025-11-12T02:51:57.456+0000] {dag.py:4180} INFO - Setting next_dagrun for example_subdag_operator.section-2 to None, run_after=None
[2025-11-12T02:51:57.468+0000] {logging_mixin.py:190} INFO - [2025-11-12T02:51:57.468+0000] {dag.py:3239} INFO - Sync 2 DAGs
[2025-11-12T02:51:57.476+0000] {logging_mixin.py:190} INFO - [2025-11-12T02:51:57.476+0000] {dag.py:4180} INFO - Setting next_dagrun for example_subdag_operator.section-1 to None, run_after=None
[2025-11-12T02:51:57.477+0000] {logging_mixin.py:190} INFO - [2025-11-12T02:51:57.477+0000] {dag.py:4180} INFO - Setting next_dagrun for example_subdag_operator.section-2 to None, run_after=None
[2025-11-12T02:51:57.495+0000] {processor.py:208} INFO - Processing /home/airflow/.local/lib/python3.12/site-packages/airflow/example_dags/example_subdag_operator.py took 0.182 seconds
