[2025-11-12T02:50:52.181+0000] {processor.py:186} INFO - Started process (PID=70) to work on /home/airflow/.local/lib/python3.12/site-packages/airflow/example_dags/example_datasets.py
[2025-11-12T02:50:52.184+0000] {processor.py:914} INFO - Processing file /home/airflow/.local/lib/python3.12/site-packages/airflow/example_dags/example_datasets.py for tasks to queue
[2025-11-12T02:50:52.188+0000] {logging_mixin.py:190} INFO - [2025-11-12T02:50:52.187+0000] {dagbag.py:588} INFO - Filling up the DagBag from /home/airflow/.local/lib/python3.12/site-packages/airflow/example_dags/example_datasets.py
[2025-11-12T02:50:52.496+0000] {processor.py:925} INFO - DAG(s) 'dataset_consumes_unknown_never_scheduled', 'consume_1_and_2_with_dataset_expressions', 'dataset_produces_2', 'dataset_consumes_1_and_2', 'consume_1_or_2_with_dataset_expressions', 'dataset_produces_1', 'consume_1_or_both_2_and_3_with_dataset_expressions', 'dataset_consumes_1_never_scheduled', 'conditional_dataset_and_time_based_timetable', 'dataset_consumes_1' retrieved from /home/airflow/.local/lib/python3.12/site-packages/airflow/example_dags/example_datasets.py
[2025-11-12T02:50:52.740+0000] {logging_mixin.py:190} INFO - [2025-11-12T02:50:52.739+0000] {override.py:1900} INFO - Created Permission View: can read on DAG:dataset_consumes_unknown_never_scheduled
[2025-11-12T02:50:52.752+0000] {logging_mixin.py:190} INFO - [2025-11-12T02:50:52.751+0000] {override.py:1900} INFO - Created Permission View: can edit on DAG:dataset_consumes_unknown_never_scheduled
[2025-11-12T02:50:52.761+0000] {logging_mixin.py:190} INFO - [2025-11-12T02:50:52.761+0000] {override.py:1900} INFO - Created Permission View: can delete on DAG:dataset_consumes_unknown_never_scheduled
[2025-11-12T02:50:52.770+0000] {logging_mixin.py:190} INFO - [2025-11-12T02:50:52.770+0000] {override.py:1900} INFO - Created Permission View: can read on DAG Run:dataset_consumes_unknown_never_scheduled
[2025-11-12T02:50:52.780+0000] {logging_mixin.py:190} INFO - [2025-11-12T02:50:52.780+0000] {override.py:1900} INFO - Created Permission View: menu access on DAG Run:dataset_consumes_unknown_never_scheduled
[2025-11-12T02:50:52.789+0000] {logging_mixin.py:190} INFO - [2025-11-12T02:50:52.788+0000] {override.py:1900} INFO - Created Permission View: can create on DAG Run:dataset_consumes_unknown_never_scheduled
[2025-11-12T02:50:52.797+0000] {logging_mixin.py:190} INFO - [2025-11-12T02:50:52.796+0000] {override.py:1900} INFO - Created Permission View: can delete on DAG Run:dataset_consumes_unknown_never_scheduled
[2025-11-12T02:50:52.815+0000] {logging_mixin.py:190} INFO - [2025-11-12T02:50:52.815+0000] {override.py:1900} INFO - Created Permission View: can read on DAG:consume_1_and_2_with_dataset_expressions
[2025-11-12T02:50:52.829+0000] {logging_mixin.py:190} INFO - [2025-11-12T02:50:52.829+0000] {override.py:1900} INFO - Created Permission View: can edit on DAG:consume_1_and_2_with_dataset_expressions
[2025-11-12T02:50:52.840+0000] {logging_mixin.py:190} INFO - [2025-11-12T02:50:52.839+0000] {override.py:1900} INFO - Created Permission View: can delete on DAG:consume_1_and_2_with_dataset_expressions
[2025-11-12T02:50:52.850+0000] {logging_mixin.py:190} INFO - [2025-11-12T02:50:52.850+0000] {override.py:1900} INFO - Created Permission View: can read on DAG Run:consume_1_and_2_with_dataset_expressions
[2025-11-12T02:50:52.860+0000] {logging_mixin.py:190} INFO - [2025-11-12T02:50:52.859+0000] {override.py:1900} INFO - Created Permission View: menu access on DAG Run:consume_1_and_2_with_dataset_expressions
[2025-11-12T02:50:52.870+0000] {logging_mixin.py:190} INFO - [2025-11-12T02:50:52.870+0000] {override.py:1900} INFO - Created Permission View: can create on DAG Run:consume_1_and_2_with_dataset_expressions
[2025-11-12T02:50:52.879+0000] {logging_mixin.py:190} INFO - [2025-11-12T02:50:52.878+0000] {override.py:1900} INFO - Created Permission View: can delete on DAG Run:consume_1_and_2_with_dataset_expressions
[2025-11-12T02:50:52.894+0000] {logging_mixin.py:190} INFO - [2025-11-12T02:50:52.894+0000] {override.py:1900} INFO - Created Permission View: can read on DAG:dataset_produces_2
[2025-11-12T02:50:52.904+0000] {logging_mixin.py:190} INFO - [2025-11-12T02:50:52.904+0000] {override.py:1900} INFO - Created Permission View: can edit on DAG:dataset_produces_2
[2025-11-12T02:50:52.918+0000] {logging_mixin.py:190} INFO - [2025-11-12T02:50:52.917+0000] {override.py:1900} INFO - Created Permission View: can delete on DAG:dataset_produces_2
[2025-11-12T02:50:52.929+0000] {logging_mixin.py:190} INFO - [2025-11-12T02:50:52.929+0000] {override.py:1900} INFO - Created Permission View: can read on DAG Run:dataset_produces_2
[2025-11-12T02:50:52.940+0000] {logging_mixin.py:190} INFO - [2025-11-12T02:50:52.939+0000] {override.py:1900} INFO - Created Permission View: menu access on DAG Run:dataset_produces_2
[2025-11-12T02:50:52.952+0000] {logging_mixin.py:190} INFO - [2025-11-12T02:50:52.951+0000] {override.py:1900} INFO - Created Permission View: can create on DAG Run:dataset_produces_2
[2025-11-12T02:50:52.964+0000] {logging_mixin.py:190} INFO - [2025-11-12T02:50:52.963+0000] {override.py:1900} INFO - Created Permission View: can delete on DAG Run:dataset_produces_2
[2025-11-12T02:50:52.980+0000] {logging_mixin.py:190} INFO - [2025-11-12T02:50:52.979+0000] {override.py:1900} INFO - Created Permission View: can read on DAG:dataset_consumes_1_and_2
[2025-11-12T02:50:52.988+0000] {logging_mixin.py:190} INFO - [2025-11-12T02:50:52.987+0000] {override.py:1900} INFO - Created Permission View: can edit on DAG:dataset_consumes_1_and_2
[2025-11-12T02:50:52.998+0000] {logging_mixin.py:190} INFO - [2025-11-12T02:50:52.998+0000] {override.py:1900} INFO - Created Permission View: can delete on DAG:dataset_consumes_1_and_2
[2025-11-12T02:50:53.010+0000] {logging_mixin.py:190} INFO - [2025-11-12T02:50:53.009+0000] {override.py:1900} INFO - Created Permission View: can read on DAG Run:dataset_consumes_1_and_2
[2025-11-12T02:50:53.020+0000] {logging_mixin.py:190} INFO - [2025-11-12T02:50:53.020+0000] {override.py:1900} INFO - Created Permission View: menu access on DAG Run:dataset_consumes_1_and_2
[2025-11-12T02:50:53.035+0000] {logging_mixin.py:190} INFO - [2025-11-12T02:50:53.034+0000] {override.py:1900} INFO - Created Permission View: can create on DAG Run:dataset_consumes_1_and_2
[2025-11-12T02:50:53.046+0000] {logging_mixin.py:190} INFO - [2025-11-12T02:50:53.045+0000] {override.py:1900} INFO - Created Permission View: can delete on DAG Run:dataset_consumes_1_and_2
[2025-11-12T02:50:53.064+0000] {logging_mixin.py:190} INFO - [2025-11-12T02:50:53.064+0000] {override.py:1900} INFO - Created Permission View: can read on DAG:consume_1_or_2_with_dataset_expressions
[2025-11-12T02:50:53.078+0000] {logging_mixin.py:190} INFO - [2025-11-12T02:50:53.078+0000] {override.py:1900} INFO - Created Permission View: can edit on DAG:consume_1_or_2_with_dataset_expressions
[2025-11-12T02:50:53.091+0000] {logging_mixin.py:190} INFO - [2025-11-12T02:50:53.090+0000] {override.py:1900} INFO - Created Permission View: can delete on DAG:consume_1_or_2_with_dataset_expressions
[2025-11-12T02:50:53.102+0000] {logging_mixin.py:190} INFO - [2025-11-12T02:50:53.101+0000] {override.py:1900} INFO - Created Permission View: can read on DAG Run:consume_1_or_2_with_dataset_expressions
[2025-11-12T02:50:53.110+0000] {logging_mixin.py:190} INFO - [2025-11-12T02:50:53.109+0000] {override.py:1900} INFO - Created Permission View: menu access on DAG Run:consume_1_or_2_with_dataset_expressions
[2025-11-12T02:50:53.123+0000] {logging_mixin.py:190} INFO - [2025-11-12T02:50:53.123+0000] {override.py:1900} INFO - Created Permission View: can create on DAG Run:consume_1_or_2_with_dataset_expressions
[2025-11-12T02:50:53.131+0000] {logging_mixin.py:190} INFO - [2025-11-12T02:50:53.131+0000] {override.py:1900} INFO - Created Permission View: can delete on DAG Run:consume_1_or_2_with_dataset_expressions
[2025-11-12T02:50:53.144+0000] {logging_mixin.py:190} INFO - [2025-11-12T02:50:53.143+0000] {override.py:1900} INFO - Created Permission View: can read on DAG:dataset_produces_1
[2025-11-12T02:50:53.154+0000] {logging_mixin.py:190} INFO - [2025-11-12T02:50:53.153+0000] {override.py:1900} INFO - Created Permission View: can edit on DAG:dataset_produces_1
[2025-11-12T02:50:53.163+0000] {logging_mixin.py:190} INFO - [2025-11-12T02:50:53.163+0000] {override.py:1900} INFO - Created Permission View: can delete on DAG:dataset_produces_1
[2025-11-12T02:50:53.173+0000] {logging_mixin.py:190} INFO - [2025-11-12T02:50:53.173+0000] {override.py:1900} INFO - Created Permission View: can read on DAG Run:dataset_produces_1
[2025-11-12T02:50:53.183+0000] {logging_mixin.py:190} INFO - [2025-11-12T02:50:53.182+0000] {override.py:1900} INFO - Created Permission View: menu access on DAG Run:dataset_produces_1
[2025-11-12T02:50:53.195+0000] {logging_mixin.py:190} INFO - [2025-11-12T02:50:53.194+0000] {override.py:1900} INFO - Created Permission View: can create on DAG Run:dataset_produces_1
[2025-11-12T02:50:53.203+0000] {logging_mixin.py:190} INFO - [2025-11-12T02:50:53.202+0000] {override.py:1900} INFO - Created Permission View: can delete on DAG Run:dataset_produces_1
[2025-11-12T02:50:53.223+0000] {logging_mixin.py:190} INFO - [2025-11-12T02:50:53.223+0000] {override.py:1900} INFO - Created Permission View: can read on DAG:consume_1_or_both_2_and_3_with_dataset_expressions
[2025-11-12T02:50:53.233+0000] {logging_mixin.py:190} INFO - [2025-11-12T02:50:53.233+0000] {override.py:1900} INFO - Created Permission View: can edit on DAG:consume_1_or_both_2_and_3_with_dataset_expressions
[2025-11-12T02:50:53.246+0000] {logging_mixin.py:190} INFO - [2025-11-12T02:50:53.245+0000] {override.py:1900} INFO - Created Permission View: can delete on DAG:consume_1_or_both_2_and_3_with_dataset_expressions
[2025-11-12T02:50:53.257+0000] {logging_mixin.py:190} INFO - [2025-11-12T02:50:53.257+0000] {override.py:1900} INFO - Created Permission View: can read on DAG Run:consume_1_or_both_2_and_3_with_dataset_expressions
[2025-11-12T02:50:53.265+0000] {logging_mixin.py:190} INFO - [2025-11-12T02:50:53.265+0000] {override.py:1900} INFO - Created Permission View: menu access on DAG Run:consume_1_or_both_2_and_3_with_dataset_expressions
[2025-11-12T02:50:53.275+0000] {logging_mixin.py:190} INFO - [2025-11-12T02:50:53.275+0000] {override.py:1900} INFO - Created Permission View: can create on DAG Run:consume_1_or_both_2_and_3_with_dataset_expressions
[2025-11-12T02:50:53.284+0000] {logging_mixin.py:190} INFO - [2025-11-12T02:50:53.283+0000] {override.py:1900} INFO - Created Permission View: can delete on DAG Run:consume_1_or_both_2_and_3_with_dataset_expressions
[2025-11-12T02:50:53.299+0000] {logging_mixin.py:190} INFO - [2025-11-12T02:50:53.298+0000] {override.py:1900} INFO - Created Permission View: can read on DAG:dataset_consumes_1_never_scheduled
[2025-11-12T02:50:53.309+0000] {logging_mixin.py:190} INFO - [2025-11-12T02:50:53.309+0000] {override.py:1900} INFO - Created Permission View: can edit on DAG:dataset_consumes_1_never_scheduled
[2025-11-12T02:50:53.318+0000] {logging_mixin.py:190} INFO - [2025-11-12T02:50:53.317+0000] {override.py:1900} INFO - Created Permission View: can delete on DAG:dataset_consumes_1_never_scheduled
[2025-11-12T02:50:53.326+0000] {logging_mixin.py:190} INFO - [2025-11-12T02:50:53.326+0000] {override.py:1900} INFO - Created Permission View: can read on DAG Run:dataset_consumes_1_never_scheduled
[2025-11-12T02:50:53.337+0000] {logging_mixin.py:190} INFO - [2025-11-12T02:50:53.336+0000] {override.py:1900} INFO - Created Permission View: menu access on DAG Run:dataset_consumes_1_never_scheduled
[2025-11-12T02:50:53.345+0000] {logging_mixin.py:190} INFO - [2025-11-12T02:50:53.345+0000] {override.py:1900} INFO - Created Permission View: can create on DAG Run:dataset_consumes_1_never_scheduled
[2025-11-12T02:50:53.353+0000] {logging_mixin.py:190} INFO - [2025-11-12T02:50:53.353+0000] {override.py:1900} INFO - Created Permission View: can delete on DAG Run:dataset_consumes_1_never_scheduled
[2025-11-12T02:50:53.371+0000] {logging_mixin.py:190} INFO - [2025-11-12T02:50:53.371+0000] {override.py:1900} INFO - Created Permission View: can read on DAG:conditional_dataset_and_time_based_timetable
[2025-11-12T02:50:53.378+0000] {logging_mixin.py:190} INFO - [2025-11-12T02:50:53.378+0000] {override.py:1900} INFO - Created Permission View: can edit on DAG:conditional_dataset_and_time_based_timetable
[2025-11-12T02:50:53.386+0000] {logging_mixin.py:190} INFO - [2025-11-12T02:50:53.386+0000] {override.py:1900} INFO - Created Permission View: can delete on DAG:conditional_dataset_and_time_based_timetable
[2025-11-12T02:50:53.395+0000] {logging_mixin.py:190} INFO - [2025-11-12T02:50:53.394+0000] {override.py:1900} INFO - Created Permission View: can read on DAG Run:conditional_dataset_and_time_based_timetable
[2025-11-12T02:50:53.406+0000] {logging_mixin.py:190} INFO - [2025-11-12T02:50:53.405+0000] {override.py:1900} INFO - Created Permission View: menu access on DAG Run:conditional_dataset_and_time_based_timetable
[2025-11-12T02:50:53.415+0000] {logging_mixin.py:190} INFO - [2025-11-12T02:50:53.415+0000] {override.py:1900} INFO - Created Permission View: can create on DAG Run:conditional_dataset_and_time_based_timetable
[2025-11-12T02:50:53.426+0000] {logging_mixin.py:190} INFO - [2025-11-12T02:50:53.426+0000] {override.py:1900} INFO - Created Permission View: can delete on DAG Run:conditional_dataset_and_time_based_timetable
[2025-11-12T02:50:53.441+0000] {logging_mixin.py:190} INFO - [2025-11-12T02:50:53.441+0000] {override.py:1900} INFO - Created Permission View: can read on DAG:dataset_consumes_1
[2025-11-12T02:50:53.449+0000] {logging_mixin.py:190} INFO - [2025-11-12T02:50:53.449+0000] {override.py:1900} INFO - Created Permission View: can edit on DAG:dataset_consumes_1
[2025-11-12T02:50:53.458+0000] {logging_mixin.py:190} INFO - [2025-11-12T02:50:53.457+0000] {override.py:1900} INFO - Created Permission View: can delete on DAG:dataset_consumes_1
[2025-11-12T02:50:53.467+0000] {logging_mixin.py:190} INFO - [2025-11-12T02:50:53.467+0000] {override.py:1900} INFO - Created Permission View: can read on DAG Run:dataset_consumes_1
[2025-11-12T02:50:53.476+0000] {logging_mixin.py:190} INFO - [2025-11-12T02:50:53.475+0000] {override.py:1900} INFO - Created Permission View: menu access on DAG Run:dataset_consumes_1
[2025-11-12T02:50:53.483+0000] {logging_mixin.py:190} INFO - [2025-11-12T02:50:53.483+0000] {override.py:1900} INFO - Created Permission View: can create on DAG Run:dataset_consumes_1
[2025-11-12T02:50:53.491+0000] {logging_mixin.py:190} INFO - [2025-11-12T02:50:53.491+0000] {override.py:1900} INFO - Created Permission View: can delete on DAG Run:dataset_consumes_1
[2025-11-12T02:50:53.492+0000] {logging_mixin.py:190} INFO - [2025-11-12T02:50:53.492+0000] {dag.py:3239} INFO - Sync 10 DAGs
[2025-11-12T02:50:53.508+0000] {logging_mixin.py:190} INFO - [2025-11-12T02:50:53.508+0000] {dag.py:3262} INFO - Creating ORM DAG for dataset_consumes_1
[2025-11-12T02:50:53.509+0000] {logging_mixin.py:190} INFO - [2025-11-12T02:50:53.509+0000] {dag.py:3262} INFO - Creating ORM DAG for consume_1_or_both_2_and_3_with_dataset_expressions
[2025-11-12T02:50:53.510+0000] {logging_mixin.py:190} INFO - [2025-11-12T02:50:53.509+0000] {dag.py:3262} INFO - Creating ORM DAG for dataset_produces_1
[2025-11-12T02:50:53.510+0000] {logging_mixin.py:190} INFO - [2025-11-12T02:50:53.510+0000] {dag.py:3262} INFO - Creating ORM DAG for dataset_produces_2
[2025-11-12T02:50:53.511+0000] {logging_mixin.py:190} INFO - [2025-11-12T02:50:53.511+0000] {dag.py:3262} INFO - Creating ORM DAG for dataset_consumes_1_and_2
[2025-11-12T02:50:53.512+0000] {logging_mixin.py:190} INFO - [2025-11-12T02:50:53.512+0000] {dag.py:3262} INFO - Creating ORM DAG for dataset_consumes_unknown_never_scheduled
[2025-11-12T02:50:53.513+0000] {logging_mixin.py:190} INFO - [2025-11-12T02:50:53.513+0000] {dag.py:3262} INFO - Creating ORM DAG for conditional_dataset_and_time_based_timetable
[2025-11-12T02:50:53.514+0000] {logging_mixin.py:190} INFO - [2025-11-12T02:50:53.514+0000] {dag.py:3262} INFO - Creating ORM DAG for consume_1_or_2_with_dataset_expressions
[2025-11-12T02:50:53.515+0000] {logging_mixin.py:190} INFO - [2025-11-12T02:50:53.514+0000] {dag.py:3262} INFO - Creating ORM DAG for consume_1_and_2_with_dataset_expressions
[2025-11-12T02:50:53.515+0000] {logging_mixin.py:190} INFO - [2025-11-12T02:50:53.515+0000] {dag.py:3262} INFO - Creating ORM DAG for dataset_consumes_1_never_scheduled
[2025-11-12T02:50:53.529+0000] {logging_mixin.py:190} INFO - [2025-11-12T02:50:53.529+0000] {dag.py:4180} INFO - Setting next_dagrun for conditional_dataset_and_time_based_timetable to 2025-11-12 01:00:00+00:00, run_after=2025-11-12 01:00:00+00:00
[2025-11-12T02:50:53.530+0000] {logging_mixin.py:190} INFO - [2025-11-12T02:50:53.530+0000] {dag.py:4180} INFO - Setting next_dagrun for consume_1_and_2_with_dataset_expressions to None, run_after=None
[2025-11-12T02:50:53.531+0000] {logging_mixin.py:190} INFO - [2025-11-12T02:50:53.531+0000] {dag.py:4180} INFO - Setting next_dagrun for consume_1_or_2_with_dataset_expressions to None, run_after=None
[2025-11-12T02:50:53.532+0000] {logging_mixin.py:190} INFO - [2025-11-12T02:50:53.531+0000] {dag.py:4180} INFO - Setting next_dagrun for consume_1_or_both_2_and_3_with_dataset_expressions to None, run_after=None
[2025-11-12T02:50:53.532+0000] {logging_mixin.py:190} INFO - [2025-11-12T02:50:53.532+0000] {dag.py:4180} INFO - Setting next_dagrun for dataset_consumes_1 to None, run_after=None
[2025-11-12T02:50:53.533+0000] {logging_mixin.py:190} INFO - [2025-11-12T02:50:53.533+0000] {dag.py:4180} INFO - Setting next_dagrun for dataset_consumes_1_and_2 to None, run_after=None
[2025-11-12T02:50:53.534+0000] {logging_mixin.py:190} INFO - [2025-11-12T02:50:53.534+0000] {dag.py:4180} INFO - Setting next_dagrun for dataset_consumes_1_never_scheduled to None, run_after=None
[2025-11-12T02:50:53.535+0000] {logging_mixin.py:190} INFO - [2025-11-12T02:50:53.534+0000] {dag.py:4180} INFO - Setting next_dagrun for dataset_consumes_unknown_never_scheduled to None, run_after=None
[2025-11-12T02:50:53.538+0000] {logging_mixin.py:190} INFO - [2025-11-12T02:50:53.537+0000] {dag.py:4180} INFO - Setting next_dagrun for dataset_produces_1 to 2025-11-11 00:00:00+00:00, run_after=2025-11-12 00:00:00+00:00
[2025-11-12T02:50:53.539+0000] {logging_mixin.py:190} INFO - [2025-11-12T02:50:53.539+0000] {dag.py:4180} INFO - Setting next_dagrun for dataset_produces_2 to None, run_after=None
[2025-11-12T02:50:53.595+0000] {processor.py:208} INFO - Processing /home/airflow/.local/lib/python3.12/site-packages/airflow/example_dags/example_datasets.py took 1.423 seconds
[2025-11-12T02:51:23.801+0000] {processor.py:186} INFO - Started process (PID=133) to work on /home/airflow/.local/lib/python3.12/site-packages/airflow/example_dags/example_datasets.py
[2025-11-12T02:51:23.803+0000] {processor.py:914} INFO - Processing file /home/airflow/.local/lib/python3.12/site-packages/airflow/example_dags/example_datasets.py for tasks to queue
[2025-11-12T02:51:23.807+0000] {logging_mixin.py:190} INFO - [2025-11-12T02:51:23.806+0000] {dagbag.py:588} INFO - Filling up the DagBag from /home/airflow/.local/lib/python3.12/site-packages/airflow/example_dags/example_datasets.py
[2025-11-12T02:51:24.022+0000] {processor.py:925} INFO - DAG(s) 'consume_1_or_both_2_and_3_with_dataset_expressions', 'consume_1_or_2_with_dataset_expressions', 'dataset_produces_2', 'conditional_dataset_and_time_based_timetable', 'dataset_consumes_unknown_never_scheduled', 'dataset_consumes_1', 'dataset_consumes_1_and_2', 'dataset_produces_1', 'dataset_consumes_1_never_scheduled', 'consume_1_and_2_with_dataset_expressions' retrieved from /home/airflow/.local/lib/python3.12/site-packages/airflow/example_dags/example_datasets.py
[2025-11-12T02:51:24.076+0000] {logging_mixin.py:190} INFO - [2025-11-12T02:51:24.075+0000] {dag.py:3239} INFO - Sync 10 DAGs
[2025-11-12T02:51:24.107+0000] {logging_mixin.py:190} INFO - [2025-11-12T02:51:24.107+0000] {dag.py:4180} INFO - Setting next_dagrun for conditional_dataset_and_time_based_timetable to 2025-11-12 01:00:00+00:00, run_after=2025-11-12 01:00:00+00:00
[2025-11-12T02:51:24.113+0000] {logging_mixin.py:190} INFO - [2025-11-12T02:51:24.113+0000] {dag.py:4180} INFO - Setting next_dagrun for consume_1_and_2_with_dataset_expressions to None, run_after=None
[2025-11-12T02:51:24.115+0000] {logging_mixin.py:190} INFO - [2025-11-12T02:51:24.114+0000] {dag.py:4180} INFO - Setting next_dagrun for consume_1_or_2_with_dataset_expressions to None, run_after=None
[2025-11-12T02:51:24.116+0000] {logging_mixin.py:190} INFO - [2025-11-12T02:51:24.116+0000] {dag.py:4180} INFO - Setting next_dagrun for consume_1_or_both_2_and_3_with_dataset_expressions to None, run_after=None
[2025-11-12T02:51:24.118+0000] {logging_mixin.py:190} INFO - [2025-11-12T02:51:24.118+0000] {dag.py:4180} INFO - Setting next_dagrun for dataset_consumes_1 to None, run_after=None
[2025-11-12T02:51:24.120+0000] {logging_mixin.py:190} INFO - [2025-11-12T02:51:24.120+0000] {dag.py:4180} INFO - Setting next_dagrun for dataset_consumes_1_and_2 to None, run_after=None
[2025-11-12T02:51:24.122+0000] {logging_mixin.py:190} INFO - [2025-11-12T02:51:24.122+0000] {dag.py:4180} INFO - Setting next_dagrun for dataset_consumes_1_never_scheduled to None, run_after=None
[2025-11-12T02:51:24.124+0000] {logging_mixin.py:190} INFO - [2025-11-12T02:51:24.124+0000] {dag.py:4180} INFO - Setting next_dagrun for dataset_consumes_unknown_never_scheduled to None, run_after=None
[2025-11-12T02:51:24.127+0000] {logging_mixin.py:190} INFO - [2025-11-12T02:51:24.127+0000] {dag.py:4180} INFO - Setting next_dagrun for dataset_produces_1 to 2025-11-11 00:00:00+00:00, run_after=2025-11-12 00:00:00+00:00
[2025-11-12T02:51:24.129+0000] {logging_mixin.py:190} INFO - [2025-11-12T02:51:24.129+0000] {dag.py:4180} INFO - Setting next_dagrun for dataset_produces_2 to None, run_after=None
[2025-11-12T02:51:24.169+0000] {processor.py:208} INFO - Processing /home/airflow/.local/lib/python3.12/site-packages/airflow/example_dags/example_datasets.py took 0.378 seconds
[2025-11-12T02:51:54.492+0000] {processor.py:186} INFO - Started process (PID=197) to work on /home/airflow/.local/lib/python3.12/site-packages/airflow/example_dags/example_datasets.py
[2025-11-12T02:51:54.493+0000] {processor.py:914} INFO - Processing file /home/airflow/.local/lib/python3.12/site-packages/airflow/example_dags/example_datasets.py for tasks to queue
[2025-11-12T02:51:54.497+0000] {logging_mixin.py:190} INFO - [2025-11-12T02:51:54.496+0000] {dagbag.py:588} INFO - Filling up the DagBag from /home/airflow/.local/lib/python3.12/site-packages/airflow/example_dags/example_datasets.py
[2025-11-12T02:51:54.736+0000] {processor.py:925} INFO - DAG(s) 'dataset_consumes_1', 'conditional_dataset_and_time_based_timetable', 'dataset_produces_2', 'consume_1_or_both_2_and_3_with_dataset_expressions', 'dataset_produces_1', 'dataset_consumes_1_never_scheduled', 'dataset_consumes_unknown_never_scheduled', 'dataset_consumes_1_and_2', 'consume_1_and_2_with_dataset_expressions', 'consume_1_or_2_with_dataset_expressions' retrieved from /home/airflow/.local/lib/python3.12/site-packages/airflow/example_dags/example_datasets.py
[2025-11-12T02:51:54.795+0000] {logging_mixin.py:190} INFO - [2025-11-12T02:51:54.795+0000] {dag.py:3239} INFO - Sync 10 DAGs
[2025-11-12T02:51:54.836+0000] {logging_mixin.py:190} INFO - [2025-11-12T02:51:54.836+0000] {dag.py:4180} INFO - Setting next_dagrun for conditional_dataset_and_time_based_timetable to 2025-11-12 01:00:00+00:00, run_after=2025-11-12 01:00:00+00:00
[2025-11-12T02:51:54.843+0000] {logging_mixin.py:190} INFO - [2025-11-12T02:51:54.842+0000] {dag.py:4180} INFO - Setting next_dagrun for consume_1_and_2_with_dataset_expressions to None, run_after=None
[2025-11-12T02:51:54.846+0000] {logging_mixin.py:190} INFO - [2025-11-12T02:51:54.845+0000] {dag.py:4180} INFO - Setting next_dagrun for consume_1_or_2_with_dataset_expressions to None, run_after=None
[2025-11-12T02:51:54.848+0000] {logging_mixin.py:190} INFO - [2025-11-12T02:51:54.848+0000] {dag.py:4180} INFO - Setting next_dagrun for consume_1_or_both_2_and_3_with_dataset_expressions to None, run_after=None
[2025-11-12T02:51:54.850+0000] {logging_mixin.py:190} INFO - [2025-11-12T02:51:54.850+0000] {dag.py:4180} INFO - Setting next_dagrun for dataset_consumes_1 to None, run_after=None
[2025-11-12T02:51:54.852+0000] {logging_mixin.py:190} INFO - [2025-11-12T02:51:54.852+0000] {dag.py:4180} INFO - Setting next_dagrun for dataset_consumes_1_and_2 to None, run_after=None
[2025-11-12T02:51:54.854+0000] {logging_mixin.py:190} INFO - [2025-11-12T02:51:54.854+0000] {dag.py:4180} INFO - Setting next_dagrun for dataset_consumes_1_never_scheduled to None, run_after=None
[2025-11-12T02:51:54.856+0000] {logging_mixin.py:190} INFO - [2025-11-12T02:51:54.855+0000] {dag.py:4180} INFO - Setting next_dagrun for dataset_consumes_unknown_never_scheduled to None, run_after=None
[2025-11-12T02:51:54.859+0000] {logging_mixin.py:190} INFO - [2025-11-12T02:51:54.859+0000] {dag.py:4180} INFO - Setting next_dagrun for dataset_produces_1 to 2025-11-11 00:00:00+00:00, run_after=2025-11-12 00:00:00+00:00
[2025-11-12T02:51:54.861+0000] {logging_mixin.py:190} INFO - [2025-11-12T02:51:54.861+0000] {dag.py:4180} INFO - Setting next_dagrun for dataset_produces_2 to None, run_after=None
[2025-11-12T02:51:54.901+0000] {processor.py:208} INFO - Processing /home/airflow/.local/lib/python3.12/site-packages/airflow/example_dags/example_datasets.py took 0.418 seconds
