[2025-11-12T02:51:02.165+0000] {processor.py:186} INFO - Started process (PID=116) to work on /home/airflow/.local/lib/python3.12/site-packages/airflow/example_dags/example_latest_only.py
[2025-11-12T02:51:02.167+0000] {processor.py:914} INFO - Processing file /home/airflow/.local/lib/python3.12/site-packages/airflow/example_dags/example_latest_only.py for tasks to queue
[2025-11-12T02:51:02.172+0000] {logging_mixin.py:190} INFO - [2025-11-12T02:51:02.172+0000] {dagbag.py:588} INFO - Filling up the DagBag from /home/airflow/.local/lib/python3.12/site-packages/airflow/example_dags/example_latest_only.py
[2025-11-12T02:51:02.185+0000] {processor.py:925} INFO - DAG(s) 'latest_only' retrieved from /home/airflow/.local/lib/python3.12/site-packages/airflow/example_dags/example_latest_only.py
[2025-11-12T02:51:02.336+0000] {logging_mixin.py:190} INFO - [2025-11-12T02:51:02.335+0000] {override.py:1900} INFO - Created Permission View: can read on DAG:latest_only
[2025-11-12T02:51:02.347+0000] {logging_mixin.py:190} INFO - [2025-11-12T02:51:02.347+0000] {override.py:1900} INFO - Created Permission View: can edit on DAG:latest_only
[2025-11-12T02:51:02.355+0000] {logging_mixin.py:190} INFO - [2025-11-12T02:51:02.354+0000] {override.py:1900} INFO - Created Permission View: can delete on DAG:latest_only
[2025-11-12T02:51:02.364+0000] {logging_mixin.py:190} INFO - [2025-11-12T02:51:02.364+0000] {override.py:1900} INFO - Created Permission View: can read on DAG Run:latest_only
[2025-11-12T02:51:02.372+0000] {logging_mixin.py:190} INFO - [2025-11-12T02:51:02.372+0000] {override.py:1900} INFO - Created Permission View: menu access on DAG Run:latest_only
[2025-11-12T02:51:02.381+0000] {logging_mixin.py:190} INFO - [2025-11-12T02:51:02.380+0000] {override.py:1900} INFO - Created Permission View: can create on DAG Run:latest_only
[2025-11-12T02:51:02.388+0000] {logging_mixin.py:190} INFO - [2025-11-12T02:51:02.388+0000] {override.py:1900} INFO - Created Permission View: can delete on DAG Run:latest_only
[2025-11-12T02:51:02.389+0000] {logging_mixin.py:190} INFO - [2025-11-12T02:51:02.389+0000] {dag.py:3239} INFO - Sync 1 DAGs
[2025-11-12T02:51:02.406+0000] {logging_mixin.py:190} INFO - [2025-11-12T02:51:02.406+0000] {dag.py:3262} INFO - Creating ORM DAG for latest_only
[2025-11-12T02:51:02.421+0000] {logging_mixin.py:190} INFO - [2025-11-12T02:51:02.421+0000] {dag.py:4180} INFO - Setting next_dagrun for latest_only to 2025-11-11 20:00:00+00:00, run_after=2025-11-12 00:00:00+00:00
[2025-11-12T02:51:02.447+0000] {processor.py:208} INFO - Processing /home/airflow/.local/lib/python3.12/site-packages/airflow/example_dags/example_latest_only.py took 0.294 seconds
[2025-11-12T02:51:32.762+0000] {processor.py:186} INFO - Started process (PID=178) to work on /home/airflow/.local/lib/python3.12/site-packages/airflow/example_dags/example_latest_only.py
[2025-11-12T02:51:32.764+0000] {processor.py:914} INFO - Processing file /home/airflow/.local/lib/python3.12/site-packages/airflow/example_dags/example_latest_only.py for tasks to queue
[2025-11-12T02:51:32.773+0000] {logging_mixin.py:190} INFO - [2025-11-12T02:51:32.771+0000] {dagbag.py:588} INFO - Filling up the DagBag from /home/airflow/.local/lib/python3.12/site-packages/airflow/example_dags/example_latest_only.py
[2025-11-12T02:51:32.794+0000] {processor.py:925} INFO - DAG(s) 'latest_only' retrieved from /home/airflow/.local/lib/python3.12/site-packages/airflow/example_dags/example_latest_only.py
[2025-11-12T02:51:32.831+0000] {logging_mixin.py:190} INFO - [2025-11-12T02:51:32.830+0000] {dag.py:3239} INFO - Sync 1 DAGs
[2025-11-12T02:51:32.878+0000] {logging_mixin.py:190} INFO - [2025-11-12T02:51:32.878+0000] {dag.py:4180} INFO - Setting next_dagrun for latest_only to 2025-11-11 20:00:00+00:00, run_after=2025-11-12 00:00:00+00:00
[2025-11-12T02:51:32.953+0000] {processor.py:208} INFO - Processing /home/airflow/.local/lib/python3.12/site-packages/airflow/example_dags/example_latest_only.py took 0.213 seconds
[2025-11-12T02:52:03.041+0000] {processor.py:186} INFO - Started process (PID=241) to work on /home/airflow/.local/lib/python3.12/site-packages/airflow/example_dags/example_latest_only.py
[2025-11-12T02:52:03.043+0000] {processor.py:914} INFO - Processing file /home/airflow/.local/lib/python3.12/site-packages/airflow/example_dags/example_latest_only.py for tasks to queue
[2025-11-12T02:52:03.047+0000] {logging_mixin.py:190} INFO - [2025-11-12T02:52:03.046+0000] {dagbag.py:588} INFO - Filling up the DagBag from /home/airflow/.local/lib/python3.12/site-packages/airflow/example_dags/example_latest_only.py
[2025-11-12T02:52:03.061+0000] {processor.py:925} INFO - DAG(s) 'latest_only' retrieved from /home/airflow/.local/lib/python3.12/site-packages/airflow/example_dags/example_latest_only.py
[2025-11-12T02:52:03.098+0000] {logging_mixin.py:190} INFO - [2025-11-12T02:52:03.098+0000] {dag.py:3239} INFO - Sync 1 DAGs
[2025-11-12T02:52:03.128+0000] {logging_mixin.py:190} INFO - [2025-11-12T02:52:03.128+0000] {dag.py:4180} INFO - Setting next_dagrun for latest_only to 2025-11-11 20:00:00+00:00, run_after=2025-11-12 00:00:00+00:00
[2025-11-12T02:52:03.159+0000] {processor.py:208} INFO - Processing /home/airflow/.local/lib/python3.12/site-packages/airflow/example_dags/example_latest_only.py took 0.126 seconds
