[2025-11-12T02:50:59.147+0000] {processor.py:186} INFO - Started process (PID=101) to work on /home/airflow/.local/lib/python3.12/site-packages/airflow/example_dags/example_python_decorator.py
[2025-11-12T02:50:59.149+0000] {processor.py:914} INFO - Processing file /home/airflow/.local/lib/python3.12/site-packages/airflow/example_dags/example_python_decorator.py for tasks to queue
[2025-11-12T02:50:59.153+0000] {logging_mixin.py:190} INFO - [2025-11-12T02:50:59.152+0000] {dagbag.py:588} INFO - Filling up the DagBag from /home/airflow/.local/lib/python3.12/site-packages/airflow/example_dags/example_python_decorator.py
[2025-11-12T02:50:59.176+0000] {processor.py:925} INFO - DAG(s) 'example_python_decorator' retrieved from /home/airflow/.local/lib/python3.12/site-packages/airflow/example_dags/example_python_decorator.py
[2025-11-12T02:50:59.336+0000] {logging_mixin.py:190} INFO - [2025-11-12T02:50:59.336+0000] {override.py:1900} INFO - Created Permission View: can read on DAG:example_python_decorator
[2025-11-12T02:50:59.350+0000] {logging_mixin.py:190} INFO - [2025-11-12T02:50:59.350+0000] {override.py:1900} INFO - Created Permission View: can edit on DAG:example_python_decorator
[2025-11-12T02:50:59.359+0000] {logging_mixin.py:190} INFO - [2025-11-12T02:50:59.359+0000] {override.py:1900} INFO - Created Permission View: can delete on DAG:example_python_decorator
[2025-11-12T02:50:59.369+0000] {logging_mixin.py:190} INFO - [2025-11-12T02:50:59.369+0000] {override.py:1900} INFO - Created Permission View: can read on DAG Run:example_python_decorator
[2025-11-12T02:50:59.383+0000] {logging_mixin.py:190} INFO - [2025-11-12T02:50:59.383+0000] {override.py:1900} INFO - Created Permission View: menu access on DAG Run:example_python_decorator
[2025-11-12T02:50:59.393+0000] {logging_mixin.py:190} INFO - [2025-11-12T02:50:59.393+0000] {override.py:1900} INFO - Created Permission View: can create on DAG Run:example_python_decorator
[2025-11-12T02:50:59.405+0000] {logging_mixin.py:190} INFO - [2025-11-12T02:50:59.404+0000] {override.py:1900} INFO - Created Permission View: can delete on DAG Run:example_python_decorator
[2025-11-12T02:50:59.406+0000] {logging_mixin.py:190} INFO - [2025-11-12T02:50:59.405+0000] {dag.py:3239} INFO - Sync 1 DAGs
[2025-11-12T02:50:59.428+0000] {logging_mixin.py:190} INFO - [2025-11-12T02:50:59.428+0000] {dag.py:3262} INFO - Creating ORM DAG for example_python_decorator
[2025-11-12T02:50:59.430+0000] {logging_mixin.py:190} INFO - [2025-11-12T02:50:59.430+0000] {dag.py:4180} INFO - Setting next_dagrun for example_python_decorator to None, run_after=None
[2025-11-12T02:50:59.456+0000] {processor.py:208} INFO - Processing /home/airflow/.local/lib/python3.12/site-packages/airflow/example_dags/example_python_decorator.py took 0.317 seconds
[2025-11-12T02:51:29.560+0000] {processor.py:186} INFO - Started process (PID=163) to work on /home/airflow/.local/lib/python3.12/site-packages/airflow/example_dags/example_python_decorator.py
[2025-11-12T02:51:29.562+0000] {processor.py:914} INFO - Processing file /home/airflow/.local/lib/python3.12/site-packages/airflow/example_dags/example_python_decorator.py for tasks to queue
[2025-11-12T02:51:29.567+0000] {logging_mixin.py:190} INFO - [2025-11-12T02:51:29.566+0000] {dagbag.py:588} INFO - Filling up the DagBag from /home/airflow/.local/lib/python3.12/site-packages/airflow/example_dags/example_python_decorator.py
[2025-11-12T02:51:29.592+0000] {processor.py:925} INFO - DAG(s) 'example_python_decorator' retrieved from /home/airflow/.local/lib/python3.12/site-packages/airflow/example_dags/example_python_decorator.py
[2025-11-12T02:51:29.636+0000] {logging_mixin.py:190} INFO - [2025-11-12T02:51:29.635+0000] {dag.py:3239} INFO - Sync 1 DAGs
[2025-11-12T02:51:29.660+0000] {logging_mixin.py:190} INFO - [2025-11-12T02:51:29.660+0000] {dag.py:4180} INFO - Setting next_dagrun for example_python_decorator to None, run_after=None
[2025-11-12T02:51:29.695+0000] {processor.py:208} INFO - Processing /home/airflow/.local/lib/python3.12/site-packages/airflow/example_dags/example_python_decorator.py took 0.145 seconds
[2025-11-12T02:52:00.068+0000] {processor.py:186} INFO - Started process (PID=226) to work on /home/airflow/.local/lib/python3.12/site-packages/airflow/example_dags/example_python_decorator.py
[2025-11-12T02:52:00.070+0000] {processor.py:914} INFO - Processing file /home/airflow/.local/lib/python3.12/site-packages/airflow/example_dags/example_python_decorator.py for tasks to queue
[2025-11-12T02:52:00.073+0000] {logging_mixin.py:190} INFO - [2025-11-12T02:52:00.073+0000] {dagbag.py:588} INFO - Filling up the DagBag from /home/airflow/.local/lib/python3.12/site-packages/airflow/example_dags/example_python_decorator.py
[2025-11-12T02:52:00.096+0000] {processor.py:925} INFO - DAG(s) 'example_python_decorator' retrieved from /home/airflow/.local/lib/python3.12/site-packages/airflow/example_dags/example_python_decorator.py
[2025-11-12T02:52:00.132+0000] {logging_mixin.py:190} INFO - [2025-11-12T02:52:00.131+0000] {dag.py:3239} INFO - Sync 1 DAGs
[2025-11-12T02:52:00.154+0000] {logging_mixin.py:190} INFO - [2025-11-12T02:52:00.153+0000] {dag.py:4180} INFO - Setting next_dagrun for example_python_decorator to None, run_after=None
[2025-11-12T02:52:00.181+0000] {processor.py:208} INFO - Processing /home/airflow/.local/lib/python3.12/site-packages/airflow/example_dags/example_python_decorator.py took 0.122 seconds
