[2025-11-12T02:51:00.960+0000] {processor.py:186} INFO - Started process (PID=111) to work on /home/airflow/.local/lib/python3.12/site-packages/airflow/example_dags/example_dataset_alias.py
[2025-11-12T02:51:00.961+0000] {processor.py:914} INFO - Processing file /home/airflow/.local/lib/python3.12/site-packages/airflow/example_dags/example_dataset_alias.py for tasks to queue
[2025-11-12T02:51:00.968+0000] {logging_mixin.py:190} INFO - [2025-11-12T02:51:00.967+0000] {dagbag.py:588} INFO - Filling up the DagBag from /home/airflow/.local/lib/python3.12/site-packages/airflow/example_dags/example_dataset_alias.py
[2025-11-12T02:51:01.222+0000] {processor.py:925} INFO - DAG(s) 'dataset_alias_example_alias_producer', 'dataset_s3_bucket_producer', 'dataset_alias_example_alias_consumer', 'dataset_s3_bucket_consumer' retrieved from /home/airflow/.local/lib/python3.12/site-packages/airflow/example_dags/example_dataset_alias.py
[2025-11-12T02:51:01.376+0000] {logging_mixin.py:190} INFO - [2025-11-12T02:51:01.375+0000] {override.py:1900} INFO - Created Permission View: can read on DAG:dataset_alias_example_alias_producer
[2025-11-12T02:51:01.390+0000] {logging_mixin.py:190} INFO - [2025-11-12T02:51:01.390+0000] {override.py:1900} INFO - Created Permission View: can edit on DAG:dataset_alias_example_alias_producer
[2025-11-12T02:51:01.400+0000] {logging_mixin.py:190} INFO - [2025-11-12T02:51:01.399+0000] {override.py:1900} INFO - Created Permission View: can delete on DAG:dataset_alias_example_alias_producer
[2025-11-12T02:51:01.410+0000] {logging_mixin.py:190} INFO - [2025-11-12T02:51:01.409+0000] {override.py:1900} INFO - Created Permission View: can read on DAG Run:dataset_alias_example_alias_producer
[2025-11-12T02:51:01.419+0000] {logging_mixin.py:190} INFO - [2025-11-12T02:51:01.419+0000] {override.py:1900} INFO - Created Permission View: menu access on DAG Run:dataset_alias_example_alias_producer
[2025-11-12T02:51:01.429+0000] {logging_mixin.py:190} INFO - [2025-11-12T02:51:01.429+0000] {override.py:1900} INFO - Created Permission View: can create on DAG Run:dataset_alias_example_alias_producer
[2025-11-12T02:51:01.439+0000] {logging_mixin.py:190} INFO - [2025-11-12T02:51:01.438+0000] {override.py:1900} INFO - Created Permission View: can delete on DAG Run:dataset_alias_example_alias_producer
[2025-11-12T02:51:01.455+0000] {logging_mixin.py:190} INFO - [2025-11-12T02:51:01.455+0000] {override.py:1900} INFO - Created Permission View: can read on DAG:dataset_s3_bucket_producer
[2025-11-12T02:51:01.464+0000] {logging_mixin.py:190} INFO - [2025-11-12T02:51:01.464+0000] {override.py:1900} INFO - Created Permission View: can edit on DAG:dataset_s3_bucket_producer
[2025-11-12T02:51:01.477+0000] {logging_mixin.py:190} INFO - [2025-11-12T02:51:01.476+0000] {override.py:1900} INFO - Created Permission View: can delete on DAG:dataset_s3_bucket_producer
[2025-11-12T02:51:01.490+0000] {logging_mixin.py:190} INFO - [2025-11-12T02:51:01.490+0000] {override.py:1900} INFO - Created Permission View: can read on DAG Run:dataset_s3_bucket_producer
[2025-11-12T02:51:01.502+0000] {logging_mixin.py:190} INFO - [2025-11-12T02:51:01.501+0000] {override.py:1900} INFO - Created Permission View: menu access on DAG Run:dataset_s3_bucket_producer
[2025-11-12T02:51:01.513+0000] {logging_mixin.py:190} INFO - [2025-11-12T02:51:01.512+0000] {override.py:1900} INFO - Created Permission View: can create on DAG Run:dataset_s3_bucket_producer
[2025-11-12T02:51:01.523+0000] {logging_mixin.py:190} INFO - [2025-11-12T02:51:01.523+0000] {override.py:1900} INFO - Created Permission View: can delete on DAG Run:dataset_s3_bucket_producer
[2025-11-12T02:51:01.542+0000] {logging_mixin.py:190} INFO - [2025-11-12T02:51:01.542+0000] {override.py:1900} INFO - Created Permission View: can read on DAG:dataset_alias_example_alias_consumer
[2025-11-12T02:51:01.554+0000] {logging_mixin.py:190} INFO - [2025-11-12T02:51:01.553+0000] {override.py:1900} INFO - Created Permission View: can edit on DAG:dataset_alias_example_alias_consumer
[2025-11-12T02:51:01.566+0000] {logging_mixin.py:190} INFO - [2025-11-12T02:51:01.565+0000] {override.py:1900} INFO - Created Permission View: can delete on DAG:dataset_alias_example_alias_consumer
[2025-11-12T02:51:01.579+0000] {logging_mixin.py:190} INFO - [2025-11-12T02:51:01.578+0000] {override.py:1900} INFO - Created Permission View: can read on DAG Run:dataset_alias_example_alias_consumer
[2025-11-12T02:51:01.588+0000] {logging_mixin.py:190} INFO - [2025-11-12T02:51:01.588+0000] {override.py:1900} INFO - Created Permission View: menu access on DAG Run:dataset_alias_example_alias_consumer
[2025-11-12T02:51:01.596+0000] {logging_mixin.py:190} INFO - [2025-11-12T02:51:01.595+0000] {override.py:1900} INFO - Created Permission View: can create on DAG Run:dataset_alias_example_alias_consumer
[2025-11-12T02:51:01.604+0000] {logging_mixin.py:190} INFO - [2025-11-12T02:51:01.603+0000] {override.py:1900} INFO - Created Permission View: can delete on DAG Run:dataset_alias_example_alias_consumer
[2025-11-12T02:51:01.617+0000] {logging_mixin.py:190} INFO - [2025-11-12T02:51:01.617+0000] {override.py:1900} INFO - Created Permission View: can read on DAG:dataset_s3_bucket_consumer
[2025-11-12T02:51:01.627+0000] {logging_mixin.py:190} INFO - [2025-11-12T02:51:01.626+0000] {override.py:1900} INFO - Created Permission View: can edit on DAG:dataset_s3_bucket_consumer
[2025-11-12T02:51:01.636+0000] {logging_mixin.py:190} INFO - [2025-11-12T02:51:01.636+0000] {override.py:1900} INFO - Created Permission View: can delete on DAG:dataset_s3_bucket_consumer
[2025-11-12T02:51:01.645+0000] {logging_mixin.py:190} INFO - [2025-11-12T02:51:01.644+0000] {override.py:1900} INFO - Created Permission View: can read on DAG Run:dataset_s3_bucket_consumer
[2025-11-12T02:51:01.653+0000] {logging_mixin.py:190} INFO - [2025-11-12T02:51:01.652+0000] {override.py:1900} INFO - Created Permission View: menu access on DAG Run:dataset_s3_bucket_consumer
[2025-11-12T02:51:01.660+0000] {logging_mixin.py:190} INFO - [2025-11-12T02:51:01.660+0000] {override.py:1900} INFO - Created Permission View: can create on DAG Run:dataset_s3_bucket_consumer
[2025-11-12T02:51:01.668+0000] {logging_mixin.py:190} INFO - [2025-11-12T02:51:01.668+0000] {override.py:1900} INFO - Created Permission View: can delete on DAG Run:dataset_s3_bucket_consumer
[2025-11-12T02:51:01.669+0000] {logging_mixin.py:190} INFO - [2025-11-12T02:51:01.669+0000] {dag.py:3239} INFO - Sync 4 DAGs
[2025-11-12T02:51:01.686+0000] {logging_mixin.py:190} INFO - [2025-11-12T02:51:01.685+0000] {dag.py:3262} INFO - Creating ORM DAG for dataset_alias_example_alias_producer
[2025-11-12T02:51:01.687+0000] {logging_mixin.py:190} INFO - [2025-11-12T02:51:01.686+0000] {dag.py:3262} INFO - Creating ORM DAG for dataset_alias_example_alias_consumer
[2025-11-12T02:51:01.687+0000] {logging_mixin.py:190} INFO - [2025-11-12T02:51:01.687+0000] {dag.py:3262} INFO - Creating ORM DAG for dataset_s3_bucket_consumer
[2025-11-12T02:51:01.688+0000] {logging_mixin.py:190} INFO - [2025-11-12T02:51:01.688+0000] {dag.py:3262} INFO - Creating ORM DAG for dataset_s3_bucket_producer
[2025-11-12T02:51:01.699+0000] {logging_mixin.py:190} INFO - [2025-11-12T02:51:01.699+0000] {dag.py:4180} INFO - Setting next_dagrun for dataset_alias_example_alias_consumer to None, run_after=None
[2025-11-12T02:51:01.701+0000] {logging_mixin.py:190} INFO - [2025-11-12T02:51:01.700+0000] {dag.py:4180} INFO - Setting next_dagrun for dataset_alias_example_alias_producer to None, run_after=None
[2025-11-12T02:51:01.701+0000] {logging_mixin.py:190} INFO - [2025-11-12T02:51:01.701+0000] {dag.py:4180} INFO - Setting next_dagrun for dataset_s3_bucket_consumer to None, run_after=None
[2025-11-12T02:51:01.702+0000] {logging_mixin.py:190} INFO - [2025-11-12T02:51:01.702+0000] {dag.py:4180} INFO - Setting next_dagrun for dataset_s3_bucket_producer to None, run_after=None
[2025-11-12T02:51:01.738+0000] {processor.py:208} INFO - Processing /home/airflow/.local/lib/python3.12/site-packages/airflow/example_dags/example_dataset_alias.py took 0.787 seconds
[2025-11-12T02:51:31.820+0000] {processor.py:186} INFO - Started process (PID=174) to work on /home/airflow/.local/lib/python3.12/site-packages/airflow/example_dags/example_dataset_alias.py
[2025-11-12T02:51:31.821+0000] {processor.py:914} INFO - Processing file /home/airflow/.local/lib/python3.12/site-packages/airflow/example_dags/example_dataset_alias.py for tasks to queue
[2025-11-12T02:51:31.824+0000] {logging_mixin.py:190} INFO - [2025-11-12T02:51:31.824+0000] {dagbag.py:588} INFO - Filling up the DagBag from /home/airflow/.local/lib/python3.12/site-packages/airflow/example_dags/example_dataset_alias.py
[2025-11-12T02:51:32.051+0000] {processor.py:925} INFO - DAG(s) 'dataset_alias_example_alias_producer', 'dataset_s3_bucket_producer', 'dataset_alias_example_alias_consumer', 'dataset_s3_bucket_consumer' retrieved from /home/airflow/.local/lib/python3.12/site-packages/airflow/example_dags/example_dataset_alias.py
[2025-11-12T02:51:32.086+0000] {logging_mixin.py:190} INFO - [2025-11-12T02:51:32.086+0000] {dag.py:3239} INFO - Sync 4 DAGs
[2025-11-12T02:51:32.126+0000] {logging_mixin.py:190} INFO - [2025-11-12T02:51:32.125+0000] {dag.py:4180} INFO - Setting next_dagrun for dataset_alias_example_alias_consumer to None, run_after=None
[2025-11-12T02:51:32.131+0000] {logging_mixin.py:190} INFO - [2025-11-12T02:51:32.131+0000] {dag.py:4180} INFO - Setting next_dagrun for dataset_alias_example_alias_producer to None, run_after=None
[2025-11-12T02:51:32.134+0000] {logging_mixin.py:190} INFO - [2025-11-12T02:51:32.133+0000] {dag.py:4180} INFO - Setting next_dagrun for dataset_s3_bucket_consumer to None, run_after=None
[2025-11-12T02:51:32.135+0000] {logging_mixin.py:190} INFO - [2025-11-12T02:51:32.135+0000] {dag.py:4180} INFO - Setting next_dagrun for dataset_s3_bucket_producer to None, run_after=None
[2025-11-12T02:51:32.175+0000] {processor.py:208} INFO - Processing /home/airflow/.local/lib/python3.12/site-packages/airflow/example_dags/example_dataset_alias.py took 0.365 seconds
[2025-11-12T02:52:02.384+0000] {processor.py:186} INFO - Started process (PID=237) to work on /home/airflow/.local/lib/python3.12/site-packages/airflow/example_dags/example_dataset_alias.py
[2025-11-12T02:52:02.385+0000] {processor.py:914} INFO - Processing file /home/airflow/.local/lib/python3.12/site-packages/airflow/example_dags/example_dataset_alias.py for tasks to queue
[2025-11-12T02:52:02.389+0000] {logging_mixin.py:190} INFO - [2025-11-12T02:52:02.389+0000] {dagbag.py:588} INFO - Filling up the DagBag from /home/airflow/.local/lib/python3.12/site-packages/airflow/example_dags/example_dataset_alias.py
[2025-11-12T02:52:02.575+0000] {processor.py:925} INFO - DAG(s) 'dataset_alias_example_alias_producer', 'dataset_s3_bucket_consumer', 'dataset_alias_example_alias_consumer', 'dataset_s3_bucket_producer' retrieved from /home/airflow/.local/lib/python3.12/site-packages/airflow/example_dags/example_dataset_alias.py
[2025-11-12T02:52:02.599+0000] {logging_mixin.py:190} INFO - [2025-11-12T02:52:02.598+0000] {dag.py:3239} INFO - Sync 4 DAGs
[2025-11-12T02:52:02.623+0000] {logging_mixin.py:190} INFO - [2025-11-12T02:52:02.623+0000] {dag.py:4180} INFO - Setting next_dagrun for dataset_alias_example_alias_consumer to None, run_after=None
[2025-11-12T02:52:02.626+0000] {logging_mixin.py:190} INFO - [2025-11-12T02:52:02.626+0000] {dag.py:4180} INFO - Setting next_dagrun for dataset_alias_example_alias_producer to None, run_after=None
[2025-11-12T02:52:02.628+0000] {logging_mixin.py:190} INFO - [2025-11-12T02:52:02.628+0000] {dag.py:4180} INFO - Setting next_dagrun for dataset_s3_bucket_consumer to None, run_after=None
[2025-11-12T02:52:02.630+0000] {logging_mixin.py:190} INFO - [2025-11-12T02:52:02.630+0000] {dag.py:4180} INFO - Setting next_dagrun for dataset_s3_bucket_producer to None, run_after=None
[2025-11-12T02:52:02.655+0000] {processor.py:208} INFO - Processing /home/airflow/.local/lib/python3.12/site-packages/airflow/example_dags/example_dataset_alias.py took 0.280 seconds
