[2025-11-12T02:50:55.655+0000] {processor.py:186} INFO - Started process (PID=84) to work on /home/airflow/.local/lib/python3.12/site-packages/airflow/example_dags/tutorial_taskflow_api_virtualenv.py
[2025-11-12T02:50:55.657+0000] {processor.py:914} INFO - Processing file /home/airflow/.local/lib/python3.12/site-packages/airflow/example_dags/tutorial_taskflow_api_virtualenv.py for tasks to queue
[2025-11-12T02:50:55.662+0000] {logging_mixin.py:190} INFO - [2025-11-12T02:50:55.661+0000] {dagbag.py:588} INFO - Filling up the DagBag from /home/airflow/.local/lib/python3.12/site-packages/airflow/example_dags/tutorial_taskflow_api_virtualenv.py
[2025-11-12T02:50:55.684+0000] {processor.py:925} INFO - DAG(s) 'tutorial_taskflow_api_virtualenv' retrieved from /home/airflow/.local/lib/python3.12/site-packages/airflow/example_dags/tutorial_taskflow_api_virtualenv.py
[2025-11-12T02:50:55.845+0000] {logging_mixin.py:190} INFO - [2025-11-12T02:50:55.844+0000] {override.py:1900} INFO - Created Permission View: can read on DAG:tutorial_taskflow_api_virtualenv
[2025-11-12T02:50:55.861+0000] {logging_mixin.py:190} INFO - [2025-11-12T02:50:55.861+0000] {override.py:1900} INFO - Created Permission View: can edit on DAG:tutorial_taskflow_api_virtualenv
[2025-11-12T02:50:55.871+0000] {logging_mixin.py:190} INFO - [2025-11-12T02:50:55.871+0000] {override.py:1900} INFO - Created Permission View: can delete on DAG:tutorial_taskflow_api_virtualenv
[2025-11-12T02:50:55.883+0000] {logging_mixin.py:190} INFO - [2025-11-12T02:50:55.882+0000] {override.py:1900} INFO - Created Permission View: can read on DAG Run:tutorial_taskflow_api_virtualenv
[2025-11-12T02:50:55.890+0000] {logging_mixin.py:190} INFO - [2025-11-12T02:50:55.890+0000] {override.py:1900} INFO - Created Permission View: menu access on DAG Run:tutorial_taskflow_api_virtualenv
[2025-11-12T02:50:55.901+0000] {logging_mixin.py:190} INFO - [2025-11-12T02:50:55.900+0000] {override.py:1900} INFO - Created Permission View: can create on DAG Run:tutorial_taskflow_api_virtualenv
[2025-11-12T02:50:55.910+0000] {logging_mixin.py:190} INFO - [2025-11-12T02:50:55.910+0000] {override.py:1900} INFO - Created Permission View: can delete on DAG Run:tutorial_taskflow_api_virtualenv
[2025-11-12T02:50:55.911+0000] {logging_mixin.py:190} INFO - [2025-11-12T02:50:55.911+0000] {dag.py:3239} INFO - Sync 1 DAGs
[2025-11-12T02:50:55.928+0000] {logging_mixin.py:190} INFO - [2025-11-12T02:50:55.928+0000] {dag.py:3262} INFO - Creating ORM DAG for tutorial_taskflow_api_virtualenv
[2025-11-12T02:50:55.929+0000] {logging_mixin.py:190} INFO - [2025-11-12T02:50:55.929+0000] {dag.py:4180} INFO - Setting next_dagrun for tutorial_taskflow_api_virtualenv to None, run_after=None
[2025-11-12T02:50:55.948+0000] {processor.py:208} INFO - Processing /home/airflow/.local/lib/python3.12/site-packages/airflow/example_dags/tutorial_taskflow_api_virtualenv.py took 0.302 seconds
[2025-11-12T02:51:26.432+0000] {processor.py:186} INFO - Started process (PID=146) to work on /home/airflow/.local/lib/python3.12/site-packages/airflow/example_dags/tutorial_taskflow_api_virtualenv.py
[2025-11-12T02:51:26.434+0000] {processor.py:914} INFO - Processing file /home/airflow/.local/lib/python3.12/site-packages/airflow/example_dags/tutorial_taskflow_api_virtualenv.py for tasks to queue
[2025-11-12T02:51:26.440+0000] {logging_mixin.py:190} INFO - [2025-11-12T02:51:26.439+0000] {dagbag.py:588} INFO - Filling up the DagBag from /home/airflow/.local/lib/python3.12/site-packages/airflow/example_dags/tutorial_taskflow_api_virtualenv.py
[2025-11-12T02:51:26.469+0000] {processor.py:925} INFO - DAG(s) 'tutorial_taskflow_api_virtualenv' retrieved from /home/airflow/.local/lib/python3.12/site-packages/airflow/example_dags/tutorial_taskflow_api_virtualenv.py
[2025-11-12T02:51:26.504+0000] {logging_mixin.py:190} INFO - [2025-11-12T02:51:26.503+0000] {dag.py:3239} INFO - Sync 1 DAGs
[2025-11-12T02:51:26.525+0000] {logging_mixin.py:190} INFO - [2025-11-12T02:51:26.524+0000] {dag.py:4180} INFO - Setting next_dagrun for tutorial_taskflow_api_virtualenv to None, run_after=None
[2025-11-12T02:51:26.561+0000] {processor.py:208} INFO - Processing /home/airflow/.local/lib/python3.12/site-packages/airflow/example_dags/tutorial_taskflow_api_virtualenv.py took 0.142 seconds
[2025-11-12T02:51:56.904+0000] {processor.py:186} INFO - Started process (PID=209) to work on /home/airflow/.local/lib/python3.12/site-packages/airflow/example_dags/tutorial_taskflow_api_virtualenv.py
[2025-11-12T02:51:56.906+0000] {processor.py:914} INFO - Processing file /home/airflow/.local/lib/python3.12/site-packages/airflow/example_dags/tutorial_taskflow_api_virtualenv.py for tasks to queue
[2025-11-12T02:51:56.910+0000] {logging_mixin.py:190} INFO - [2025-11-12T02:51:56.910+0000] {dagbag.py:588} INFO - Filling up the DagBag from /home/airflow/.local/lib/python3.12/site-packages/airflow/example_dags/tutorial_taskflow_api_virtualenv.py
[2025-11-12T02:51:56.938+0000] {processor.py:925} INFO - DAG(s) 'tutorial_taskflow_api_virtualenv' retrieved from /home/airflow/.local/lib/python3.12/site-packages/airflow/example_dags/tutorial_taskflow_api_virtualenv.py
[2025-11-12T02:51:56.980+0000] {logging_mixin.py:190} INFO - [2025-11-12T02:51:56.980+0000] {dag.py:3239} INFO - Sync 1 DAGs
[2025-11-12T02:51:57.011+0000] {logging_mixin.py:190} INFO - [2025-11-12T02:51:57.010+0000] {dag.py:4180} INFO - Setting next_dagrun for tutorial_taskflow_api_virtualenv to None, run_after=None
[2025-11-12T02:51:57.047+0000] {processor.py:208} INFO - Processing /home/airflow/.local/lib/python3.12/site-packages/airflow/example_dags/tutorial_taskflow_api_virtualenv.py took 0.158 seconds
