[2025-11-12T02:50:56.001+0000] {processor.py:186} INFO - Started process (PID=86) to work on /home/airflow/.local/lib/python3.12/site-packages/airflow/example_dags/tutorial.py
[2025-11-12T02:50:56.002+0000] {processor.py:914} INFO - Processing file /home/airflow/.local/lib/python3.12/site-packages/airflow/example_dags/tutorial.py for tasks to queue
[2025-11-12T02:50:56.006+0000] {logging_mixin.py:190} INFO - [2025-11-12T02:50:56.006+0000] {dagbag.py:588} INFO - Filling up the DagBag from /home/airflow/.local/lib/python3.12/site-packages/airflow/example_dags/tutorial.py
[2025-11-12T02:50:56.020+0000] {processor.py:925} INFO - DAG(s) 'tutorial' retrieved from /home/airflow/.local/lib/python3.12/site-packages/airflow/example_dags/tutorial.py
[2025-11-12T02:50:56.192+0000] {logging_mixin.py:190} INFO - [2025-11-12T02:50:56.191+0000] {override.py:1900} INFO - Created Permission View: can read on DAG:tutorial
[2025-11-12T02:50:56.207+0000] {logging_mixin.py:190} INFO - [2025-11-12T02:50:56.206+0000] {override.py:1900} INFO - Created Permission View: can edit on DAG:tutorial
[2025-11-12T02:50:56.215+0000] {logging_mixin.py:190} INFO - [2025-11-12T02:50:56.215+0000] {override.py:1900} INFO - Created Permission View: can delete on DAG:tutorial
[2025-11-12T02:50:56.226+0000] {logging_mixin.py:190} INFO - [2025-11-12T02:50:56.225+0000] {override.py:1900} INFO - Created Permission View: can read on DAG Run:tutorial
[2025-11-12T02:50:56.235+0000] {logging_mixin.py:190} INFO - [2025-11-12T02:50:56.234+0000] {override.py:1900} INFO - Created Permission View: menu access on DAG Run:tutorial
[2025-11-12T02:50:56.244+0000] {logging_mixin.py:190} INFO - [2025-11-12T02:50:56.244+0000] {override.py:1900} INFO - Created Permission View: can create on DAG Run:tutorial
[2025-11-12T02:50:56.256+0000] {logging_mixin.py:190} INFO - [2025-11-12T02:50:56.255+0000] {override.py:1900} INFO - Created Permission View: can delete on DAG Run:tutorial
[2025-11-12T02:50:56.257+0000] {logging_mixin.py:190} INFO - [2025-11-12T02:50:56.257+0000] {dag.py:3239} INFO - Sync 1 DAGs
[2025-11-12T02:50:56.276+0000] {logging_mixin.py:190} INFO - [2025-11-12T02:50:56.275+0000] {dag.py:3262} INFO - Creating ORM DAG for tutorial
[2025-11-12T02:50:56.288+0000] {logging_mixin.py:190} INFO - [2025-11-12T02:50:56.287+0000] {dag.py:4180} INFO - Setting next_dagrun for tutorial to 2025-11-11 00:00:00+00:00, run_after=2025-11-12 00:00:00+00:00
[2025-11-12T02:50:56.310+0000] {processor.py:208} INFO - Processing /home/airflow/.local/lib/python3.12/site-packages/airflow/example_dags/tutorial.py took 0.319 seconds
[2025-11-12T02:51:26.625+0000] {processor.py:186} INFO - Started process (PID=148) to work on /home/airflow/.local/lib/python3.12/site-packages/airflow/example_dags/tutorial.py
[2025-11-12T02:51:26.627+0000] {processor.py:914} INFO - Processing file /home/airflow/.local/lib/python3.12/site-packages/airflow/example_dags/tutorial.py for tasks to queue
[2025-11-12T02:51:26.632+0000] {logging_mixin.py:190} INFO - [2025-11-12T02:51:26.632+0000] {dagbag.py:588} INFO - Filling up the DagBag from /home/airflow/.local/lib/python3.12/site-packages/airflow/example_dags/tutorial.py
[2025-11-12T02:51:26.650+0000] {processor.py:925} INFO - DAG(s) 'tutorial' retrieved from /home/airflow/.local/lib/python3.12/site-packages/airflow/example_dags/tutorial.py
[2025-11-12T02:51:26.691+0000] {logging_mixin.py:190} INFO - [2025-11-12T02:51:26.691+0000] {dag.py:3239} INFO - Sync 1 DAGs
[2025-11-12T02:51:26.732+0000] {logging_mixin.py:190} INFO - [2025-11-12T02:51:26.731+0000] {dag.py:4180} INFO - Setting next_dagrun for tutorial to 2025-11-11 00:00:00+00:00, run_after=2025-11-12 00:00:00+00:00
[2025-11-12T02:51:26.754+0000] {processor.py:208} INFO - Processing /home/airflow/.local/lib/python3.12/site-packages/airflow/example_dags/tutorial.py took 0.141 seconds
[2025-11-12T02:51:57.151+0000] {processor.py:186} INFO - Started process (PID=211) to work on /home/airflow/.local/lib/python3.12/site-packages/airflow/example_dags/tutorial.py
[2025-11-12T02:51:57.154+0000] {processor.py:914} INFO - Processing file /home/airflow/.local/lib/python3.12/site-packages/airflow/example_dags/tutorial.py for tasks to queue
[2025-11-12T02:51:57.160+0000] {logging_mixin.py:190} INFO - [2025-11-12T02:51:57.159+0000] {dagbag.py:588} INFO - Filling up the DagBag from /home/airflow/.local/lib/python3.12/site-packages/airflow/example_dags/tutorial.py
[2025-11-12T02:51:57.178+0000] {processor.py:925} INFO - DAG(s) 'tutorial' retrieved from /home/airflow/.local/lib/python3.12/site-packages/airflow/example_dags/tutorial.py
[2025-11-12T02:51:57.225+0000] {logging_mixin.py:190} INFO - [2025-11-12T02:51:57.224+0000] {dag.py:3239} INFO - Sync 1 DAGs
[2025-11-12T02:51:57.269+0000] {logging_mixin.py:190} INFO - [2025-11-12T02:51:57.268+0000] {dag.py:4180} INFO - Setting next_dagrun for tutorial to 2025-11-11 00:00:00+00:00, run_after=2025-11-12 00:00:00+00:00
[2025-11-12T02:51:57.300+0000] {processor.py:208} INFO - Processing /home/airflow/.local/lib/python3.12/site-packages/airflow/example_dags/tutorial.py took 0.163 seconds
