[2025-11-14T09:32:38.322+0000] {local_task_job_runner.py:123} INFO - ::group::Pre task execution logs
[2025-11-14T09:32:38.340+0000] {taskinstance.py:2612} INFO - Dependencies all met for dep_context=non-requeueable deps ti=<TaskInstance: sentiment_reviews_etl_batches.extract_data_task manual__2025-11-14T09:32:33.739906+00:00 [queued]>
[2025-11-14T09:32:38.348+0000] {taskinstance.py:2612} INFO - Dependencies all met for dep_context=requeueable deps ti=<TaskInstance: sentiment_reviews_etl_batches.extract_data_task manual__2025-11-14T09:32:33.739906+00:00 [queued]>
[2025-11-14T09:32:38.350+0000] {taskinstance.py:2865} INFO - Starting attempt 1 of 2
[2025-11-14T09:32:38.366+0000] {taskinstance.py:2888} INFO - Executing <Task(PythonOperator): extract_data_task> on 2025-11-14 09:32:33.739906+00:00
[2025-11-14T09:32:38.378+0000] {standard_task_runner.py:72} INFO - Started process 684 to run task
[2025-11-14T09:32:38.385+0000] {standard_task_runner.py:104} INFO - Running: ['***', 'tasks', 'run', 'sentiment_reviews_etl_batches', 'extract_data_task', 'manual__2025-11-14T09:32:33.739906+00:00', '--job-id', '86', '--raw', '--subdir', 'DAGS_FOLDER/sentiment_review_pipeline_dag.py', '--cfg-path', '/tmp/tmpifphm9s3']
[2025-11-14T09:32:38.391+0000] {standard_task_runner.py:105} INFO - Job 86: Subtask extract_data_task
[2025-11-14T09:32:38.454+0000] {task_command.py:467} INFO - Running <TaskInstance: sentiment_reviews_etl_batches.extract_data_task manual__2025-11-14T09:32:33.739906+00:00 [running]> on host 76ee26759cb5
[2025-11-14T09:32:38.536+0000] {taskinstance.py:3131} INFO - Exporting env vars: AIRFLOW_CTX_DAG_OWNER='***' AIRFLOW_CTX_DAG_ID='sentiment_reviews_etl_batches' AIRFLOW_CTX_TASK_ID='extract_data_task' AIRFLOW_CTX_EXECUTION_DATE='2025-11-14T09:32:33.739906+00:00' AIRFLOW_CTX_TRY_NUMBER='1' AIRFLOW_CTX_DAG_RUN_ID='manual__2025-11-14T09:32:33.739906+00:00'
[2025-11-14T09:32:38.539+0000] {taskinstance.py:731} INFO - ::endgroup::
[2025-11-14T09:32:38.557+0000] {logging_mixin.py:190} INFO - Extracting data...
[2025-11-14T09:32:38.674+0000] {log.py:232} WARNING - 2025-11-14 09:32:38 | INFO | extract_data | Batch 1 saved to /opt/***/project/output/temp_batches/batch_1.csv
[2025-11-14T09:32:38.673+0000] {extract_data.py:35} INFO - Batch 1 saved to /opt/***/project/output/temp_batches/batch_1.csv
[2025-11-14T09:32:38.743+0000] {logging_mixin.py:190} INFO - Extracted 500 rows.
[2025-11-14T09:32:38.746+0000] {python.py:240} INFO - Done. Returned value was: None
[2025-11-14T09:32:38.759+0000] {taskinstance.py:340} INFO - ::group::Post task execution logs
[2025-11-14T09:32:38.761+0000] {taskinstance.py:352} INFO - Marking task as SUCCESS. dag_id=sentiment_reviews_etl_batches, task_id=extract_data_task, run_id=manual__2025-11-14T09:32:33.739906+00:00, execution_date=20251114T093233, start_date=20251114T093238, end_date=20251114T093238
[2025-11-14T09:32:38.762+0000] {taskinstance.py:1563} INFO - Executing callback at index 0: notify_success
[2025-11-14T09:32:38.764+0000] {taskinstance.py:1567} ERROR - Error in callback at index 0: notify_success
Traceback (most recent call last):
  File "/home/airflow/.local/lib/python3.10/site-packages/airflow/models/taskinstance.py", line 1565, in _run_finished_callback
    callback(context)
  File "/opt/airflow/dags/sentiment_review_pipeline_dag.py", line 61, in notify_success
    config = load_config().get("email_settings", {})
  File "/opt/airflow/dags/sentiment_review_pipeline_dag.py", line 33, in load_config
    raise FileNotFoundError(f"Config file not found: {CONFIG_PATH}")
FileNotFoundError: Config file not found: /opt/***/project/iew/setting.yaml
[2025-11-14T09:32:38.799+0000] {local_task_job_runner.py:266} INFO - Task exited with return code 0
[2025-11-14T09:32:38.817+0000] {local_task_job_runner.py:245} INFO - ::endgroup::
