[2025-11-14T09:42:07.828+0000] {local_task_job_runner.py:123} INFO - ::group::Pre task execution logs
[2025-11-14T09:42:07.850+0000] {taskinstance.py:2612} INFO - Dependencies all met for dep_context=non-requeueable deps ti=<TaskInstance: sentiment_reviews_etl_batches.load_data_task manual__2025-11-14T09:34:44.355660+00:00 [queued]>
[2025-11-14T09:42:07.862+0000] {taskinstance.py:2612} INFO - Dependencies all met for dep_context=requeueable deps ti=<TaskInstance: sentiment_reviews_etl_batches.load_data_task manual__2025-11-14T09:34:44.355660+00:00 [queued]>
[2025-11-14T09:42:07.865+0000] {taskinstance.py:2865} INFO - Starting attempt 1 of 2
[2025-11-14T09:42:07.885+0000] {taskinstance.py:2888} INFO - Executing <Task(PythonOperator): load_data_task> on 2025-11-14 09:34:44.355660+00:00
[2025-11-14T09:42:07.902+0000] {standard_task_runner.py:72} INFO - Started process 1004 to run task
[2025-11-14T09:42:07.910+0000] {standard_task_runner.py:104} INFO - Running: ['***', 'tasks', 'run', 'sentiment_reviews_etl_batches', 'load_data_task', 'manual__2025-11-14T09:34:44.355660+00:00', '--job-id', '104', '--raw', '--subdir', 'DAGS_FOLDER/sentiment_review_pipeline_dag.py', '--cfg-path', '/tmp/tmp190_iyz2']
[2025-11-14T09:42:07.918+0000] {standard_task_runner.py:105} INFO - Job 104: Subtask load_data_task
[2025-11-14T09:42:07.986+0000] {task_command.py:467} INFO - Running <TaskInstance: sentiment_reviews_etl_batches.load_data_task manual__2025-11-14T09:34:44.355660+00:00 [running]> on host 76ee26759cb5
[2025-11-14T09:42:08.083+0000] {taskinstance.py:3131} INFO - Exporting env vars: AIRFLOW_CTX_DAG_OWNER='***' AIRFLOW_CTX_DAG_ID='sentiment_reviews_etl_batches' AIRFLOW_CTX_TASK_ID='load_data_task' AIRFLOW_CTX_EXECUTION_DATE='2025-11-14T09:34:44.355660+00:00' AIRFLOW_CTX_TRY_NUMBER='1' AIRFLOW_CTX_DAG_RUN_ID='manual__2025-11-14T09:34:44.355660+00:00'
[2025-11-14T09:42:08.086+0000] {taskinstance.py:731} INFO - ::endgroup::
[2025-11-14T09:42:08.124+0000] {log.py:232} WARNING - 2025-11-14 09:42:08 | ERROR | load_batch_to_db | Error loading batch: mysql.connector.pooling.connect() argument after ** must be a mapping, not str
Traceback (most recent call last):
  File "/opt/***/project/scripts/load_data.py", line 19, in load_batch_to_db
    conn = my.connect(**db_conf)
TypeError: mysql.connector.pooling.connect() argument after ** must be a mapping, not str
[2025-11-14T09:42:08.118+0000] {load_data.py:144} ERROR - Error loading batch: mysql.connector.pooling.connect() argument after ** must be a mapping, not str
Traceback (most recent call last):
  File "/opt/airflow/project/scripts/load_data.py", line 19, in load_batch_to_db
    conn = my.connect(**db_conf)
TypeError: mysql.connector.pooling.connect() argument after ** must be a mapping, not str
[2025-11-14T09:42:08.128+0000] {log.py:232} WARNING - 2025-11-14 09:42:08 | INFO | load_batch_to_db | DB connection closed
[2025-11-14T09:42:08.127+0000] {load_data.py:152} INFO - DB connection closed
[2025-11-14T09:42:08.133+0000] {taskinstance.py:3310} ERROR - Task failed with exception
Traceback (most recent call last):
  File "/home/airflow/.local/lib/python3.10/site-packages/airflow/models/taskinstance.py", line 767, in _execute_task
    result = _execute_callable(context=context, **execute_callable_kwargs)
  File "/home/airflow/.local/lib/python3.10/site-packages/airflow/models/taskinstance.py", line 733, in _execute_callable
    return ExecutionCallableRunner(
  File "/home/airflow/.local/lib/python3.10/site-packages/airflow/utils/operator_helpers.py", line 252, in run
    return self.func(*args, **kwargs)
  File "/home/airflow/.local/lib/python3.10/site-packages/airflow/models/baseoperator.py", line 406, in wrapper
    return func(self, *args, **kwargs)
  File "/home/airflow/.local/lib/python3.10/site-packages/airflow/operators/python.py", line 238, in execute
    return_value = self.execute_callable()
  File "/home/airflow/.local/lib/python3.10/site-packages/airflow/operators/python.py", line 256, in execute_callable
    return runner.run(*self.op_args, **self.op_kwargs)
  File "/home/airflow/.local/lib/python3.10/site-packages/airflow/utils/operator_helpers.py", line 252, in run
    return self.func(*args, **kwargs)
  File "/opt/airflow/dags/sentiment_review_pipeline_dag.py", line 162, in load_task
    load_data(predictions_path, CONFIG_PATH)
  File "/opt/airflow/project/scripts/load_data.py", line 19, in load_batch_to_db
    conn = my.connect(**db_conf)
TypeError: mysql.connector.pooling.connect() argument after ** must be a mapping, not str
[2025-11-14T09:42:08.155+0000] {taskinstance.py:1225} INFO - Marking task as UP_FOR_RETRY. dag_id=sentiment_reviews_etl_batches, task_id=load_data_task, run_id=manual__2025-11-14T09:34:44.355660+00:00, execution_date=20251114T093444, start_date=20251114T094207, end_date=20251114T094208
[2025-11-14T09:42:08.181+0000] {taskinstance.py:340} INFO - ::group::Post task execution logs
[2025-11-14T09:42:08.183+0000] {standard_task_runner.py:124} ERROR - Failed to execute job 104 for task load_data_task (mysql.connector.pooling.connect() argument after ** must be a mapping, not str; 1004)
Traceback (most recent call last):
  File "/home/airflow/.local/lib/python3.10/site-packages/airflow/task/task_runner/standard_task_runner.py", line 117, in _start_by_fork
    ret = args.func(args, dag=self.dag)
  File "/home/airflow/.local/lib/python3.10/site-packages/airflow/cli/cli_config.py", line 49, in command
    return func(*args, **kwargs)
  File "/home/airflow/.local/lib/python3.10/site-packages/airflow/utils/cli.py", line 115, in wrapper
    return f(*args, **kwargs)
  File "/home/airflow/.local/lib/python3.10/site-packages/airflow/cli/commands/task_command.py", line 483, in task_run
    task_return_code = _run_task_by_selected_method(args, _dag, ti)
  File "/home/airflow/.local/lib/python3.10/site-packages/airflow/cli/commands/task_command.py", line 256, in _run_task_by_selected_method
    return _run_raw_task(args, ti)
  File "/home/airflow/.local/lib/python3.10/site-packages/airflow/cli/commands/task_command.py", line 341, in _run_raw_task
    return ti._run_raw_task(
  File "/home/airflow/.local/lib/python3.10/site-packages/airflow/utils/session.py", line 97, in wrapper
    return func(*args, session=session, **kwargs)
  File "/home/airflow/.local/lib/python3.10/site-packages/airflow/models/taskinstance.py", line 3004, in _run_raw_task
    return _run_raw_task(
  File "/home/airflow/.local/lib/python3.10/site-packages/airflow/models/taskinstance.py", line 273, in _run_raw_task
    TaskInstance._execute_task_with_callbacks(
  File "/home/airflow/.local/lib/python3.10/site-packages/airflow/models/taskinstance.py", line 3158, in _execute_task_with_callbacks
    result = self._execute_task(context, task_orig)
  File "/home/airflow/.local/lib/python3.10/site-packages/airflow/models/taskinstance.py", line 3182, in _execute_task
    return _execute_task(self, context, task_orig)
  File "/home/airflow/.local/lib/python3.10/site-packages/airflow/models/taskinstance.py", line 767, in _execute_task
    result = _execute_callable(context=context, **execute_callable_kwargs)
  File "/home/airflow/.local/lib/python3.10/site-packages/airflow/models/taskinstance.py", line 733, in _execute_callable
    return ExecutionCallableRunner(
  File "/home/airflow/.local/lib/python3.10/site-packages/airflow/utils/operator_helpers.py", line 252, in run
    return self.func(*args, **kwargs)
  File "/home/airflow/.local/lib/python3.10/site-packages/airflow/models/baseoperator.py", line 406, in wrapper
    return func(self, *args, **kwargs)
  File "/home/airflow/.local/lib/python3.10/site-packages/airflow/operators/python.py", line 238, in execute
    return_value = self.execute_callable()
  File "/home/airflow/.local/lib/python3.10/site-packages/airflow/operators/python.py", line 256, in execute_callable
    return runner.run(*self.op_args, **self.op_kwargs)
  File "/home/airflow/.local/lib/python3.10/site-packages/airflow/utils/operator_helpers.py", line 252, in run
    return self.func(*args, **kwargs)
  File "/opt/airflow/dags/sentiment_review_pipeline_dag.py", line 162, in load_task
    load_data(predictions_path, CONFIG_PATH)
  File "/opt/airflow/project/scripts/load_data.py", line 19, in load_batch_to_db
    conn = my.connect(**db_conf)
TypeError: mysql.connector.pooling.connect() argument after ** must be a mapping, not str
[2025-11-14T09:42:08.208+0000] {local_task_job_runner.py:266} INFO - Task exited with return code 1
[2025-11-14T09:42:08.249+0000] {taskinstance.py:3900} INFO - 0 downstream tasks scheduled from follow-on schedule check
[2025-11-14T09:42:08.253+0000] {local_task_job_runner.py:245} INFO - ::endgroup::
