[2025-11-14T14:34:25.782+0000] {local_task_job_runner.py:123} INFO - ::group::Pre task execution logs
[2025-11-14T14:34:25.806+0000] {taskinstance.py:2612} INFO - Dependencies all met for dep_context=non-requeueable deps ti=<TaskInstance: sentiment_reviews_etl_batches.load_data_task scheduled__2025-11-14T14:00:00+00:00 [queued]>
[2025-11-14T14:34:25.819+0000] {taskinstance.py:2612} INFO - Dependencies all met for dep_context=requeueable deps ti=<TaskInstance: sentiment_reviews_etl_batches.load_data_task scheduled__2025-11-14T14:00:00+00:00 [queued]>
[2025-11-14T14:34:25.820+0000] {taskinstance.py:2865} INFO - Starting attempt 1 of 2
[2025-11-14T14:34:25.840+0000] {taskinstance.py:2888} INFO - Executing <Task(PythonOperator): load_data_task> on 2025-11-14 14:00:00+00:00
[2025-11-14T14:34:25.856+0000] {standard_task_runner.py:72} INFO - Started process 1354 to run task
[2025-11-14T14:34:25.864+0000] {standard_task_runner.py:104} INFO - Running: ['***', 'tasks', 'run', 'sentiment_reviews_etl_batches', 'load_data_task', 'scheduled__2025-11-14T14:00:00+00:00', '--job-id', '218', '--raw', '--subdir', 'DAGS_FOLDER/sentiment_review_pipeline_dag.py', '--cfg-path', '/tmp/tmpzy79w8o5']
[2025-11-14T14:34:25.872+0000] {standard_task_runner.py:105} INFO - Job 218: Subtask load_data_task
[2025-11-14T14:34:25.957+0000] {task_command.py:467} INFO - Running <TaskInstance: sentiment_reviews_etl_batches.load_data_task scheduled__2025-11-14T14:00:00+00:00 [running]> on host 8d452abf73f2
[2025-11-14T14:34:26.082+0000] {taskinstance.py:3131} INFO - Exporting env vars: AIRFLOW_CTX_DAG_OWNER='***' AIRFLOW_CTX_DAG_ID='sentiment_reviews_etl_batches' AIRFLOW_CTX_TASK_ID='load_data_task' AIRFLOW_CTX_EXECUTION_DATE='2025-11-14T14:00:00+00:00' AIRFLOW_CTX_TRY_NUMBER='1' AIRFLOW_CTX_DAG_RUN_ID='scheduled__2025-11-14T14:00:00+00:00'
[2025-11-14T14:34:26.087+0000] {taskinstance.py:731} INFO - ::endgroup::
[2025-11-14T14:34:26.250+0000] {log.py:232} WARNING - 2025-11-14 14:34:26 | INFO | load_batch_to_db | Connected to DB
[2025-11-14T14:34:26.249+0000] {load_data.py:25} INFO - Connected to DB
[2025-11-14T14:34:27.154+0000] {log.py:232} WARNING - 2025-11-14 14:34:27 | INFO | load_batch_to_db | district_stats updated
[2025-11-14T14:34:27.153+0000] {load_data.py:87} INFO - district_stats updated
[2025-11-14T14:34:27.241+0000] {log.py:232} WARNING - 2025-11-14 14:34:27 | INFO | load_batch_to_db | 500 reviews inserted
[2025-11-14T14:34:27.241+0000] {load_data.py:108} INFO - 500 reviews inserted
[2025-11-14T14:34:27.856+0000] {log.py:232} WARNING - 2025-11-14 14:34:27 | INFO | load_batch_to_db | notifications updated
[2025-11-14T14:34:27.855+0000] {load_data.py:148} INFO - notifications updated
[2025-11-14T14:34:27.862+0000] {log.py:232} WARNING - 2025-11-14 14:34:27 | INFO | load_batch_to_db | DB connection closed
[2025-11-14T14:34:27.861+0000] {load_data.py:159} INFO - DB connection closed
[2025-11-14T14:34:27.889+0000] {python.py:240} INFO - Done. Returned value was: None
[2025-11-14T14:34:27.912+0000] {taskinstance.py:340} INFO - ::group::Post task execution logs
[2025-11-14T14:34:27.914+0000] {taskinstance.py:352} INFO - Marking task as SUCCESS. dag_id=sentiment_reviews_etl_batches, task_id=load_data_task, run_id=scheduled__2025-11-14T14:00:00+00:00, execution_date=20251114T140000, start_date=20251114T143425, end_date=20251114T143427
[2025-11-14T14:34:27.916+0000] {taskinstance.py:1563} INFO - Executing callback at index 0: notify_success
[2025-11-14T14:34:27.938+0000] {warnings.py:109} WARNING - /home/***/.local/lib/python3.10/site-packages/***/utils/email.py:155: RemovedInAirflow3Warning: Fetching SMTP credentials from configuration variables will be deprecated in a future release. Please set credentials using a connection instead.
  send_mime_email(e_from=mail_from, e_to=recipients, mime_msg=msg, conn_id=conn_id, dryrun=dryrun)

[2025-11-14T14:34:27.940+0000] {configuration.py:1058} WARNING - section/key [smtp/smtp_user] not found in config
[2025-11-14T14:34:27.942+0000] {email.py:272} INFO - Email alerting: attempt 1
[2025-11-14T14:34:27.944+0000] {taskinstance.py:1567} ERROR - Error in callback at index 0: notify_success
Traceback (most recent call last):
  File "/home/airflow/.local/lib/python3.10/site-packages/airflow/models/taskinstance.py", line 1565, in _run_finished_callback
    callback(context)
  File "/opt/airflow/dags/sentiment_review_pipeline_dag.py", line 63, in notify_success
    send_email_smtp(to=config.get("email_to", []), subject=subject, html_content=body)
  File "/home/airflow/.local/lib/python3.10/site-packages/airflow/utils/email.py", line 155, in send_email_smtp
    send_mime_email(e_from=mail_from, e_to=recipients, mime_msg=msg, conn_id=conn_id, dryrun=dryrun)
  File "/home/airflow/.local/lib/python3.10/site-packages/airflow/utils/email.py", line 274, in send_mime_email
    smtp_conn = _get_smtp_connection(smtp_host, smtp_port, smtp_timeout, smtp_ssl)
  File "/home/airflow/.local/lib/python3.10/site-packages/airflow/utils/email.py", line 318, in _get_smtp_connection
    return smtplib.SMTP(host=host, port=port, timeout=timeout)
  File "/usr/local/lib/python3.10/smtplib.py", line 255, in __init__
    (code, msg) = self.connect(host, port)
  File "/usr/local/lib/python3.10/smtplib.py", line 341, in connect
    self.sock = self._get_socket(host, port, self.timeout)
  File "/usr/local/lib/python3.10/smtplib.py", line 312, in _get_socket
    return socket.create_connection((host, port), timeout,
  File "/usr/local/lib/python3.10/socket.py", line 857, in create_connection
    raise err
  File "/usr/local/lib/python3.10/socket.py", line 845, in create_connection
    sock.connect(sa)
ConnectionRefusedError: [Errno 111] Connection refused
[2025-11-14T14:34:28.047+0000] {local_task_job_runner.py:266} INFO - Task exited with return code 0
[2025-11-14T14:34:28.100+0000] {taskinstance.py:3900} INFO - 1 downstream tasks scheduled from follow-on schedule check
[2025-11-14T14:34:28.107+0000] {local_task_job_runner.py:245} INFO - ::endgroup::
